[2025-12-16T21:25:03.403+0000] {manager.py:470} INFO - Processing files using up to 2 processes at a time 
[2025-12-16T21:25:03.404+0000] {manager.py:471} INFO - Process each file at most once every 30 seconds
[2025-12-16T21:25:03.404+0000] {manager.py:472} INFO - Checking for new files in /opt/airflow/dags every 300 seconds
[2025-12-16T21:25:03.404+0000] {manager.py:737} INFO - Searching for files in /opt/airflow/dags
[2025-12-16T21:25:03.405+0000] {manager.py:740} INFO - There are 0 files in /opt/airflow/dags
[2025-12-16T21:30:03.835+0000] {manager.py:737} INFO - Searching for files in /opt/airflow/dags
[2025-12-16T21:30:03.844+0000] {manager.py:740} INFO - There are 1 files in /opt/airflow/dags
[2025-12-16T21:30:05.898+0000] {manager.py:878} INFO - 
================================================================================
DAG File Processing Stats

File Path                            PID    Runtime      # DAGs    # Errors  Last Runtime    Last Run
-----------------------------------  -----  ---------  --------  ----------  --------------  -------------------
/opt/airflow/dags/openaq_elt_dag.py                           1           0  0.25s           2025-12-16T21:30:04
================================================================================
[2025-12-16T21:30:36.195+0000] {manager.py:878} INFO - 
================================================================================
DAG File Processing Stats

File Path                            PID    Runtime      # DAGs    # Errors  Last Runtime    Last Run
-----------------------------------  -----  ---------  --------  ----------  --------------  -------------------
/opt/airflow/dags/openaq_elt_dag.py                           1           0  0.07s           2025-12-16T21:30:34
================================================================================
[2025-12-16T21:31:06.510+0000] {manager.py:878} INFO - 
================================================================================
DAG File Processing Stats

File Path                            PID    Runtime      # DAGs    # Errors  Last Runtime    Last Run
-----------------------------------  -----  ---------  --------  ----------  --------------  -------------------
/opt/airflow/dags/openaq_elt_dag.py                           1           0  0.07s           2025-12-16T21:31:04
================================================================================
[2025-12-16T21:31:13.689+0000] {manager.py:452} INFO - Exiting gracefully upon receiving signal 15
[2025-12-16T21:31:29.762+0000] {manager.py:470} INFO - Processing files using up to 2 processes at a time 
[2025-12-16T21:31:29.762+0000] {manager.py:471} INFO - Process each file at most once every 30 seconds
[2025-12-16T21:31:29.763+0000] {manager.py:472} INFO - Checking for new files in /opt/airflow/dags every 300 seconds
[2025-12-16T21:31:29.763+0000] {manager.py:737} INFO - Searching for files in /opt/airflow/dags
[2025-12-16T21:31:29.766+0000] {manager.py:740} INFO - There are 1 files in /opt/airflow/dags
[2025-12-16T21:31:29.816+0000] {manager.py:878} INFO - 
================================================================================
DAG File Processing Stats

File Path                              PID  Runtime      # DAGs    # Errors  Last Runtime    Last Run
-----------------------------------  -----  ---------  --------  ----------  --------------  ----------
/opt/airflow/dags/openaq_elt_dag.py    164  0.03s             0           0
================================================================================
[2025-12-16T21:32:00.047+0000] {manager.py:878} INFO - 
================================================================================
DAG File Processing Stats

File Path                              PID  Runtime      # DAGs    # Errors  Last Runtime    Last Run
-----------------------------------  -----  ---------  --------  ----------  --------------  -------------------
/opt/airflow/dags/openaq_elt_dag.py    169  0.02s             1           0  0.12s           2025-12-16T21:31:29
================================================================================
[2025-12-16T21:32:30.350+0000] {manager.py:878} INFO - 
================================================================================
DAG File Processing Stats

File Path                              PID  Runtime      # DAGs    # Errors  Last Runtime    Last Run
-----------------------------------  -----  ---------  --------  ----------  --------------  -------------------
/opt/airflow/dags/openaq_elt_dag.py    174  0.01s             1           0  0.15s           2025-12-16T21:32:00
================================================================================
[2025-12-16T21:33:00.668+0000] {manager.py:878} INFO - 
================================================================================
DAG File Processing Stats

File Path                              PID  Runtime      # DAGs    # Errors  Last Runtime    Last Run
-----------------------------------  -----  ---------  --------  ----------  --------------  -------------------
/opt/airflow/dags/openaq_elt_dag.py    179  0.01s             1           0  0.10s           2025-12-16T21:32:30
================================================================================
[2025-12-16T21:33:30.956+0000] {manager.py:878} INFO - 
================================================================================
DAG File Processing Stats

File Path                              PID  Runtime      # DAGs    # Errors  Last Runtime    Last Run
-----------------------------------  -----  ---------  --------  ----------  --------------  -------------------
/opt/airflow/dags/openaq_elt_dag.py    196  0.00s             1           0  0.09s           2025-12-16T21:33:00
================================================================================
[2025-12-16T21:34:01.235+0000] {manager.py:878} INFO - 
================================================================================
DAG File Processing Stats

File Path                              PID  Runtime      # DAGs    # Errors  Last Runtime    Last Run
-----------------------------------  -----  ---------  --------  ----------  --------------  -------------------
/opt/airflow/dags/openaq_elt_dag.py    201  0.01s             1           0  0.07s           2025-12-16T21:33:31
================================================================================
[2025-12-16T21:34:31.557+0000] {manager.py:878} INFO - 
================================================================================
DAG File Processing Stats

File Path                              PID  Runtime      # DAGs    # Errors  Last Runtime    Last Run
-----------------------------------  -----  ---------  --------  ----------  --------------  -------------------
/opt/airflow/dags/openaq_elt_dag.py    206  0.01s             1           0  0.11s           2025-12-16T21:34:01
================================================================================
[2025-12-16T21:35:01.819+0000] {manager.py:878} INFO - 
================================================================================
DAG File Processing Stats

File Path                              PID  Runtime      # DAGs    # Errors  Last Runtime    Last Run
-----------------------------------  -----  ---------  --------  ----------  --------------  -------------------
/opt/airflow/dags/openaq_elt_dag.py    211  0.01s             1           0  0.09s           2025-12-16T21:34:31
================================================================================
[2025-12-16T21:35:32.099+0000] {manager.py:878} INFO - 
================================================================================
DAG File Processing Stats

File Path                              PID  Runtime      # DAGs    # Errors  Last Runtime    Last Run
-----------------------------------  -----  ---------  --------  ----------  --------------  -------------------
/opt/airflow/dags/openaq_elt_dag.py    216  0.01s             1           0  0.05s           2025-12-16T21:35:01
================================================================================
[2025-12-16T21:36:02.383+0000] {manager.py:878} INFO - 
================================================================================
DAG File Processing Stats

File Path                              PID  Runtime      # DAGs    # Errors  Last Runtime    Last Run
-----------------------------------  -----  ---------  --------  ----------  --------------  -------------------
/opt/airflow/dags/openaq_elt_dag.py    221  0.01s             1           0  0.10s           2025-12-16T21:35:32
================================================================================
[2025-12-16T21:36:30.655+0000] {manager.py:737} INFO - Searching for files in /opt/airflow/dags
[2025-12-16T21:36:30.663+0000] {manager.py:740} INFO - There are 1 files in /opt/airflow/dags
[2025-12-16T21:36:32.716+0000] {manager.py:878} INFO - 
================================================================================
DAG File Processing Stats

File Path                              PID  Runtime      # DAGs    # Errors  Last Runtime    Last Run
-----------------------------------  -----  ---------  --------  ----------  --------------  -------------------
/opt/airflow/dags/openaq_elt_dag.py    226  0.01s             1           0  0.08s           2025-12-16T21:36:02
================================================================================
[2025-12-16T21:37:03.013+0000] {manager.py:878} INFO - 
================================================================================
DAG File Processing Stats

File Path                              PID  Runtime      # DAGs    # Errors  Last Runtime    Last Run
-----------------------------------  -----  ---------  --------  ----------  --------------  -------------------
/opt/airflow/dags/openaq_elt_dag.py    231  0.01s             1           0  0.09s           2025-12-16T21:36:32
================================================================================
[2025-12-16T21:37:33.368+0000] {manager.py:878} INFO - 
================================================================================
DAG File Processing Stats

File Path                              PID  Runtime      # DAGs    # Errors  Last Runtime    Last Run
-----------------------------------  -----  ---------  --------  ----------  --------------  -------------------
/opt/airflow/dags/openaq_elt_dag.py    236  0.02s             1           0  0.09s           2025-12-16T21:37:03
================================================================================
[2025-12-16T21:38:03.701+0000] {manager.py:878} INFO - 
================================================================================
DAG File Processing Stats

File Path                              PID  Runtime      # DAGs    # Errors  Last Runtime    Last Run
-----------------------------------  -----  ---------  --------  ----------  --------------  -------------------
/opt/airflow/dags/openaq_elt_dag.py    241  0.01s             1           0  0.13s           2025-12-16T21:37:33
================================================================================
[2025-12-16T21:38:34.038+0000] {manager.py:878} INFO - 
================================================================================
DAG File Processing Stats

File Path                              PID  Runtime      # DAGs    # Errors  Last Runtime    Last Run
-----------------------------------  -----  ---------  --------  ----------  --------------  -------------------
/opt/airflow/dags/openaq_elt_dag.py    246  0.01s             1           0  0.13s           2025-12-16T21:38:03
================================================================================
[2025-12-16T21:39:04.423+0000] {manager.py:878} INFO - 
================================================================================
DAG File Processing Stats

File Path                              PID  Runtime      # DAGs    # Errors  Last Runtime    Last Run
-----------------------------------  -----  ---------  --------  ----------  --------------  -------------------
/opt/airflow/dags/openaq_elt_dag.py    251  0.01s             1           0  0.12s           2025-12-16T21:38:34
================================================================================
[2025-12-16T21:39:34.727+0000] {manager.py:878} INFO - 
================================================================================
DAG File Processing Stats

File Path                              PID  Runtime      # DAGs    # Errors  Last Runtime    Last Run
-----------------------------------  -----  ---------  --------  ----------  --------------  -------------------
/opt/airflow/dags/openaq_elt_dag.py    256  0.02s             1           0  0.14s           2025-12-16T21:39:04
================================================================================
[2025-12-16T21:39:55.626+0000] {manager.py:452} INFO - Exiting gracefully upon receiving signal 15
[2025-12-16T21:40:12.858+0000] {manager.py:470} INFO - Processing files using up to 2 processes at a time 
[2025-12-16T21:40:12.859+0000] {manager.py:471} INFO - Process each file at most once every 30 seconds
[2025-12-16T21:40:12.861+0000] {manager.py:472} INFO - Checking for new files in /opt/airflow/dags every 300 seconds
[2025-12-16T21:40:12.862+0000] {manager.py:737} INFO - Searching for files in /opt/airflow/dags
[2025-12-16T21:40:12.867+0000] {manager.py:740} INFO - There are 1 files in /opt/airflow/dags
[2025-12-16T21:40:12.973+0000] {manager.py:878} INFO - 
================================================================================
DAG File Processing Stats

File Path                              PID  Runtime      # DAGs    # Errors  Last Runtime    Last Run
-----------------------------------  -----  ---------  --------  ----------  --------------  ----------
/opt/airflow/dags/openaq_elt_dag.py    163  0.05s             0           0
================================================================================
[2025-12-16T21:40:38.014+0000] {manager.py:470} INFO - Processing files using up to 2 processes at a time 
[2025-12-16T21:40:38.014+0000] {manager.py:471} INFO - Process each file at most once every 30 seconds
[2025-12-16T21:40:38.014+0000] {manager.py:472} INFO - Checking for new files in /opt/airflow/dags every 300 seconds
[2025-12-16T21:40:38.014+0000] {manager.py:737} INFO - Searching for files in /opt/airflow/dags
[2025-12-16T21:40:38.016+0000] {manager.py:740} INFO - There are 1 files in /opt/airflow/dags
[2025-12-16T21:40:38.061+0000] {manager.py:878} INFO - 
================================================================================
DAG File Processing Stats

File Path                              PID  Runtime      # DAGs    # Errors  Last Runtime    Last Run
-----------------------------------  -----  ---------  --------  ----------  --------------  ----------
/opt/airflow/dags/openaq_elt_dag.py    164  0.02s             0           0
================================================================================
[2025-12-16T21:41:08.268+0000] {manager.py:878} INFO - 
================================================================================
DAG File Processing Stats

File Path                              PID  Runtime      # DAGs    # Errors  Last Runtime    Last Run
-----------------------------------  -----  ---------  --------  ----------  --------------  -------------------
/opt/airflow/dags/openaq_elt_dag.py    171  0.00s             1           0  0.13s           2025-12-16T21:40:38
================================================================================
[2025-12-16T21:41:38.708+0000] {manager.py:878} INFO - 
================================================================================
DAG File Processing Stats

File Path                              PID  Runtime      # DAGs    # Errors  Last Runtime    Last Run
-----------------------------------  -----  ---------  --------  ----------  --------------  -------------------
/opt/airflow/dags/openaq_elt_dag.py    186  0.01s             1           0  0.20s           2025-12-16T21:41:08
================================================================================
[2025-12-16T21:42:08.930+0000] {manager.py:878} INFO - 
================================================================================
DAG File Processing Stats

File Path                              PID  Runtime      # DAGs    # Errors  Last Runtime    Last Run
-----------------------------------  -----  ---------  --------  ----------  --------------  -------------------
/opt/airflow/dags/openaq_elt_dag.py    191  0.01s             1           0  0.11s           2025-12-16T21:41:38
================================================================================
[2025-12-16T21:42:39.180+0000] {manager.py:878} INFO - 
================================================================================
DAG File Processing Stats

File Path                              PID  Runtime      # DAGs    # Errors  Last Runtime    Last Run
-----------------------------------  -----  ---------  --------  ----------  --------------  -------------------
/opt/airflow/dags/openaq_elt_dag.py    196  0.01s             1           0  0.09s           2025-12-16T21:42:09
================================================================================
[2025-12-16T21:43:09.408+0000] {manager.py:878} INFO - 
================================================================================
DAG File Processing Stats

File Path                              PID  Runtime      # DAGs    # Errors  Last Runtime    Last Run
-----------------------------------  -----  ---------  --------  ----------  --------------  -------------------
/opt/airflow/dags/openaq_elt_dag.py    201  0.01s             1           0  0.10s           2025-12-16T21:42:39
================================================================================
[2025-12-16T21:43:39.681+0000] {manager.py:878} INFO - 
================================================================================
DAG File Processing Stats

File Path                              PID  Runtime      # DAGs    # Errors  Last Runtime    Last Run
-----------------------------------  -----  ---------  --------  ----------  --------------  -------------------
/opt/airflow/dags/openaq_elt_dag.py    218  0.01s             1           0  0.08s           2025-12-16T21:43:09
================================================================================
[2025-12-16T21:44:09.910+0000] {manager.py:878} INFO - 
================================================================================
DAG File Processing Stats

File Path                              PID  Runtime      # DAGs    # Errors  Last Runtime    Last Run
-----------------------------------  -----  ---------  --------  ----------  --------------  -------------------
/opt/airflow/dags/openaq_elt_dag.py    223  0.00s             1           0  0.08s           2025-12-16T21:43:39
================================================================================
[2025-12-16T21:44:40.160+0000] {manager.py:878} INFO - 
================================================================================
DAG File Processing Stats

File Path                              PID  Runtime      # DAGs    # Errors  Last Runtime    Last Run
-----------------------------------  -----  ---------  --------  ----------  --------------  -------------------
/opt/airflow/dags/openaq_elt_dag.py    228  0.01s             1           0  0.05s           2025-12-16T21:44:09
================================================================================
[2025-12-16T21:45:10.469+0000] {manager.py:878} INFO - 
================================================================================
DAG File Processing Stats

File Path                              PID  Runtime      # DAGs    # Errors  Last Runtime    Last Run
-----------------------------------  -----  ---------  --------  ----------  --------------  -------------------
/opt/airflow/dags/openaq_elt_dag.py    265  0.01s             1           0  0.08s           2025-12-16T21:44:40
================================================================================
[2025-12-16T21:45:38.728+0000] {manager.py:737} INFO - Searching for files in /opt/airflow/dags
[2025-12-16T21:45:38.740+0000] {manager.py:740} INFO - There are 1 files in /opt/airflow/dags
[2025-12-16T21:45:40.779+0000] {manager.py:878} INFO - 
================================================================================
DAG File Processing Stats

File Path                              PID  Runtime      # DAGs    # Errors  Last Runtime    Last Run
-----------------------------------  -----  ---------  --------  ----------  --------------  -------------------
/opt/airflow/dags/openaq_elt_dag.py    270  0.01s             1           0  0.10s           2025-12-16T21:45:10
================================================================================
[2025-12-16T21:46:11.064+0000] {manager.py:878} INFO - 
================================================================================
DAG File Processing Stats

File Path                              PID  Runtime      # DAGs    # Errors  Last Runtime    Last Run
-----------------------------------  -----  ---------  --------  ----------  --------------  -------------------
/opt/airflow/dags/openaq_elt_dag.py    275  0.00s             1           0  0.19s           2025-12-16T21:45:40
================================================================================
[2025-12-16T21:46:41.420+0000] {manager.py:878} INFO - 
================================================================================
DAG File Processing Stats

File Path                              PID  Runtime      # DAGs    # Errors  Last Runtime    Last Run
-----------------------------------  -----  ---------  --------  ----------  --------------  -------------------
/opt/airflow/dags/openaq_elt_dag.py    280  0.01s             1           0  0.11s           2025-12-16T21:46:11
================================================================================
[2025-12-16T21:47:11.704+0000] {manager.py:878} INFO - 
================================================================================
DAG File Processing Stats

File Path                              PID  Runtime      # DAGs    # Errors  Last Runtime    Last Run
-----------------------------------  -----  ---------  --------  ----------  --------------  -------------------
/opt/airflow/dags/openaq_elt_dag.py    285  0.01s             1           0  0.05s           2025-12-16T21:46:41
================================================================================
[2025-12-16T21:47:42.016+0000] {manager.py:878} INFO - 
================================================================================
DAG File Processing Stats

File Path                              PID  Runtime      # DAGs    # Errors  Last Runtime    Last Run
-----------------------------------  -----  ---------  --------  ----------  --------------  -------------------
/opt/airflow/dags/openaq_elt_dag.py    290  0.01s             1           0  0.11s           2025-12-16T21:47:11
================================================================================
[2025-12-16T21:50:22.363+0000] {manager.py:470} INFO - Processing files using up to 2 processes at a time 
[2025-12-16T21:50:22.368+0000] {manager.py:471} INFO - Process each file at most once every 30 seconds
[2025-12-16T21:50:22.368+0000] {manager.py:472} INFO - Checking for new files in /opt/airflow/dags every 300 seconds
[2025-12-16T21:50:22.368+0000] {manager.py:737} INFO - Searching for files in /opt/airflow/dags
[2025-12-16T21:50:22.370+0000] {manager.py:740} INFO - There are 1 files in /opt/airflow/dags
[2025-12-16T21:50:22.419+0000] {manager.py:878} INFO - 
================================================================================
DAG File Processing Stats

File Path                              PID  Runtime      # DAGs    # Errors  Last Runtime    Last Run
-----------------------------------  -----  ---------  --------  ----------  --------------  ----------
/opt/airflow/dags/openaq_elt_dag.py    163  0.03s             0           0
================================================================================
[2025-12-16T21:50:52.651+0000] {manager.py:878} INFO - 
================================================================================
DAG File Processing Stats

File Path                              PID  Runtime      # DAGs    # Errors  Last Runtime    Last Run
-----------------------------------  -----  ---------  --------  ----------  --------------  -------------------
/opt/airflow/dags/openaq_elt_dag.py    182  0.01s             1           0  0.07s           2025-12-16T21:50:22
================================================================================
[2025-12-16T21:51:22.850+0000] {manager.py:878} INFO - 
================================================================================
DAG File Processing Stats

File Path                            PID    Runtime      # DAGs    # Errors  Last Runtime    Last Run
-----------------------------------  -----  ---------  --------  ----------  --------------  -------------------
/opt/airflow/dags/openaq_elt_dag.py                           1           0  0.29s           2025-12-16T21:50:52
================================================================================
[2025-12-16T21:51:53.451+0000] {manager.py:878} INFO - 
================================================================================
DAG File Processing Stats

File Path                              PID  Runtime      # DAGs    # Errors  Last Runtime    Last Run
-----------------------------------  -----  ---------  --------  ----------  --------------  -------------------
/opt/airflow/dags/openaq_elt_dag.py    204  0.00s             1           0  0.12s           2025-12-16T21:51:23
================================================================================
[2025-12-16T21:52:23.790+0000] {manager.py:878} INFO - 
================================================================================
DAG File Processing Stats

File Path                              PID  Runtime      # DAGs    # Errors  Last Runtime    Last Run
-----------------------------------  -----  ---------  --------  ----------  --------------  -------------------
/opt/airflow/dags/openaq_elt_dag.py    209  0.01s             1           0  0.07s           2025-12-16T21:51:53
================================================================================
[2025-12-16T21:52:54.124+0000] {manager.py:878} INFO - 
================================================================================
DAG File Processing Stats

File Path                              PID  Runtime      # DAGs    # Errors  Last Runtime    Last Run
-----------------------------------  -----  ---------  --------  ----------  --------------  -------------------
/opt/airflow/dags/openaq_elt_dag.py    214  0.01s             1           0  0.06s           2025-12-16T21:52:23
================================================================================
[2025-12-16T21:53:24.448+0000] {manager.py:878} INFO - 
================================================================================
DAG File Processing Stats

File Path                              PID  Runtime      # DAGs    # Errors  Last Runtime    Last Run
-----------------------------------  -----  ---------  --------  ----------  --------------  -------------------
/opt/airflow/dags/openaq_elt_dag.py    219  0.01s             1           0  0.09s           2025-12-16T21:52:54
================================================================================
[2025-12-16T21:53:54.764+0000] {manager.py:878} INFO - 
================================================================================
DAG File Processing Stats

File Path                              PID  Runtime      # DAGs    # Errors  Last Runtime    Last Run
-----------------------------------  -----  ---------  --------  ----------  --------------  -------------------
/opt/airflow/dags/openaq_elt_dag.py    224  0.01s             1           0  0.07s           2025-12-16T21:53:24
================================================================================
[2025-12-16T21:54:25.089+0000] {manager.py:878} INFO - 
================================================================================
DAG File Processing Stats

File Path                              PID  Runtime      # DAGs    # Errors  Last Runtime    Last Run
-----------------------------------  -----  ---------  --------  ----------  --------------  -------------------
/opt/airflow/dags/openaq_elt_dag.py    229  0.01s             1           0  0.09s           2025-12-16T21:53:54
================================================================================
[2025-12-16T21:54:55.383+0000] {manager.py:878} INFO - 
================================================================================
DAG File Processing Stats

File Path                              PID  Runtime      # DAGs    # Errors  Last Runtime    Last Run
-----------------------------------  -----  ---------  --------  ----------  --------------  -------------------
/opt/airflow/dags/openaq_elt_dag.py    234  0.01s             1           0  0.09s           2025-12-16T21:54:25
================================================================================
[2025-12-16T21:55:22.608+0000] {manager.py:737} INFO - Searching for files in /opt/airflow/dags
[2025-12-16T21:55:22.615+0000] {manager.py:740} INFO - There are 1 files in /opt/airflow/dags
[2025-12-16T21:55:25.656+0000] {manager.py:878} INFO - 
================================================================================
DAG File Processing Stats

File Path                              PID  Runtime      # DAGs    # Errors  Last Runtime    Last Run
-----------------------------------  -----  ---------  --------  ----------  --------------  -------------------
/opt/airflow/dags/openaq_elt_dag.py    239  0.01s             1           0  0.08s           2025-12-16T21:54:55
================================================================================
[2025-12-16T21:55:55.932+0000] {manager.py:878} INFO - 
================================================================================
DAG File Processing Stats

File Path                              PID  Runtime      # DAGs    # Errors  Last Runtime    Last Run
-----------------------------------  -----  ---------  --------  ----------  --------------  -------------------
/opt/airflow/dags/openaq_elt_dag.py    244  0.01s             1           0  0.07s           2025-12-16T21:55:25
================================================================================
[2025-12-16T21:56:26.216+0000] {manager.py:878} INFO - 
================================================================================
DAG File Processing Stats

File Path                              PID  Runtime      # DAGs    # Errors  Last Runtime    Last Run
-----------------------------------  -----  ---------  --------  ----------  --------------  -------------------
/opt/airflow/dags/openaq_elt_dag.py    249  0.01s             1           0  0.09s           2025-12-16T21:55:56
================================================================================
[2025-12-16T21:56:56.588+0000] {manager.py:878} INFO - 
================================================================================
DAG File Processing Stats

File Path                              PID  Runtime      # DAGs    # Errors  Last Runtime    Last Run
-----------------------------------  -----  ---------  --------  ----------  --------------  -------------------
/opt/airflow/dags/openaq_elt_dag.py    266  0.01s             1           0  0.07s           2025-12-16T21:56:26
================================================================================
[2025-12-16T21:58:12.510+0000] {manager.py:878} INFO - 
================================================================================
DAG File Processing Stats

File Path                            PID    Runtime      # DAGs    # Errors  Last Runtime    Last Run
-----------------------------------  -----  ---------  --------  ----------  --------------  -------------------
/opt/airflow/dags/openaq_elt_dag.py                           1           0  0.09s           2025-12-16T21:58:00
================================================================================
[2025-12-16T22:01:39.342+0000] {manager.py:737} INFO - Searching for files in /opt/airflow/dags
[2025-12-16T22:01:39.350+0000] {manager.py:740} INFO - There are 1 files in /opt/airflow/dags
[2025-12-16T22:01:51.527+0000] {manager.py:878} INFO - 
================================================================================
DAG File Processing Stats

File Path                            PID    Runtime      # DAGs    # Errors  Last Runtime    Last Run
-----------------------------------  -----  ---------  --------  ----------  --------------  -------------------
/opt/airflow/dags/openaq_elt_dag.py                           1           0  0.10s           2025-12-16T22:01:39
================================================================================
[2025-12-16T22:02:21.878+0000] {manager.py:878} INFO - 
================================================================================
DAG File Processing Stats

File Path                            PID    Runtime      # DAGs    # Errors  Last Runtime    Last Run
-----------------------------------  -----  ---------  --------  ----------  --------------  -------------------
/opt/airflow/dags/openaq_elt_dag.py                           1           0  0.07s           2025-12-16T22:02:09
================================================================================
[2025-12-16T22:02:52.235+0000] {manager.py:878} INFO - 
================================================================================
DAG File Processing Stats

File Path                            PID    Runtime      # DAGs    # Errors  Last Runtime    Last Run
-----------------------------------  -----  ---------  --------  ----------  --------------  -------------------
/opt/airflow/dags/openaq_elt_dag.py                           1           0  0.09s           2025-12-16T22:02:40
================================================================================
[2025-12-16T22:03:22.645+0000] {manager.py:878} INFO - 
================================================================================
DAG File Processing Stats

File Path                            PID    Runtime      # DAGs    # Errors  Last Runtime    Last Run
-----------------------------------  -----  ---------  --------  ----------  --------------  -------------------
/opt/airflow/dags/openaq_elt_dag.py                           1           0  0.05s           2025-12-16T22:03:10
================================================================================
[2025-12-16T22:03:53.168+0000] {manager.py:878} INFO - 
================================================================================
DAG File Processing Stats

File Path                            PID    Runtime      # DAGs    # Errors  Last Runtime    Last Run
-----------------------------------  -----  ---------  --------  ----------  --------------  -------------------
/opt/airflow/dags/openaq_elt_dag.py                           1           0  0.07s           2025-12-16T22:03:40
================================================================================
[2025-12-16T22:08:14.000+0000] {manager.py:737} INFO - Searching for files in /opt/airflow/dags
[2025-12-16T22:08:14.007+0000] {manager.py:740} INFO - There are 1 files in /opt/airflow/dags
[2025-12-16T22:08:28.176+0000] {manager.py:878} INFO - 
================================================================================
DAG File Processing Stats

File Path                            PID    Runtime      # DAGs    # Errors  Last Runtime    Last Run
-----------------------------------  -----  ---------  --------  ----------  --------------  -------------------
/opt/airflow/dags/openaq_elt_dag.py                           1           0  0.10s           2025-12-16T22:08:14
================================================================================
[2025-12-16T22:08:58.522+0000] {manager.py:878} INFO - 
================================================================================
DAG File Processing Stats

File Path                            PID    Runtime      # DAGs    # Errors  Last Runtime    Last Run
-----------------------------------  -----  ---------  --------  ----------  --------------  -------------------
/opt/airflow/dags/openaq_elt_dag.py                           1           0  0.12s           2025-12-16T22:08:44
================================================================================
[2025-12-16T22:09:28.877+0000] {manager.py:878} INFO - 
================================================================================
DAG File Processing Stats

File Path                            PID    Runtime      # DAGs    # Errors  Last Runtime    Last Run
-----------------------------------  -----  ---------  --------  ----------  --------------  -------------------
/opt/airflow/dags/openaq_elt_dag.py                           1           0  0.08s           2025-12-16T22:09:14
================================================================================
[2025-12-16T22:09:59.147+0000] {manager.py:878} INFO - 
================================================================================
DAG File Processing Stats

File Path                            PID    Runtime      # DAGs    # Errors  Last Runtime    Last Run
-----------------------------------  -----  ---------  --------  ----------  --------------  -------------------
/opt/airflow/dags/openaq_elt_dag.py                           1           0  0.11s           2025-12-16T22:09:45
================================================================================
[2025-12-16T22:10:29.464+0000] {manager.py:878} INFO - 
================================================================================
DAG File Processing Stats

File Path                            PID    Runtime      # DAGs    # Errors  Last Runtime    Last Run
-----------------------------------  -----  ---------  --------  ----------  --------------  -------------------
/opt/airflow/dags/openaq_elt_dag.py                           1           0  0.11s           2025-12-16T22:10:15
================================================================================
[2025-12-16T22:10:59.755+0000] {manager.py:878} INFO - 
================================================================================
DAG File Processing Stats

File Path                            PID    Runtime      # DAGs    # Errors  Last Runtime    Last Run
-----------------------------------  -----  ---------  --------  ----------  --------------  -------------------
/opt/airflow/dags/openaq_elt_dag.py                           1           0  0.08s           2025-12-16T22:10:45
================================================================================
[2025-12-16T22:11:30.037+0000] {manager.py:878} INFO - 
================================================================================
DAG File Processing Stats

File Path                            PID    Runtime      # DAGs    # Errors  Last Runtime    Last Run
-----------------------------------  -----  ---------  --------  ----------  --------------  -------------------
/opt/airflow/dags/openaq_elt_dag.py                           1           0  0.12s           2025-12-16T22:11:16
================================================================================
[2025-12-16T22:12:00.437+0000] {manager.py:878} INFO - 
================================================================================
DAG File Processing Stats

File Path                            PID    Runtime      # DAGs    # Errors  Last Runtime    Last Run
-----------------------------------  -----  ---------  --------  ----------  --------------  -------------------
/opt/airflow/dags/openaq_elt_dag.py                           1           0  0.13s           2025-12-16T22:11:46
================================================================================
[2025-12-16T22:12:30.746+0000] {manager.py:878} INFO - 
================================================================================
DAG File Processing Stats

File Path                            PID    Runtime      # DAGs    # Errors  Last Runtime    Last Run
-----------------------------------  -----  ---------  --------  ----------  --------------  -------------------
/opt/airflow/dags/openaq_elt_dag.py                           1           0  0.07s           2025-12-16T22:12:16
================================================================================
[2025-12-16T22:13:01.034+0000] {manager.py:878} INFO - 
================================================================================
DAG File Processing Stats

File Path                            PID    Runtime      # DAGs    # Errors  Last Runtime    Last Run
-----------------------------------  -----  ---------  --------  ----------  --------------  -------------------
/opt/airflow/dags/openaq_elt_dag.py                           1           0  0.12s           2025-12-16T22:12:47
================================================================================
[2025-12-16T22:13:14.168+0000] {manager.py:737} INFO - Searching for files in /opt/airflow/dags
[2025-12-16T22:13:14.174+0000] {manager.py:740} INFO - There are 1 files in /opt/airflow/dags
[2025-12-16T22:13:31.395+0000] {manager.py:878} INFO - 
================================================================================
DAG File Processing Stats

File Path                            PID    Runtime      # DAGs    # Errors  Last Runtime    Last Run
-----------------------------------  -----  ---------  --------  ----------  --------------  -------------------
/opt/airflow/dags/openaq_elt_dag.py                           1           0  0.12s           2025-12-16T22:13:17
================================================================================
[2025-12-16T22:14:01.669+0000] {manager.py:878} INFO - 
================================================================================
DAG File Processing Stats

File Path                            PID    Runtime      # DAGs    # Errors  Last Runtime    Last Run
-----------------------------------  -----  ---------  --------  ----------  --------------  -------------------
/opt/airflow/dags/openaq_elt_dag.py                           1           0  0.09s           2025-12-16T22:13:47
================================================================================
[2025-12-16T22:14:31.937+0000] {manager.py:878} INFO - 
================================================================================
DAG File Processing Stats

File Path                            PID    Runtime      # DAGs    # Errors  Last Runtime    Last Run
-----------------------------------  -----  ---------  --------  ----------  --------------  -------------------
/opt/airflow/dags/openaq_elt_dag.py                           1           0  0.09s           2025-12-16T22:14:17
================================================================================
[2025-12-16T22:15:02.252+0000] {manager.py:878} INFO - 
================================================================================
DAG File Processing Stats

File Path                            PID    Runtime      # DAGs    # Errors  Last Runtime    Last Run
-----------------------------------  -----  ---------  --------  ----------  --------------  -------------------
/opt/airflow/dags/openaq_elt_dag.py                           1           0  0.11s           2025-12-16T22:14:48
================================================================================
[2025-12-16T22:15:32.538+0000] {manager.py:878} INFO - 
================================================================================
DAG File Processing Stats

File Path                            PID    Runtime      # DAGs    # Errors  Last Runtime    Last Run
-----------------------------------  -----  ---------  --------  ----------  --------------  -------------------
/opt/airflow/dags/openaq_elt_dag.py                           1           0  0.11s           2025-12-16T22:15:18
================================================================================
[2025-12-16T22:16:02.858+0000] {manager.py:878} INFO - 
================================================================================
DAG File Processing Stats

File Path                            PID    Runtime      # DAGs    # Errors  Last Runtime    Last Run
-----------------------------------  -----  ---------  --------  ----------  --------------  -------------------
/opt/airflow/dags/openaq_elt_dag.py                           1           0  0.13s           2025-12-16T22:15:48
================================================================================
[2025-12-16T22:16:33.196+0000] {manager.py:878} INFO - 
================================================================================
DAG File Processing Stats

File Path                            PID    Runtime      # DAGs    # Errors  Last Runtime    Last Run
-----------------------------------  -----  ---------  --------  ----------  --------------  -------------------
/opt/airflow/dags/openaq_elt_dag.py                           1           0  0.12s           2025-12-16T22:16:19
================================================================================
[2025-12-16T22:17:03.515+0000] {manager.py:878} INFO - 
================================================================================
DAG File Processing Stats

File Path                            PID    Runtime      # DAGs    # Errors  Last Runtime    Last Run
-----------------------------------  -----  ---------  --------  ----------  --------------  -------------------
/opt/airflow/dags/openaq_elt_dag.py                           1           0  0.09s           2025-12-16T22:16:49
================================================================================
[2025-12-16T22:17:33.864+0000] {manager.py:878} INFO - 
================================================================================
DAG File Processing Stats

File Path                            PID    Runtime      # DAGs    # Errors  Last Runtime    Last Run
-----------------------------------  -----  ---------  --------  ----------  --------------  -------------------
/opt/airflow/dags/openaq_elt_dag.py                           1           0  0.14s           2025-12-16T22:17:19
================================================================================
[2025-12-16T22:18:04.175+0000] {manager.py:878} INFO - 
================================================================================
DAG File Processing Stats

File Path                            PID    Runtime      # DAGs    # Errors  Last Runtime    Last Run
-----------------------------------  -----  ---------  --------  ----------  --------------  -------------------
/opt/airflow/dags/openaq_elt_dag.py                           1           0  0.12s           2025-12-16T22:17:50
================================================================================
[2025-12-16T22:18:14.267+0000] {manager.py:737} INFO - Searching for files in /opt/airflow/dags
[2025-12-16T22:18:14.272+0000] {manager.py:740} INFO - There are 1 files in /opt/airflow/dags
[2025-12-16T22:18:34.521+0000] {manager.py:878} INFO - 
================================================================================
DAG File Processing Stats

File Path                            PID    Runtime      # DAGs    # Errors  Last Runtime    Last Run
-----------------------------------  -----  ---------  --------  ----------  --------------  -------------------
/opt/airflow/dags/openaq_elt_dag.py                           1           0  0.11s           2025-12-16T22:18:20
================================================================================
[2025-12-16T22:19:04.841+0000] {manager.py:878} INFO - 
================================================================================
DAG File Processing Stats

File Path                            PID    Runtime      # DAGs    # Errors  Last Runtime    Last Run
-----------------------------------  -----  ---------  --------  ----------  --------------  -------------------
/opt/airflow/dags/openaq_elt_dag.py                           1           0  0.12s           2025-12-16T22:18:50
================================================================================
[2025-12-16T22:19:35.227+0000] {manager.py:878} INFO - 
================================================================================
DAG File Processing Stats

File Path                            PID    Runtime      # DAGs    # Errors  Last Runtime    Last Run
-----------------------------------  -----  ---------  --------  ----------  --------------  -------------------
/opt/airflow/dags/openaq_elt_dag.py                           1           0  0.12s           2025-12-16T22:19:21
================================================================================
[2025-12-16T22:20:05.544+0000] {manager.py:878} INFO - 
================================================================================
DAG File Processing Stats

File Path                            PID    Runtime      # DAGs    # Errors  Last Runtime    Last Run
-----------------------------------  -----  ---------  --------  ----------  --------------  -------------------
/opt/airflow/dags/openaq_elt_dag.py                           1           0  0.11s           2025-12-16T22:19:51
================================================================================
[2025-12-16T22:20:35.866+0000] {manager.py:878} INFO - 
================================================================================
DAG File Processing Stats

File Path                            PID    Runtime      # DAGs    # Errors  Last Runtime    Last Run
-----------------------------------  -----  ---------  --------  ----------  --------------  -------------------
/opt/airflow/dags/openaq_elt_dag.py                           1           0  0.11s           2025-12-16T22:20:21
================================================================================
[2025-12-16T22:21:06.170+0000] {manager.py:878} INFO - 
================================================================================
DAG File Processing Stats

File Path                            PID    Runtime      # DAGs    # Errors  Last Runtime    Last Run
-----------------------------------  -----  ---------  --------  ----------  --------------  -------------------
/opt/airflow/dags/openaq_elt_dag.py                           1           0  0.09s           2025-12-16T22:20:52
================================================================================
[2025-12-16T22:21:36.488+0000] {manager.py:878} INFO - 
================================================================================
DAG File Processing Stats

File Path                            PID    Runtime      # DAGs    # Errors  Last Runtime    Last Run
-----------------------------------  -----  ---------  --------  ----------  --------------  -------------------
/opt/airflow/dags/openaq_elt_dag.py                           1           0  0.07s           2025-12-16T22:21:22
================================================================================
[2025-12-16T22:22:06.770+0000] {manager.py:878} INFO - 
================================================================================
DAG File Processing Stats

File Path                            PID    Runtime      # DAGs    # Errors  Last Runtime    Last Run
-----------------------------------  -----  ---------  --------  ----------  --------------  -------------------
/opt/airflow/dags/openaq_elt_dag.py                           1           0  0.07s           2025-12-16T22:21:52
================================================================================
[2025-12-16T22:22:37.101+0000] {manager.py:878} INFO - 
================================================================================
DAG File Processing Stats

File Path                            PID    Runtime      # DAGs    # Errors  Last Runtime    Last Run
-----------------------------------  -----  ---------  --------  ----------  --------------  -------------------
/opt/airflow/dags/openaq_elt_dag.py                           1           0  0.09s           2025-12-16T22:22:23
================================================================================
[2025-12-16T22:23:07.404+0000] {manager.py:878} INFO - 
================================================================================
DAG File Processing Stats

File Path                            PID    Runtime      # DAGs    # Errors  Last Runtime    Last Run
-----------------------------------  -----  ---------  --------  ----------  --------------  -------------------
/opt/airflow/dags/openaq_elt_dag.py                           1           0  0.07s           2025-12-16T22:22:53
================================================================================
[2025-12-16T22:23:14.458+0000] {manager.py:737} INFO - Searching for files in /opt/airflow/dags
[2025-12-16T22:23:14.463+0000] {manager.py:740} INFO - There are 1 files in /opt/airflow/dags
[2025-12-16T22:23:37.659+0000] {manager.py:878} INFO - 
================================================================================
DAG File Processing Stats

File Path                            PID    Runtime      # DAGs    # Errors  Last Runtime    Last Run
-----------------------------------  -----  ---------  --------  ----------  --------------  -------------------
/opt/airflow/dags/openaq_elt_dag.py                           1           0  0.07s           2025-12-16T22:23:23
================================================================================
[2025-12-16T22:24:07.914+0000] {manager.py:878} INFO - 
================================================================================
DAG File Processing Stats

File Path                            PID    Runtime      # DAGs    # Errors  Last Runtime    Last Run
-----------------------------------  -----  ---------  --------  ----------  --------------  -------------------
/opt/airflow/dags/openaq_elt_dag.py                           1           0  0.05s           2025-12-16T22:23:53
================================================================================
[2025-12-16T22:24:38.211+0000] {manager.py:878} INFO - 
================================================================================
DAG File Processing Stats

File Path                            PID    Runtime      # DAGs    # Errors  Last Runtime    Last Run
-----------------------------------  -----  ---------  --------  ----------  --------------  -------------------
/opt/airflow/dags/openaq_elt_dag.py                           1           0  0.08s           2025-12-16T22:24:24
================================================================================
[2025-12-16T22:25:08.495+0000] {manager.py:878} INFO - 
================================================================================
DAG File Processing Stats

File Path                            PID    Runtime      # DAGs    # Errors  Last Runtime    Last Run
-----------------------------------  -----  ---------  --------  ----------  --------------  -------------------
/opt/airflow/dags/openaq_elt_dag.py                           1           0  0.09s           2025-12-16T22:24:54
================================================================================
[2025-12-16T22:25:38.797+0000] {manager.py:878} INFO - 
================================================================================
DAG File Processing Stats

File Path                            PID    Runtime      # DAGs    # Errors  Last Runtime    Last Run
-----------------------------------  -----  ---------  --------  ----------  --------------  -------------------
/opt/airflow/dags/openaq_elt_dag.py                           1           0  0.07s           2025-12-16T22:25:24
================================================================================
[2025-12-16T22:26:09.075+0000] {manager.py:878} INFO - 
================================================================================
DAG File Processing Stats

File Path                            PID    Runtime      # DAGs    # Errors  Last Runtime    Last Run
-----------------------------------  -----  ---------  --------  ----------  --------------  -------------------
/opt/airflow/dags/openaq_elt_dag.py                           1           0  0.07s           2025-12-16T22:25:55
================================================================================
[2025-12-16T22:26:39.386+0000] {manager.py:878} INFO - 
================================================================================
DAG File Processing Stats

File Path                            PID    Runtime      # DAGs    # Errors  Last Runtime    Last Run
-----------------------------------  -----  ---------  --------  ----------  --------------  -------------------
/opt/airflow/dags/openaq_elt_dag.py                           1           0  0.07s           2025-12-16T22:26:25
================================================================================
[2025-12-16T22:27:09.661+0000] {manager.py:878} INFO - 
================================================================================
DAG File Processing Stats

File Path                            PID    Runtime      # DAGs    # Errors  Last Runtime    Last Run
-----------------------------------  -----  ---------  --------  ----------  --------------  -------------------
/opt/airflow/dags/openaq_elt_dag.py                           1           0  0.07s           2025-12-16T22:26:55
================================================================================
[2025-12-16T22:27:39.944+0000] {manager.py:878} INFO - 
================================================================================
DAG File Processing Stats

File Path                            PID    Runtime      # DAGs    # Errors  Last Runtime    Last Run
-----------------------------------  -----  ---------  --------  ----------  --------------  -------------------
/opt/airflow/dags/openaq_elt_dag.py                           1           0  0.09s           2025-12-16T22:27:25
================================================================================
[2025-12-16T22:28:10.253+0000] {manager.py:878} INFO - 
================================================================================
DAG File Processing Stats

File Path                            PID    Runtime      # DAGs    # Errors  Last Runtime    Last Run
-----------------------------------  -----  ---------  --------  ----------  --------------  -------------------
/opt/airflow/dags/openaq_elt_dag.py                           1           0  0.07s           2025-12-16T22:27:56
================================================================================
[2025-12-16T22:28:15.301+0000] {manager.py:737} INFO - Searching for files in /opt/airflow/dags
[2025-12-16T22:28:15.307+0000] {manager.py:740} INFO - There are 1 files in /opt/airflow/dags
[2025-12-16T22:28:40.588+0000] {manager.py:878} INFO - 
================================================================================
DAG File Processing Stats

File Path                            PID    Runtime      # DAGs    # Errors  Last Runtime    Last Run
-----------------------------------  -----  ---------  --------  ----------  --------------  -------------------
/opt/airflow/dags/openaq_elt_dag.py                           1           0  0.08s           2025-12-16T22:28:26
================================================================================
[2025-12-16T22:29:10.882+0000] {manager.py:878} INFO - 
================================================================================
DAG File Processing Stats

File Path                            PID    Runtime      # DAGs    # Errors  Last Runtime    Last Run
-----------------------------------  -----  ---------  --------  ----------  --------------  -------------------
/opt/airflow/dags/openaq_elt_dag.py                           1           0  0.07s           2025-12-16T22:28:56
================================================================================
[2025-12-16T22:29:41.159+0000] {manager.py:878} INFO - 
================================================================================
DAG File Processing Stats

File Path                            PID    Runtime      # DAGs    # Errors  Last Runtime    Last Run
-----------------------------------  -----  ---------  --------  ----------  --------------  -------------------
/opt/airflow/dags/openaq_elt_dag.py                           1           0  0.07s           2025-12-16T22:29:27
================================================================================
[2025-12-16T22:30:11.420+0000] {manager.py:878} INFO - 
================================================================================
DAG File Processing Stats

File Path                            PID    Runtime      # DAGs    # Errors  Last Runtime    Last Run
-----------------------------------  -----  ---------  --------  ----------  --------------  -------------------
/opt/airflow/dags/openaq_elt_dag.py                           1           0  0.07s           2025-12-16T22:29:57
================================================================================
[2025-12-16T22:30:41.710+0000] {manager.py:878} INFO - 
================================================================================
DAG File Processing Stats

File Path                            PID    Runtime      # DAGs    # Errors  Last Runtime    Last Run
-----------------------------------  -----  ---------  --------  ----------  --------------  -------------------
/opt/airflow/dags/openaq_elt_dag.py                           1           0  0.07s           2025-12-16T22:30:27
================================================================================
[2025-12-16T22:31:12.003+0000] {manager.py:878} INFO - 
================================================================================
DAG File Processing Stats

File Path                            PID    Runtime      # DAGs    # Errors  Last Runtime    Last Run
-----------------------------------  -----  ---------  --------  ----------  --------------  -------------------
/opt/airflow/dags/openaq_elt_dag.py                           1           0  0.07s           2025-12-16T22:30:57
================================================================================
[2025-12-16T22:31:42.351+0000] {manager.py:878} INFO - 
================================================================================
DAG File Processing Stats

File Path                            PID    Runtime      # DAGs    # Errors  Last Runtime    Last Run
-----------------------------------  -----  ---------  --------  ----------  --------------  -------------------
/opt/airflow/dags/openaq_elt_dag.py                           1           0  0.07s           2025-12-16T22:31:28
================================================================================
[2025-12-16T22:32:12.622+0000] {manager.py:878} INFO - 
================================================================================
DAG File Processing Stats

File Path                            PID    Runtime      # DAGs    # Errors  Last Runtime    Last Run
-----------------------------------  -----  ---------  --------  ----------  --------------  -------------------
/opt/airflow/dags/openaq_elt_dag.py                           1           0  0.06s           2025-12-16T22:31:58
================================================================================
[2025-12-16T22:32:42.885+0000] {manager.py:878} INFO - 
================================================================================
DAG File Processing Stats

File Path                            PID    Runtime      # DAGs    # Errors  Last Runtime    Last Run
-----------------------------------  -----  ---------  --------  ----------  --------------  -------------------
/opt/airflow/dags/openaq_elt_dag.py                           1           0  0.06s           2025-12-16T22:32:28
================================================================================
[2025-12-16T22:33:13.206+0000] {manager.py:878} INFO - 
================================================================================
DAG File Processing Stats

File Path                            PID    Runtime      # DAGs    # Errors  Last Runtime    Last Run
-----------------------------------  -----  ---------  --------  ----------  --------------  -------------------
/opt/airflow/dags/openaq_elt_dag.py                           1           0  0.09s           2025-12-16T22:32:59
================================================================================
[2025-12-16T22:33:16.228+0000] {manager.py:737} INFO - Searching for files in /opt/airflow/dags
[2025-12-16T22:33:16.236+0000] {manager.py:740} INFO - There are 1 files in /opt/airflow/dags
[2025-12-16T22:33:43.542+0000] {manager.py:878} INFO - 
================================================================================
DAG File Processing Stats

File Path                            PID    Runtime      # DAGs    # Errors  Last Runtime    Last Run
-----------------------------------  -----  ---------  --------  ----------  --------------  -------------------
/opt/airflow/dags/openaq_elt_dag.py                           1           0  0.07s           2025-12-16T22:33:29
================================================================================
[2025-12-16T22:34:13.831+0000] {manager.py:878} INFO - 
================================================================================
DAG File Processing Stats

File Path                            PID    Runtime      # DAGs    # Errors  Last Runtime    Last Run
-----------------------------------  -----  ---------  --------  ----------  --------------  -------------------
/opt/airflow/dags/openaq_elt_dag.py                           1           0  0.10s           2025-12-16T22:33:59
================================================================================
[2025-12-16T22:34:44.093+0000] {manager.py:878} INFO - 
================================================================================
DAG File Processing Stats

File Path                            PID    Runtime      # DAGs    # Errors  Last Runtime    Last Run
-----------------------------------  -----  ---------  --------  ----------  --------------  -------------------
/opt/airflow/dags/openaq_elt_dag.py                           1           0  0.08s           2025-12-16T22:34:30
================================================================================
[2025-12-16T22:35:14.367+0000] {manager.py:878} INFO - 
================================================================================
DAG File Processing Stats

File Path                            PID    Runtime      # DAGs    # Errors  Last Runtime    Last Run
-----------------------------------  -----  ---------  --------  ----------  --------------  -------------------
/opt/airflow/dags/openaq_elt_dag.py                           1           0  0.07s           2025-12-16T22:35:00
================================================================================
[2025-12-16T22:35:44.619+0000] {manager.py:878} INFO - 
================================================================================
DAG File Processing Stats

File Path                            PID    Runtime      # DAGs    # Errors  Last Runtime    Last Run
-----------------------------------  -----  ---------  --------  ----------  --------------  -------------------
/opt/airflow/dags/openaq_elt_dag.py                           1           0  0.07s           2025-12-16T22:35:30
================================================================================
[2025-12-16T22:36:14.894+0000] {manager.py:878} INFO - 
================================================================================
DAG File Processing Stats

File Path                            PID    Runtime      # DAGs    # Errors  Last Runtime    Last Run
-----------------------------------  -----  ---------  --------  ----------  --------------  -------------------
/opt/airflow/dags/openaq_elt_dag.py                           1           0  0.07s           2025-12-16T22:36:00
================================================================================
[2025-12-16T22:36:45.205+0000] {manager.py:878} INFO - 
================================================================================
DAG File Processing Stats

File Path                            PID    Runtime      # DAGs    # Errors  Last Runtime    Last Run
-----------------------------------  -----  ---------  --------  ----------  --------------  -------------------
/opt/airflow/dags/openaq_elt_dag.py                           1           0  0.06s           2025-12-16T22:36:31
================================================================================
[2025-12-16T22:37:15.446+0000] {manager.py:878} INFO - 
================================================================================
DAG File Processing Stats

File Path                            PID    Runtime      # DAGs    # Errors  Last Runtime    Last Run
-----------------------------------  -----  ---------  --------  ----------  --------------  -------------------
/opt/airflow/dags/openaq_elt_dag.py                           1           0  0.07s           2025-12-16T22:37:01
================================================================================
[2025-12-16T22:37:45.706+0000] {manager.py:878} INFO - 
================================================================================
DAG File Processing Stats

File Path                            PID    Runtime      # DAGs    # Errors  Last Runtime    Last Run
-----------------------------------  -----  ---------  --------  ----------  --------------  -------------------
/opt/airflow/dags/openaq_elt_dag.py                           1           0  0.06s           2025-12-16T22:37:31
================================================================================
[2025-12-16T22:38:15.962+0000] {manager.py:878} INFO - 
================================================================================
DAG File Processing Stats

File Path                            PID    Runtime      # DAGs    # Errors  Last Runtime    Last Run
-----------------------------------  -----  ---------  --------  ----------  --------------  -------------------
/opt/airflow/dags/openaq_elt_dag.py                           1           0  0.10s           2025-12-16T22:38:01
================================================================================
[2025-12-16T22:38:16.972+0000] {manager.py:737} INFO - Searching for files in /opt/airflow/dags
[2025-12-16T22:38:16.975+0000] {manager.py:740} INFO - There are 1 files in /opt/airflow/dags
[2025-12-16T22:38:46.284+0000] {manager.py:878} INFO - 
================================================================================
DAG File Processing Stats

File Path                            PID    Runtime      # DAGs    # Errors  Last Runtime    Last Run
-----------------------------------  -----  ---------  --------  ----------  --------------  -------------------
/opt/airflow/dags/openaq_elt_dag.py                           1           0  0.08s           2025-12-16T22:38:32
================================================================================
[2025-12-16T22:39:16.549+0000] {manager.py:878} INFO - 
================================================================================
DAG File Processing Stats

File Path                            PID    Runtime      # DAGs    # Errors  Last Runtime    Last Run
-----------------------------------  -----  ---------  --------  ----------  --------------  -------------------
/opt/airflow/dags/openaq_elt_dag.py                           1           0  0.11s           2025-12-16T22:39:02
================================================================================
[2025-12-16T22:39:46.878+0000] {manager.py:878} INFO - 
================================================================================
DAG File Processing Stats

File Path                            PID    Runtime      # DAGs    # Errors  Last Runtime    Last Run
-----------------------------------  -----  ---------  --------  ----------  --------------  -------------------
/opt/airflow/dags/openaq_elt_dag.py                           1           0  0.08s           2025-12-16T22:39:32
================================================================================
[2025-12-16T22:40:17.204+0000] {manager.py:878} INFO - 
================================================================================
DAG File Processing Stats

File Path                            PID    Runtime      # DAGs    # Errors  Last Runtime    Last Run
-----------------------------------  -----  ---------  --------  ----------  --------------  -------------------
/opt/airflow/dags/openaq_elt_dag.py                           1           0  0.07s           2025-12-16T22:40:03
================================================================================
[2025-12-16T22:40:47.488+0000] {manager.py:878} INFO - 
================================================================================
DAG File Processing Stats

File Path                            PID    Runtime      # DAGs    # Errors  Last Runtime    Last Run
-----------------------------------  -----  ---------  --------  ----------  --------------  -------------------
/opt/airflow/dags/openaq_elt_dag.py                           1           0  0.07s           2025-12-16T22:40:33
================================================================================
[2025-12-16T22:41:17.769+0000] {manager.py:878} INFO - 
================================================================================
DAG File Processing Stats

File Path                            PID    Runtime      # DAGs    # Errors  Last Runtime    Last Run
-----------------------------------  -----  ---------  --------  ----------  --------------  -------------------
/opt/airflow/dags/openaq_elt_dag.py                           1           0  0.06s           2025-12-16T22:41:03
================================================================================
[2025-12-16T22:41:48.055+0000] {manager.py:878} INFO - 
================================================================================
DAG File Processing Stats

File Path                            PID    Runtime      # DAGs    # Errors  Last Runtime    Last Run
-----------------------------------  -----  ---------  --------  ----------  --------------  -------------------
/opt/airflow/dags/openaq_elt_dag.py                           1           0  0.07s           2025-12-16T22:41:33
================================================================================
[2025-12-16T22:42:18.346+0000] {manager.py:878} INFO - 
================================================================================
DAG File Processing Stats

File Path                            PID    Runtime      # DAGs    # Errors  Last Runtime    Last Run
-----------------------------------  -----  ---------  --------  ----------  --------------  -------------------
/opt/airflow/dags/openaq_elt_dag.py                           1           0  0.09s           2025-12-16T22:42:04
================================================================================
[2025-12-16T22:42:48.649+0000] {manager.py:878} INFO - 
================================================================================
DAG File Processing Stats

File Path                            PID    Runtime      # DAGs    # Errors  Last Runtime    Last Run
-----------------------------------  -----  ---------  --------  ----------  --------------  -------------------
/opt/airflow/dags/openaq_elt_dag.py                           1           0  0.09s           2025-12-16T22:42:34
================================================================================
[2025-12-16T22:43:16.998+0000] {manager.py:737} INFO - Searching for files in /opt/airflow/dags
[2025-12-16T22:43:17.002+0000] {manager.py:740} INFO - There are 1 files in /opt/airflow/dags
[2025-12-16T22:43:18.908+0000] {manager.py:878} INFO - 
================================================================================
DAG File Processing Stats

File Path                            PID    Runtime      # DAGs    # Errors  Last Runtime    Last Run
-----------------------------------  -----  ---------  --------  ----------  --------------  -------------------
/opt/airflow/dags/openaq_elt_dag.py                           1           0  0.09s           2025-12-16T22:43:04
================================================================================
[2025-12-16T22:43:49.132+0000] {manager.py:878} INFO - 
================================================================================
DAG File Processing Stats

File Path                            PID    Runtime      # DAGs    # Errors  Last Runtime    Last Run
-----------------------------------  -----  ---------  --------  ----------  --------------  -------------------
/opt/airflow/dags/openaq_elt_dag.py                           1           0  0.07s           2025-12-16T22:43:35
================================================================================
[2025-12-16T22:44:19.390+0000] {manager.py:878} INFO - 
================================================================================
DAG File Processing Stats

File Path                            PID    Runtime      # DAGs    # Errors  Last Runtime    Last Run
-----------------------------------  -----  ---------  --------  ----------  --------------  -------------------
/opt/airflow/dags/openaq_elt_dag.py                           1           0  0.10s           2025-12-16T22:44:05
================================================================================
[2025-12-16T22:44:49.647+0000] {manager.py:878} INFO - 
================================================================================
DAG File Processing Stats

File Path                            PID    Runtime      # DAGs    # Errors  Last Runtime    Last Run
-----------------------------------  -----  ---------  --------  ----------  --------------  -------------------
/opt/airflow/dags/openaq_elt_dag.py                           1           0  0.06s           2025-12-16T22:44:35
================================================================================
[2025-12-16T22:45:20.077+0000] {manager.py:878} INFO - 
================================================================================
DAG File Processing Stats

File Path                            PID    Runtime      # DAGs    # Errors  Last Runtime    Last Run
-----------------------------------  -----  ---------  --------  ----------  --------------  -------------------
/opt/airflow/dags/openaq_elt_dag.py                           1           0  0.16s           2025-12-16T22:45:06
================================================================================
[2025-12-16T22:45:50.386+0000] {manager.py:878} INFO - 
================================================================================
DAG File Processing Stats

File Path                            PID    Runtime      # DAGs    # Errors  Last Runtime    Last Run
-----------------------------------  -----  ---------  --------  ----------  --------------  -------------------
/opt/airflow/dags/openaq_elt_dag.py                           1           0  0.12s           2025-12-16T22:45:36
================================================================================
[2025-12-16T22:46:20.714+0000] {manager.py:878} INFO - 
================================================================================
DAG File Processing Stats

File Path                            PID    Runtime      # DAGs    # Errors  Last Runtime    Last Run
-----------------------------------  -----  ---------  --------  ----------  --------------  -------------------
/opt/airflow/dags/openaq_elt_dag.py                           1           0  0.13s           2025-12-16T22:46:06
================================================================================
[2025-12-16T22:46:51.057+0000] {manager.py:878} INFO - 
================================================================================
DAG File Processing Stats

File Path                            PID    Runtime      # DAGs    # Errors  Last Runtime    Last Run
-----------------------------------  -----  ---------  --------  ----------  --------------  -------------------
/opt/airflow/dags/openaq_elt_dag.py                           1           0  0.14s           2025-12-16T22:46:36
================================================================================
[2025-12-16T22:47:21.373+0000] {manager.py:878} INFO - 
================================================================================
DAG File Processing Stats

File Path                            PID    Runtime      # DAGs    # Errors  Last Runtime    Last Run
-----------------------------------  -----  ---------  --------  ----------  --------------  -------------------
/opt/airflow/dags/openaq_elt_dag.py                           1           0  0.13s           2025-12-16T22:47:07
================================================================================
[2025-12-16T22:47:47.537+0000] {manager.py:470} INFO - Processing files using up to 2 processes at a time 
[2025-12-16T22:47:47.538+0000] {manager.py:471} INFO - Process each file at most once every 30 seconds
[2025-12-16T22:47:47.538+0000] {manager.py:472} INFO - Checking for new files in /opt/airflow/dags every 300 seconds
[2025-12-16T22:47:47.538+0000] {manager.py:737} INFO - Searching for files in /opt/airflow/dags
[2025-12-16T22:47:47.539+0000] {manager.py:740} INFO - There are 1 files in /opt/airflow/dags
[2025-12-16T22:47:47.601+0000] {manager.py:878} INFO - 
================================================================================
DAG File Processing Stats

File Path                              PID  Runtime      # DAGs    # Errors  Last Runtime    Last Run
-----------------------------------  -----  ---------  --------  ----------  --------------  ----------
/opt/airflow/dags/openaq_elt_dag.py    164  0.03s             0           0
================================================================================
[2025-12-16T22:48:17.832+0000] {manager.py:878} INFO - 
================================================================================
DAG File Processing Stats

File Path                              PID  Runtime      # DAGs    # Errors  Last Runtime    Last Run
-----------------------------------  -----  ---------  --------  ----------  --------------  -------------------
/opt/airflow/dags/openaq_elt_dag.py    181  0.01s             1           0  0.08s           2025-12-16T22:47:47
================================================================================
[2025-12-16T22:48:48.107+0000] {manager.py:878} INFO - 
================================================================================
DAG File Processing Stats

File Path                              PID  Runtime      # DAGs    # Errors  Last Runtime    Last Run
-----------------------------------  -----  ---------  --------  ----------  --------------  -------------------
/opt/airflow/dags/openaq_elt_dag.py    186  0.02s             1           0  0.18s           2025-12-16T22:48:17
================================================================================
[2025-12-16T22:49:18.451+0000] {manager.py:878} INFO - 
================================================================================
DAG File Processing Stats

File Path                              PID  Runtime      # DAGs    # Errors  Last Runtime    Last Run
-----------------------------------  -----  ---------  --------  ----------  --------------  -------------------
/opt/airflow/dags/openaq_elt_dag.py    191  0.03s             1           0  0.11s           2025-12-16T22:48:48
================================================================================
