[2025-12-16T22:52:50.638+0000] {local_task_job_runner.py:120} INFO - ::group::Pre task execution logs
[2025-12-16T22:52:50.658+0000] {taskinstance.py:2076} INFO - Dependencies all met for dep_context=non-requeueable deps ti=<TaskInstance: openaq_elt_pipeline.ingest_measurements manual__2025-12-16T22:48:09.580958+00:00 [queued]>
[2025-12-16T22:52:50.662+0000] {taskinstance.py:2076} INFO - Dependencies all met for dep_context=requeueable deps ti=<TaskInstance: openaq_elt_pipeline.ingest_measurements manual__2025-12-16T22:48:09.580958+00:00 [queued]>
[2025-12-16T22:52:50.663+0000] {taskinstance.py:2306} INFO - Starting attempt 1 of 1
[2025-12-16T22:52:50.670+0000] {taskinstance.py:2330} INFO - Executing <Task(BashOperator): ingest_measurements> on 2025-12-16 22:48:09.580958+00:00
[2025-12-16T22:52:50.676+0000] {logging_mixin.py:188} WARNING - /home/***/.local/lib/python3.12/site-packages/***/task/task_runner/standard_task_runner.py:62 DeprecationWarning: This process (pid=255) is multi-threaded, use of fork() may lead to deadlocks in the child.
[2025-12-16T22:52:50.677+0000] {standard_task_runner.py:64} INFO - Started process 258 to run task
[2025-12-16T22:52:50.676+0000] {standard_task_runner.py:90} INFO - Running: ['***', 'tasks', 'run', 'openaq_elt_pipeline', 'ingest_measurements', 'manual__2025-12-16T22:48:09.580958+00:00', '--job-id', '21', '--raw', '--subdir', 'DAGS_FOLDER/openaq_elt_dag.py', '--cfg-path', '/tmp/tmpv9xyp52g']
[2025-12-16T22:52:50.678+0000] {standard_task_runner.py:91} INFO - Job 21: Subtask ingest_measurements
[2025-12-16T22:52:50.706+0000] {task_command.py:426} INFO - Running <TaskInstance: openaq_elt_pipeline.ingest_measurements manual__2025-12-16T22:48:09.580958+00:00 [running]> on host 2412a916846f
[2025-12-16T22:52:50.748+0000] {taskinstance.py:2648} INFO - Exporting env vars: AIRFLOW_CTX_DAG_OWNER='***' AIRFLOW_CTX_DAG_ID='openaq_elt_pipeline' AIRFLOW_CTX_TASK_ID='ingest_measurements' AIRFLOW_CTX_EXECUTION_DATE='2025-12-16T22:48:09.580958+00:00' AIRFLOW_CTX_TRY_NUMBER='1' AIRFLOW_CTX_DAG_RUN_ID='manual__2025-12-16T22:48:09.580958+00:00'
[2025-12-16T22:52:50.749+0000] {taskinstance.py:430} INFO - ::endgroup::
[2025-12-16T22:52:50.756+0000] {subprocess.py:63} INFO - Tmp dir root location: /tmp
[2025-12-16T22:52:50.757+0000] {subprocess.py:75} INFO - Running command: ['/usr/bin/bash', '-c', '\n        cd /opt/project/ingest &&\n        python ingest_measurements.py\n        ']
[2025-12-16T22:52:50.761+0000] {subprocess.py:86} INFO - Output:
[2025-12-16T22:52:52.138+0000] {subprocess.py:93} INFO - Fetching hourly measurements from 2025-12-09T22:52:51Z to 2025-12-16T22:52:51Z ...
[2025-12-16T22:52:52.139+0000] {subprocess.py:93} INFO - Error fetching locations page 1: 429 - {"detail":"Too many requests"}
[2025-12-16T22:52:52.139+0000] {subprocess.py:93} INFO - Total sensors discovered (capped): 0
[2025-12-16T22:52:52.139+0000] {subprocess.py:93} INFO - No sensors discovered, exiting.
[2025-12-16T22:52:52.214+0000] {subprocess.py:97} INFO - Command exited with return code 0
[2025-12-16T22:52:52.215+0000] {taskinstance.py:441} INFO - ::group::Post task execution logs
[2025-12-16T22:52:52.229+0000] {taskinstance.py:1206} INFO - Marking task as SUCCESS. dag_id=openaq_elt_pipeline, task_id=ingest_measurements, run_id=manual__2025-12-16T22:48:09.580958+00:00, execution_date=20251216T224809, start_date=20251216T225250, end_date=20251216T225252
[2025-12-16T22:52:52.266+0000] {local_task_job_runner.py:243} INFO - Task exited with return code 0
[2025-12-16T22:52:52.279+0000] {taskinstance.py:3503} INFO - 1 downstream tasks scheduled from follow-on schedule check
[2025-12-16T22:52:52.279+0000] {local_task_job_runner.py:222} INFO - ::endgroup::
