[2025-12-17T06:54:54.962+0000] {local_task_job_runner.py:120} INFO - ::group::Pre task execution logs
[2025-12-17T06:54:54.984+0000] {taskinstance.py:2076} INFO - Dependencies all met for dep_context=non-requeueable deps ti=<TaskInstance: openaq_elt_pipeline.dbt_run manual__2025-12-17T06:47:58.376221+00:00 [queued]>
[2025-12-17T06:54:54.987+0000] {taskinstance.py:2076} INFO - Dependencies all met for dep_context=requeueable deps ti=<TaskInstance: openaq_elt_pipeline.dbt_run manual__2025-12-17T06:47:58.376221+00:00 [queued]>
[2025-12-17T06:54:54.987+0000] {taskinstance.py:2306} INFO - Starting attempt 1 of 1
[2025-12-17T06:54:54.992+0000] {taskinstance.py:2330} INFO - Executing <Task(BashOperator): dbt_run> on 2025-12-17 06:47:58.376221+00:00
[2025-12-17T06:54:54.996+0000] {logging_mixin.py:188} WARNING - /home/***/.local/lib/python3.12/site-packages/***/task/task_runner/standard_task_runner.py:62 DeprecationWarning: This process (pid=263) is multi-threaded, use of fork() may lead to deadlocks in the child.
[2025-12-17T06:54:54.997+0000] {standard_task_runner.py:64} INFO - Started process 264 to run task
[2025-12-17T06:54:54.998+0000] {standard_task_runner.py:90} INFO - Running: ['***', 'tasks', 'run', 'openaq_elt_pipeline', 'dbt_run', 'manual__2025-12-17T06:47:58.376221+00:00', '--job-id', '48', '--raw', '--subdir', 'DAGS_FOLDER/openaq_elt_dag.py', '--cfg-path', '/tmp/tmpgk14_vsb']
[2025-12-17T06:54:55.000+0000] {standard_task_runner.py:91} INFO - Job 48: Subtask dbt_run
[2025-12-17T06:54:55.028+0000] {task_command.py:426} INFO - Running <TaskInstance: openaq_elt_pipeline.dbt_run manual__2025-12-17T06:47:58.376221+00:00 [running]> on host 74e745ccd0e5
[2025-12-17T06:54:55.072+0000] {taskinstance.py:2648} INFO - Exporting env vars: AIRFLOW_CTX_DAG_OWNER='***' AIRFLOW_CTX_DAG_ID='openaq_elt_pipeline' AIRFLOW_CTX_TASK_ID='dbt_run' AIRFLOW_CTX_EXECUTION_DATE='2025-12-17T06:47:58.376221+00:00' AIRFLOW_CTX_TRY_NUMBER='1' AIRFLOW_CTX_DAG_RUN_ID='manual__2025-12-17T06:47:58.376221+00:00'
[2025-12-17T06:54:55.072+0000] {taskinstance.py:430} INFO - ::endgroup::
[2025-12-17T06:54:55.084+0000] {subprocess.py:63} INFO - Tmp dir root location: /tmp
[2025-12-17T06:54:55.085+0000] {subprocess.py:75} INFO - Running command: ['/usr/bin/bash', '-c', '\n        cd /opt/project/openaq_dbt &&\n        dbt run --select marts\n        ']
[2025-12-17T06:54:55.089+0000] {subprocess.py:86} INFO - Output:
[2025-12-17T06:54:56.369+0000] {subprocess.py:93} INFO - [0m06:54:56  Running with dbt=1.10.16
[2025-12-17T06:54:57.356+0000] {subprocess.py:93} INFO - [0m06:54:57  Registered adapter: bigquery=1.8.3
[2025-12-17T06:54:57.511+0000] {subprocess.py:93} INFO - [0m06:54:57  Unable to do partial parsing because of a version mismatch
[2025-12-17T06:54:58.187+0000] {subprocess.py:93} INFO - [0m06:54:58  Found 4 models, 15 data tests, 2 sources, 514 macros
[2025-12-17T06:54:58.188+0000] {subprocess.py:93} INFO - [0m06:54:58
[2025-12-17T06:54:58.188+0000] {subprocess.py:93} INFO - [0m06:54:58  Concurrency: 4 threads (target='dev')
[2025-12-17T06:54:58.189+0000] {subprocess.py:93} INFO - [0m06:54:58
[2025-12-17T06:54:59.073+0000] {subprocess.py:93} INFO - [0m06:54:59  1 of 2 START sql table model openaq_models.dim_locations ....................... [RUN]
[2025-12-17T06:55:02.101+0000] {subprocess.py:93} INFO - [0m06:55:02  1 of 2 OK created sql table model openaq_models.dim_locations .................. [[32mCREATE TABLE (22.6k rows, 2.5 MiB processed)[0m in 3.02s]
[2025-12-17T06:55:02.104+0000] {subprocess.py:93} INFO - [0m06:55:02  2 of 2 START sql table model openaq_models.fact_measurements_hourly ............ [RUN]
[2025-12-17T06:55:04.619+0000] {subprocess.py:93} INFO - [0m06:55:04  2 of 2 OK created sql table model openaq_models.fact_measurements_hourly ....... [[32mCREATE TABLE (40.0k rows, 3.1 MiB processed)[0m in 2.51s]
[2025-12-17T06:55:04.626+0000] {subprocess.py:93} INFO - [0m06:55:04
[2025-12-17T06:55:04.627+0000] {subprocess.py:93} INFO - [0m06:55:04  Finished running 2 table models in 0 hours 0 minutes and 6.44 seconds (6.44s).
[2025-12-17T06:55:04.672+0000] {subprocess.py:93} INFO - [0m06:55:04
[2025-12-17T06:55:04.673+0000] {subprocess.py:93} INFO - [0m06:55:04  [32mCompleted successfully[0m
[2025-12-17T06:55:04.673+0000] {subprocess.py:93} INFO - [0m06:55:04
[2025-12-17T06:55:04.673+0000] {subprocess.py:93} INFO - [0m06:55:04  Done. PASS=2 WARN=0 ERROR=0 SKIP=0 NO-OP=0 TOTAL=2
[2025-12-17T06:55:04.963+0000] {subprocess.py:97} INFO - Command exited with return code 0
[2025-12-17T06:55:04.963+0000] {taskinstance.py:441} INFO - ::group::Post task execution logs
[2025-12-17T06:55:04.978+0000] {taskinstance.py:1206} INFO - Marking task as SUCCESS. dag_id=openaq_elt_pipeline, task_id=dbt_run, run_id=manual__2025-12-17T06:47:58.376221+00:00, execution_date=20251217T064758, start_date=20251217T065454, end_date=20251217T065504
[2025-12-17T06:55:05.029+0000] {local_task_job_runner.py:243} INFO - Task exited with return code 0
[2025-12-17T06:55:05.040+0000] {taskinstance.py:3503} INFO - 1 downstream tasks scheduled from follow-on schedule check
[2025-12-17T06:55:05.040+0000] {local_task_job_runner.py:222} INFO - ::endgroup::
