[2025-12-16T22:48:09.957+0000] {local_task_job_runner.py:120} INFO - ::group::Pre task execution logs
[2025-12-16T22:48:09.979+0000] {taskinstance.py:2076} INFO - Dependencies all met for dep_context=non-requeueable deps ti=<TaskInstance: openaq_elt_pipeline.ingest_locations manual__2025-12-16T22:48:09.580958+00:00 [queued]>
[2025-12-16T22:48:09.984+0000] {taskinstance.py:2076} INFO - Dependencies all met for dep_context=requeueable deps ti=<TaskInstance: openaq_elt_pipeline.ingest_locations manual__2025-12-16T22:48:09.580958+00:00 [queued]>
[2025-12-16T22:48:09.984+0000] {taskinstance.py:2306} INFO - Starting attempt 1 of 1
[2025-12-16T22:48:09.989+0000] {taskinstance.py:2330} INFO - Executing <Task(BashOperator): ingest_locations> on 2025-12-16 22:48:09.580958+00:00
[2025-12-16T22:48:09.997+0000] {standard_task_runner.py:90} INFO - Running: ['***', 'tasks', 'run', 'openaq_elt_pipeline', 'ingest_locations', 'manual__2025-12-16T22:48:09.580958+00:00', '--job-id', '17', '--raw', '--subdir', 'DAGS_FOLDER/openaq_elt_dag.py', '--cfg-path', '/tmp/tmpuaiqgjz8']
[2025-12-16T22:48:10.004+0000] {standard_task_runner.py:91} INFO - Job 17: Subtask ingest_locations
[2025-12-16T22:48:10.003+0000] {logging_mixin.py:188} WARNING - /home/***/.local/lib/python3.12/site-packages/***/task/task_runner/standard_task_runner.py:62 DeprecationWarning: This process (pid=169) is multi-threaded, use of fork() may lead to deadlocks in the child.
[2025-12-16T22:48:10.004+0000] {standard_task_runner.py:64} INFO - Started process 170 to run task
[2025-12-16T22:48:10.029+0000] {task_command.py:426} INFO - Running <TaskInstance: openaq_elt_pipeline.ingest_locations manual__2025-12-16T22:48:09.580958+00:00 [running]> on host 2412a916846f
[2025-12-16T22:48:10.076+0000] {taskinstance.py:2648} INFO - Exporting env vars: AIRFLOW_CTX_DAG_OWNER='***' AIRFLOW_CTX_DAG_ID='openaq_elt_pipeline' AIRFLOW_CTX_TASK_ID='ingest_locations' AIRFLOW_CTX_EXECUTION_DATE='2025-12-16T22:48:09.580958+00:00' AIRFLOW_CTX_TRY_NUMBER='1' AIRFLOW_CTX_DAG_RUN_ID='manual__2025-12-16T22:48:09.580958+00:00'
[2025-12-16T22:48:10.077+0000] {taskinstance.py:430} INFO - ::endgroup::
[2025-12-16T22:48:10.098+0000] {subprocess.py:63} INFO - Tmp dir root location: /tmp
[2025-12-16T22:48:10.099+0000] {subprocess.py:75} INFO - Running command: ['/usr/bin/bash', '-c', '\n        cd /opt/project/ingest &&\n        python ingest_locations.py\n        ']
[2025-12-16T22:48:10.111+0000] {subprocess.py:86} INFO - Output:
[2025-12-16T22:52:50.217+0000] {subprocess.py:93} INFO - Fetched page 1, 100 locations
[2025-12-16T22:52:50.219+0000] {subprocess.py:93} INFO - Fetched page 2, 100 locations
[2025-12-16T22:52:50.220+0000] {subprocess.py:93} INFO - Fetched page 3, 100 locations
[2025-12-16T22:52:50.220+0000] {subprocess.py:93} INFO - Fetched page 4, 100 locations
[2025-12-16T22:52:50.220+0000] {subprocess.py:93} INFO - Fetched page 5, 100 locations
[2025-12-16T22:52:50.220+0000] {subprocess.py:93} INFO - Fetched page 6, 100 locations
[2025-12-16T22:52:50.220+0000] {subprocess.py:93} INFO - Fetched page 7, 100 locations
[2025-12-16T22:52:50.220+0000] {subprocess.py:93} INFO - Fetched page 8, 100 locations
[2025-12-16T22:52:50.221+0000] {subprocess.py:93} INFO - Fetched page 9, 100 locations
[2025-12-16T22:52:50.221+0000] {subprocess.py:93} INFO - Fetched page 10, 100 locations
[2025-12-16T22:52:50.221+0000] {subprocess.py:93} INFO - Fetched page 11, 100 locations
[2025-12-16T22:52:50.221+0000] {subprocess.py:93} INFO - Fetched page 12, 100 locations
[2025-12-16T22:52:50.222+0000] {subprocess.py:93} INFO - Fetched page 13, 100 locations
[2025-12-16T22:52:50.222+0000] {subprocess.py:93} INFO - Fetched page 14, 100 locations
[2025-12-16T22:52:50.222+0000] {subprocess.py:93} INFO - Fetched page 15, 100 locations
[2025-12-16T22:52:50.222+0000] {subprocess.py:93} INFO - Fetched page 16, 100 locations
[2025-12-16T22:52:50.223+0000] {subprocess.py:93} INFO - Fetched page 17, 100 locations
[2025-12-16T22:52:50.223+0000] {subprocess.py:93} INFO - Fetched page 18, 100 locations
[2025-12-16T22:52:50.223+0000] {subprocess.py:93} INFO - Fetched page 19, 100 locations
[2025-12-16T22:52:50.223+0000] {subprocess.py:93} INFO - Fetched page 20, 100 locations
[2025-12-16T22:52:50.223+0000] {subprocess.py:93} INFO - Fetched page 21, 100 locations
[2025-12-16T22:52:50.224+0000] {subprocess.py:93} INFO - Fetched page 22, 100 locations
[2025-12-16T22:52:50.224+0000] {subprocess.py:93} INFO - Fetched page 23, 100 locations
[2025-12-16T22:52:50.224+0000] {subprocess.py:93} INFO - Fetched page 24, 100 locations
[2025-12-16T22:52:50.224+0000] {subprocess.py:93} INFO - Fetched page 25, 100 locations
[2025-12-16T22:52:50.224+0000] {subprocess.py:93} INFO - Fetched page 26, 100 locations
[2025-12-16T22:52:50.224+0000] {subprocess.py:93} INFO - Fetched page 27, 100 locations
[2025-12-16T22:52:50.225+0000] {subprocess.py:93} INFO - Fetched page 28, 100 locations
[2025-12-16T22:52:50.225+0000] {subprocess.py:93} INFO - Fetched page 29, 100 locations
[2025-12-16T22:52:50.225+0000] {subprocess.py:93} INFO - Fetched page 30, 100 locations
[2025-12-16T22:52:50.226+0000] {subprocess.py:93} INFO - Fetched page 31, 100 locations
[2025-12-16T22:52:50.226+0000] {subprocess.py:93} INFO - Fetched page 32, 100 locations
[2025-12-16T22:52:50.226+0000] {subprocess.py:93} INFO - Fetched page 33, 100 locations
[2025-12-16T22:52:50.226+0000] {subprocess.py:93} INFO - Fetched page 34, 100 locations
[2025-12-16T22:52:50.226+0000] {subprocess.py:93} INFO - Fetched page 35, 100 locations
[2025-12-16T22:52:50.227+0000] {subprocess.py:93} INFO - Fetched page 36, 100 locations
[2025-12-16T22:52:50.227+0000] {subprocess.py:93} INFO - Fetched page 37, 100 locations
[2025-12-16T22:52:50.227+0000] {subprocess.py:93} INFO - Fetched page 38, 100 locations
[2025-12-16T22:52:50.227+0000] {subprocess.py:93} INFO - Fetched page 39, 100 locations
[2025-12-16T22:52:50.227+0000] {subprocess.py:93} INFO - Fetched page 40, 100 locations
[2025-12-16T22:52:50.227+0000] {subprocess.py:93} INFO - Fetched page 41, 100 locations
[2025-12-16T22:52:50.227+0000] {subprocess.py:93} INFO - Fetched page 42, 100 locations
[2025-12-16T22:52:50.227+0000] {subprocess.py:93} INFO - Fetched page 43, 100 locations
[2025-12-16T22:52:50.228+0000] {subprocess.py:93} INFO - Fetched page 44, 100 locations
[2025-12-16T22:52:50.228+0000] {subprocess.py:93} INFO - Fetched page 45, 100 locations
[2025-12-16T22:52:50.228+0000] {subprocess.py:93} INFO - Fetched page 46, 100 locations
[2025-12-16T22:52:50.228+0000] {subprocess.py:93} INFO - Fetched page 47, 100 locations
[2025-12-16T22:52:50.228+0000] {subprocess.py:93} INFO - Fetched page 48, 100 locations
[2025-12-16T22:52:50.228+0000] {subprocess.py:93} INFO - Fetched page 49, 100 locations
[2025-12-16T22:52:50.228+0000] {subprocess.py:93} INFO - Fetched page 50, 100 locations
[2025-12-16T22:52:50.228+0000] {subprocess.py:93} INFO - Fetched page 51, 100 locations
[2025-12-16T22:52:50.228+0000] {subprocess.py:93} INFO - Fetched page 52, 100 locations
[2025-12-16T22:52:50.228+0000] {subprocess.py:93} INFO - Fetched page 53, 100 locations
[2025-12-16T22:52:50.229+0000] {subprocess.py:93} INFO - Fetched page 54, 100 locations
[2025-12-16T22:52:50.229+0000] {subprocess.py:93} INFO - Fetched page 55, 100 locations
[2025-12-16T22:52:50.229+0000] {subprocess.py:93} INFO - Fetched page 56, 100 locations
[2025-12-16T22:52:50.229+0000] {subprocess.py:93} INFO - Fetched page 57, 100 locations
[2025-12-16T22:52:50.229+0000] {subprocess.py:93} INFO - Fetched page 58, 100 locations
[2025-12-16T22:52:50.229+0000] {subprocess.py:93} INFO - Fetched page 59, 100 locations
[2025-12-16T22:52:50.229+0000] {subprocess.py:93} INFO - Fetched page 60, 100 locations
[2025-12-16T22:52:50.229+0000] {subprocess.py:93} INFO - Fetched page 61, 100 locations
[2025-12-16T22:52:50.229+0000] {subprocess.py:93} INFO - Fetched page 62, 100 locations
[2025-12-16T22:52:50.229+0000] {subprocess.py:93} INFO - Fetched page 63, 100 locations
[2025-12-16T22:52:50.230+0000] {subprocess.py:93} INFO - Fetched page 64, 100 locations
[2025-12-16T22:52:50.230+0000] {subprocess.py:93} INFO - Fetched page 65, 100 locations
[2025-12-16T22:52:50.230+0000] {subprocess.py:93} INFO - Fetched page 66, 100 locations
[2025-12-16T22:52:50.230+0000] {subprocess.py:93} INFO - Fetched page 67, 100 locations
[2025-12-16T22:52:50.230+0000] {subprocess.py:93} INFO - Fetched page 68, 100 locations
[2025-12-16T22:52:50.230+0000] {subprocess.py:93} INFO - Fetched page 69, 100 locations
[2025-12-16T22:52:50.230+0000] {subprocess.py:93} INFO - Fetched page 70, 100 locations
[2025-12-16T22:52:50.230+0000] {subprocess.py:93} INFO - Fetched page 71, 100 locations
[2025-12-16T22:52:50.231+0000] {subprocess.py:93} INFO - Fetched page 72, 100 locations
[2025-12-16T22:52:50.231+0000] {subprocess.py:93} INFO - Fetched page 73, 100 locations
[2025-12-16T22:52:50.231+0000] {subprocess.py:93} INFO - Fetched page 74, 100 locations
[2025-12-16T22:52:50.231+0000] {subprocess.py:93} INFO - Fetched page 75, 100 locations
[2025-12-16T22:52:50.234+0000] {subprocess.py:93} INFO - Fetched page 76, 100 locations
[2025-12-16T22:52:50.235+0000] {subprocess.py:93} INFO - Fetched page 77, 100 locations
[2025-12-16T22:52:50.235+0000] {subprocess.py:93} INFO - Fetched page 78, 100 locations
[2025-12-16T22:52:50.235+0000] {subprocess.py:93} INFO - Fetched page 79, 100 locations
[2025-12-16T22:52:50.235+0000] {subprocess.py:93} INFO - Fetched page 80, 100 locations
[2025-12-16T22:52:50.235+0000] {subprocess.py:93} INFO - Fetched page 81, 100 locations
[2025-12-16T22:52:50.235+0000] {subprocess.py:93} INFO - Fetched page 82, 100 locations
[2025-12-16T22:52:50.235+0000] {subprocess.py:93} INFO - Fetched page 83, 100 locations
[2025-12-16T22:52:50.236+0000] {subprocess.py:93} INFO - Fetched page 84, 100 locations
[2025-12-16T22:52:50.236+0000] {subprocess.py:93} INFO - Fetched page 85, 100 locations
[2025-12-16T22:52:50.236+0000] {subprocess.py:93} INFO - Fetched page 86, 100 locations
[2025-12-16T22:52:50.236+0000] {subprocess.py:93} INFO - Fetched page 87, 100 locations
[2025-12-16T22:52:50.236+0000] {subprocess.py:93} INFO - Fetched page 88, 100 locations
[2025-12-16T22:52:50.236+0000] {subprocess.py:93} INFO - Fetched page 89, 100 locations
[2025-12-16T22:52:50.236+0000] {subprocess.py:93} INFO - Fetched page 90, 100 locations
[2025-12-16T22:52:50.236+0000] {subprocess.py:93} INFO - Fetched page 91, 100 locations
[2025-12-16T22:52:50.237+0000] {subprocess.py:93} INFO - Fetched page 92, 100 locations
[2025-12-16T22:52:50.237+0000] {subprocess.py:93} INFO - Fetched page 93, 100 locations
[2025-12-16T22:52:50.237+0000] {subprocess.py:93} INFO - Fetched page 94, 100 locations
[2025-12-16T22:52:50.237+0000] {subprocess.py:93} INFO - Fetched page 95, 100 locations
[2025-12-16T22:52:50.237+0000] {subprocess.py:93} INFO - Fetched page 96, 100 locations
[2025-12-16T22:52:50.237+0000] {subprocess.py:93} INFO - Fetched page 97, 100 locations
[2025-12-16T22:52:50.237+0000] {subprocess.py:93} INFO - Fetched page 98, 100 locations
[2025-12-16T22:52:50.237+0000] {subprocess.py:93} INFO - Fetched page 99, 100 locations
[2025-12-16T22:52:50.237+0000] {subprocess.py:93} INFO - Fetched page 100, 100 locations
[2025-12-16T22:52:50.237+0000] {subprocess.py:93} INFO - Fetched page 101, 100 locations
[2025-12-16T22:52:50.237+0000] {subprocess.py:93} INFO - Fetched page 102, 100 locations
[2025-12-16T22:52:50.238+0000] {subprocess.py:93} INFO - Fetched page 103, 100 locations
[2025-12-16T22:52:50.238+0000] {subprocess.py:93} INFO - Fetched page 104, 100 locations
[2025-12-16T22:52:50.238+0000] {subprocess.py:93} INFO - Fetched page 105, 100 locations
[2025-12-16T22:52:50.238+0000] {subprocess.py:93} INFO - Fetched page 106, 100 locations
[2025-12-16T22:52:50.238+0000] {subprocess.py:93} INFO - Fetched page 107, 100 locations
[2025-12-16T22:52:50.238+0000] {subprocess.py:93} INFO - Fetched page 108, 100 locations
[2025-12-16T22:52:50.238+0000] {subprocess.py:93} INFO - Fetched page 109, 100 locations
[2025-12-16T22:52:50.239+0000] {subprocess.py:93} INFO - Fetched page 110, 100 locations
[2025-12-16T22:52:50.239+0000] {subprocess.py:93} INFO - Fetched page 111, 100 locations
[2025-12-16T22:52:50.239+0000] {subprocess.py:93} INFO - Fetched page 112, 100 locations
[2025-12-16T22:52:50.239+0000] {subprocess.py:93} INFO - Fetched page 113, 100 locations
[2025-12-16T22:52:50.239+0000] {subprocess.py:93} INFO - Fetched page 114, 100 locations
[2025-12-16T22:52:50.239+0000] {subprocess.py:93} INFO - Fetched page 115, 100 locations
[2025-12-16T22:52:50.239+0000] {subprocess.py:93} INFO - Fetched page 116, 100 locations
[2025-12-16T22:52:50.240+0000] {subprocess.py:93} INFO - Fetched page 117, 100 locations
[2025-12-16T22:52:50.240+0000] {subprocess.py:93} INFO - Fetched page 118, 100 locations
[2025-12-16T22:52:50.240+0000] {subprocess.py:93} INFO - Fetched page 119, 100 locations
[2025-12-16T22:52:50.240+0000] {subprocess.py:93} INFO - Fetched page 120, 100 locations
[2025-12-16T22:52:50.240+0000] {subprocess.py:93} INFO - Fetched page 121, 100 locations
[2025-12-16T22:52:50.240+0000] {subprocess.py:93} INFO - Fetched page 122, 100 locations
[2025-12-16T22:52:50.240+0000] {subprocess.py:93} INFO - Fetched page 123, 100 locations
[2025-12-16T22:52:50.240+0000] {subprocess.py:93} INFO - Fetched page 124, 100 locations
[2025-12-16T22:52:50.241+0000] {subprocess.py:93} INFO - Fetched page 125, 100 locations
[2025-12-16T22:52:50.241+0000] {subprocess.py:93} INFO - Fetched page 126, 100 locations
[2025-12-16T22:52:50.241+0000] {subprocess.py:93} INFO - Fetched page 127, 100 locations
[2025-12-16T22:52:50.241+0000] {subprocess.py:93} INFO - Fetched page 128, 100 locations
[2025-12-16T22:52:50.241+0000] {subprocess.py:93} INFO - Fetched page 129, 100 locations
[2025-12-16T22:52:50.241+0000] {subprocess.py:93} INFO - Fetched page 130, 100 locations
[2025-12-16T22:52:50.241+0000] {subprocess.py:93} INFO - Fetched page 131, 100 locations
[2025-12-16T22:52:50.241+0000] {subprocess.py:93} INFO - Fetched page 132, 100 locations
[2025-12-16T22:52:50.242+0000] {subprocess.py:93} INFO - Fetched page 133, 100 locations
[2025-12-16T22:52:50.242+0000] {subprocess.py:93} INFO - Fetched page 134, 100 locations
[2025-12-16T22:52:50.242+0000] {subprocess.py:93} INFO - Fetched page 135, 100 locations
[2025-12-16T22:52:50.242+0000] {subprocess.py:93} INFO - Fetched page 136, 100 locations
[2025-12-16T22:52:50.242+0000] {subprocess.py:93} INFO - Fetched page 137, 100 locations
[2025-12-16T22:52:50.242+0000] {subprocess.py:93} INFO - Fetched page 138, 100 locations
[2025-12-16T22:52:50.242+0000] {subprocess.py:93} INFO - Fetched page 139, 100 locations
[2025-12-16T22:52:50.242+0000] {subprocess.py:93} INFO - Fetched page 140, 100 locations
[2025-12-16T22:52:50.242+0000] {subprocess.py:93} INFO - Fetched page 141, 100 locations
[2025-12-16T22:52:50.243+0000] {subprocess.py:93} INFO - Fetched page 142, 100 locations
[2025-12-16T22:52:50.243+0000] {subprocess.py:93} INFO - Fetched page 143, 100 locations
[2025-12-16T22:52:50.243+0000] {subprocess.py:93} INFO - Fetched page 144, 100 locations
[2025-12-16T22:52:50.243+0000] {subprocess.py:93} INFO - Fetched page 145, 100 locations
[2025-12-16T22:52:50.243+0000] {subprocess.py:93} INFO - Fetched page 146, 100 locations
[2025-12-16T22:52:50.243+0000] {subprocess.py:93} INFO - Fetched page 147, 100 locations
[2025-12-16T22:52:50.243+0000] {subprocess.py:93} INFO - Fetched page 148, 100 locations
[2025-12-16T22:52:50.243+0000] {subprocess.py:93} INFO - Fetched page 149, 100 locations
[2025-12-16T22:52:50.243+0000] {subprocess.py:93} INFO - Fetched page 150, 100 locations
[2025-12-16T22:52:50.243+0000] {subprocess.py:93} INFO - Fetched page 151, 100 locations
[2025-12-16T22:52:50.244+0000] {subprocess.py:93} INFO - Fetched page 152, 100 locations
[2025-12-16T22:52:50.244+0000] {subprocess.py:93} INFO - Fetched page 153, 100 locations
[2025-12-16T22:52:50.244+0000] {subprocess.py:93} INFO - Fetched page 154, 100 locations
[2025-12-16T22:52:50.244+0000] {subprocess.py:93} INFO - Fetched page 155, 100 locations
[2025-12-16T22:52:50.244+0000] {subprocess.py:93} INFO - Fetched page 156, 100 locations
[2025-12-16T22:52:50.244+0000] {subprocess.py:93} INFO - Fetched page 157, 100 locations
[2025-12-16T22:52:50.244+0000] {subprocess.py:93} INFO - Fetched page 158, 100 locations
[2025-12-16T22:52:50.244+0000] {subprocess.py:93} INFO - Fetched page 159, 100 locations
[2025-12-16T22:52:50.244+0000] {subprocess.py:93} INFO - Fetched page 160, 100 locations
[2025-12-16T22:52:50.245+0000] {subprocess.py:93} INFO - Fetched page 161, 100 locations
[2025-12-16T22:52:50.245+0000] {subprocess.py:93} INFO - Fetched page 162, 100 locations
[2025-12-16T22:52:50.245+0000] {subprocess.py:93} INFO - Fetched page 163, 100 locations
[2025-12-16T22:52:50.245+0000] {subprocess.py:93} INFO - Fetched page 164, 100 locations
[2025-12-16T22:52:50.245+0000] {subprocess.py:93} INFO - Fetched page 165, 100 locations
[2025-12-16T22:52:50.245+0000] {subprocess.py:93} INFO - Fetched page 166, 100 locations
[2025-12-16T22:52:50.245+0000] {subprocess.py:93} INFO - Fetched page 167, 100 locations
[2025-12-16T22:52:50.245+0000] {subprocess.py:93} INFO - Fetched page 168, 100 locations
[2025-12-16T22:52:50.245+0000] {subprocess.py:93} INFO - Fetched page 169, 100 locations
[2025-12-16T22:52:50.245+0000] {subprocess.py:93} INFO - Fetched page 170, 100 locations
[2025-12-16T22:52:50.245+0000] {subprocess.py:93} INFO - Fetched page 171, 100 locations
[2025-12-16T22:52:50.245+0000] {subprocess.py:93} INFO - Fetched page 172, 100 locations
[2025-12-16T22:52:50.245+0000] {subprocess.py:93} INFO - Fetched page 173, 100 locations
[2025-12-16T22:52:50.246+0000] {subprocess.py:93} INFO - Fetched page 174, 100 locations
[2025-12-16T22:52:50.246+0000] {subprocess.py:93} INFO - Fetched page 175, 100 locations
[2025-12-16T22:52:50.246+0000] {subprocess.py:93} INFO - Fetched page 176, 100 locations
[2025-12-16T22:52:50.246+0000] {subprocess.py:93} INFO - Fetched page 177, 100 locations
[2025-12-16T22:52:50.246+0000] {subprocess.py:93} INFO - Fetched page 178, 100 locations
[2025-12-16T22:52:50.246+0000] {subprocess.py:93} INFO - Fetched page 179, 100 locations
[2025-12-16T22:52:50.246+0000] {subprocess.py:93} INFO - Error: 429 - {"detail":"Too many requests"}
[2025-12-16T22:52:50.246+0000] {subprocess.py:93} INFO - Loaded 17900 locations into openaq-elt-pipeline.openaq_raw.locations
[2025-12-16T22:52:50.326+0000] {subprocess.py:97} INFO - Command exited with return code 0
[2025-12-16T22:52:50.327+0000] {taskinstance.py:441} INFO - ::group::Post task execution logs
[2025-12-16T22:52:50.454+0000] {taskinstance.py:1206} INFO - Marking task as SUCCESS. dag_id=openaq_elt_pipeline, task_id=ingest_locations, run_id=manual__2025-12-16T22:48:09.580958+00:00, execution_date=20251216T224809, start_date=20251216T224809, end_date=20251216T225250
[2025-12-16T22:52:50.493+0000] {local_task_job_runner.py:243} INFO - Task exited with return code 0
[2025-12-16T22:52:50.518+0000] {taskinstance.py:3503} INFO - 1 downstream tasks scheduled from follow-on schedule check
[2025-12-16T22:52:50.519+0000] {local_task_job_runner.py:222} INFO - ::endgroup::
