[2025-12-17T00:00:17.814+0000] {processor.py:161} INFO - Started process (PID=785) to work on /opt/airflow/dags/openaq_elt_dag.py
[2025-12-17T00:00:17.815+0000] {processor.py:830} INFO - Processing file /opt/airflow/dags/openaq_elt_dag.py for tasks to queue
[2025-12-17T00:00:17.816+0000] {logging_mixin.py:188} INFO - [2025-12-17T00:00:17.816+0000] {dagbag.py:545} INFO - Filling up the DagBag from /opt/airflow/dags/openaq_elt_dag.py
[2025-12-17T00:00:17.824+0000] {processor.py:840} INFO - DAG(s) 'openaq_elt_pipeline' retrieved from /opt/airflow/dags/openaq_elt_dag.py
[2025-12-17T00:00:17.843+0000] {logging_mixin.py:188} INFO - [2025-12-17T00:00:17.843+0000] {dag.py:3089} INFO - Sync 1 DAGs
[2025-12-17T00:00:17.849+0000] {logging_mixin.py:188} INFO - [2025-12-17T00:00:17.849+0000] {dag.py:3947} INFO - Setting next_dagrun for openaq_elt_pipeline to None, run_after=None
[2025-12-17T00:00:17.857+0000] {processor.py:183} INFO - Processing /opt/airflow/dags/openaq_elt_dag.py took 0.048 seconds
[2025-12-17T00:00:48.143+0000] {processor.py:161} INFO - Started process (PID=790) to work on /opt/airflow/dags/openaq_elt_dag.py
[2025-12-17T00:00:48.145+0000] {processor.py:830} INFO - Processing file /opt/airflow/dags/openaq_elt_dag.py for tasks to queue
[2025-12-17T00:00:48.148+0000] {logging_mixin.py:188} INFO - [2025-12-17T00:00:48.148+0000] {dagbag.py:545} INFO - Filling up the DagBag from /opt/airflow/dags/openaq_elt_dag.py
[2025-12-17T00:00:48.159+0000] {processor.py:840} INFO - DAG(s) 'openaq_elt_pipeline' retrieved from /opt/airflow/dags/openaq_elt_dag.py
[2025-12-17T00:00:48.189+0000] {logging_mixin.py:188} INFO - [2025-12-17T00:00:48.189+0000] {dag.py:3089} INFO - Sync 1 DAGs
[2025-12-17T00:00:48.200+0000] {logging_mixin.py:188} INFO - [2025-12-17T00:00:48.200+0000] {dag.py:3947} INFO - Setting next_dagrun for openaq_elt_pipeline to None, run_after=None
[2025-12-17T00:00:48.209+0000] {processor.py:183} INFO - Processing /opt/airflow/dags/openaq_elt_dag.py took 0.074 seconds
[2025-12-17T00:01:18.550+0000] {processor.py:161} INFO - Started process (PID=795) to work on /opt/airflow/dags/openaq_elt_dag.py
[2025-12-17T00:01:18.551+0000] {processor.py:830} INFO - Processing file /opt/airflow/dags/openaq_elt_dag.py for tasks to queue
[2025-12-17T00:01:18.554+0000] {logging_mixin.py:188} INFO - [2025-12-17T00:01:18.554+0000] {dagbag.py:545} INFO - Filling up the DagBag from /opt/airflow/dags/openaq_elt_dag.py
[2025-12-17T00:01:18.571+0000] {processor.py:840} INFO - DAG(s) 'openaq_elt_pipeline' retrieved from /opt/airflow/dags/openaq_elt_dag.py
[2025-12-17T00:01:18.600+0000] {logging_mixin.py:188} INFO - [2025-12-17T00:01:18.600+0000] {dag.py:3089} INFO - Sync 1 DAGs
[2025-12-17T00:01:18.611+0000] {logging_mixin.py:188} INFO - [2025-12-17T00:01:18.611+0000] {dag.py:3947} INFO - Setting next_dagrun for openaq_elt_pipeline to None, run_after=None
[2025-12-17T00:01:18.622+0000] {processor.py:183} INFO - Processing /opt/airflow/dags/openaq_elt_dag.py took 0.086 seconds
[2025-12-17T00:01:48.942+0000] {processor.py:161} INFO - Started process (PID=800) to work on /opt/airflow/dags/openaq_elt_dag.py
[2025-12-17T00:01:48.943+0000] {processor.py:830} INFO - Processing file /opt/airflow/dags/openaq_elt_dag.py for tasks to queue
[2025-12-17T00:01:48.945+0000] {logging_mixin.py:188} INFO - [2025-12-17T00:01:48.944+0000] {dagbag.py:545} INFO - Filling up the DagBag from /opt/airflow/dags/openaq_elt_dag.py
[2025-12-17T00:01:48.955+0000] {processor.py:840} INFO - DAG(s) 'openaq_elt_pipeline' retrieved from /opt/airflow/dags/openaq_elt_dag.py
[2025-12-17T00:01:48.977+0000] {logging_mixin.py:188} INFO - [2025-12-17T00:01:48.977+0000] {dag.py:3089} INFO - Sync 1 DAGs
[2025-12-17T00:01:48.984+0000] {logging_mixin.py:188} INFO - [2025-12-17T00:01:48.984+0000] {dag.py:3947} INFO - Setting next_dagrun for openaq_elt_pipeline to None, run_after=None
[2025-12-17T00:01:48.992+0000] {processor.py:183} INFO - Processing /opt/airflow/dags/openaq_elt_dag.py took 0.056 seconds
[2025-12-17T00:02:19.289+0000] {processor.py:161} INFO - Started process (PID=805) to work on /opt/airflow/dags/openaq_elt_dag.py
[2025-12-17T00:02:19.290+0000] {processor.py:830} INFO - Processing file /opt/airflow/dags/openaq_elt_dag.py for tasks to queue
[2025-12-17T00:02:19.293+0000] {logging_mixin.py:188} INFO - [2025-12-17T00:02:19.292+0000] {dagbag.py:545} INFO - Filling up the DagBag from /opt/airflow/dags/openaq_elt_dag.py
[2025-12-17T00:02:19.303+0000] {processor.py:840} INFO - DAG(s) 'openaq_elt_pipeline' retrieved from /opt/airflow/dags/openaq_elt_dag.py
[2025-12-17T00:02:19.325+0000] {logging_mixin.py:188} INFO - [2025-12-17T00:02:19.325+0000] {dag.py:3089} INFO - Sync 1 DAGs
[2025-12-17T00:02:19.332+0000] {logging_mixin.py:188} INFO - [2025-12-17T00:02:19.332+0000] {dag.py:3947} INFO - Setting next_dagrun for openaq_elt_pipeline to None, run_after=None
[2025-12-17T00:02:19.341+0000] {processor.py:183} INFO - Processing /opt/airflow/dags/openaq_elt_dag.py took 0.059 seconds
[2025-12-17T00:02:49.683+0000] {processor.py:161} INFO - Started process (PID=810) to work on /opt/airflow/dags/openaq_elt_dag.py
[2025-12-17T00:02:49.684+0000] {processor.py:830} INFO - Processing file /opt/airflow/dags/openaq_elt_dag.py for tasks to queue
[2025-12-17T00:02:49.687+0000] {logging_mixin.py:188} INFO - [2025-12-17T00:02:49.687+0000] {dagbag.py:545} INFO - Filling up the DagBag from /opt/airflow/dags/openaq_elt_dag.py
[2025-12-17T00:02:49.701+0000] {processor.py:840} INFO - DAG(s) 'openaq_elt_pipeline' retrieved from /opt/airflow/dags/openaq_elt_dag.py
[2025-12-17T00:02:49.723+0000] {logging_mixin.py:188} INFO - [2025-12-17T00:02:49.723+0000] {dag.py:3089} INFO - Sync 1 DAGs
[2025-12-17T00:02:49.734+0000] {logging_mixin.py:188} INFO - [2025-12-17T00:02:49.733+0000] {dag.py:3947} INFO - Setting next_dagrun for openaq_elt_pipeline to None, run_after=None
[2025-12-17T00:02:49.743+0000] {processor.py:183} INFO - Processing /opt/airflow/dags/openaq_elt_dag.py took 0.068 seconds
[2025-12-17T00:03:20.035+0000] {processor.py:161} INFO - Started process (PID=815) to work on /opt/airflow/dags/openaq_elt_dag.py
[2025-12-17T00:03:20.037+0000] {processor.py:830} INFO - Processing file /opt/airflow/dags/openaq_elt_dag.py for tasks to queue
[2025-12-17T00:03:20.041+0000] {logging_mixin.py:188} INFO - [2025-12-17T00:03:20.040+0000] {dagbag.py:545} INFO - Filling up the DagBag from /opt/airflow/dags/openaq_elt_dag.py
[2025-12-17T00:03:20.052+0000] {processor.py:840} INFO - DAG(s) 'openaq_elt_pipeline' retrieved from /opt/airflow/dags/openaq_elt_dag.py
[2025-12-17T00:03:20.073+0000] {logging_mixin.py:188} INFO - [2025-12-17T00:03:20.073+0000] {dag.py:3089} INFO - Sync 1 DAGs
[2025-12-17T00:03:20.080+0000] {logging_mixin.py:188} INFO - [2025-12-17T00:03:20.080+0000] {dag.py:3947} INFO - Setting next_dagrun for openaq_elt_pipeline to None, run_after=None
[2025-12-17T00:03:20.087+0000] {processor.py:183} INFO - Processing /opt/airflow/dags/openaq_elt_dag.py took 0.060 seconds
[2025-12-17T00:03:50.416+0000] {processor.py:161} INFO - Started process (PID=820) to work on /opt/airflow/dags/openaq_elt_dag.py
[2025-12-17T00:03:50.418+0000] {processor.py:830} INFO - Processing file /opt/airflow/dags/openaq_elt_dag.py for tasks to queue
[2025-12-17T00:03:50.420+0000] {logging_mixin.py:188} INFO - [2025-12-17T00:03:50.419+0000] {dagbag.py:545} INFO - Filling up the DagBag from /opt/airflow/dags/openaq_elt_dag.py
[2025-12-17T00:03:50.429+0000] {processor.py:840} INFO - DAG(s) 'openaq_elt_pipeline' retrieved from /opt/airflow/dags/openaq_elt_dag.py
[2025-12-17T00:03:50.448+0000] {logging_mixin.py:188} INFO - [2025-12-17T00:03:50.448+0000] {dag.py:3089} INFO - Sync 1 DAGs
[2025-12-17T00:03:50.454+0000] {logging_mixin.py:188} INFO - [2025-12-17T00:03:50.454+0000] {dag.py:3947} INFO - Setting next_dagrun for openaq_elt_pipeline to None, run_after=None
[2025-12-17T00:03:50.462+0000] {processor.py:183} INFO - Processing /opt/airflow/dags/openaq_elt_dag.py took 0.052 seconds
[2025-12-17T00:04:20.800+0000] {processor.py:161} INFO - Started process (PID=825) to work on /opt/airflow/dags/openaq_elt_dag.py
[2025-12-17T00:04:20.801+0000] {processor.py:830} INFO - Processing file /opt/airflow/dags/openaq_elt_dag.py for tasks to queue
[2025-12-17T00:04:20.804+0000] {logging_mixin.py:188} INFO - [2025-12-17T00:04:20.804+0000] {dagbag.py:545} INFO - Filling up the DagBag from /opt/airflow/dags/openaq_elt_dag.py
[2025-12-17T00:04:20.817+0000] {processor.py:840} INFO - DAG(s) 'openaq_elt_pipeline' retrieved from /opt/airflow/dags/openaq_elt_dag.py
[2025-12-17T00:04:20.841+0000] {logging_mixin.py:188} INFO - [2025-12-17T00:04:20.840+0000] {dag.py:3089} INFO - Sync 1 DAGs
[2025-12-17T00:04:20.848+0000] {logging_mixin.py:188} INFO - [2025-12-17T00:04:20.848+0000] {dag.py:3947} INFO - Setting next_dagrun for openaq_elt_pipeline to None, run_after=None
[2025-12-17T00:04:20.857+0000] {processor.py:183} INFO - Processing /opt/airflow/dags/openaq_elt_dag.py took 0.065 seconds
[2025-12-17T00:04:51.135+0000] {processor.py:161} INFO - Started process (PID=830) to work on /opt/airflow/dags/openaq_elt_dag.py
[2025-12-17T00:04:51.136+0000] {processor.py:830} INFO - Processing file /opt/airflow/dags/openaq_elt_dag.py for tasks to queue
[2025-12-17T00:04:51.139+0000] {logging_mixin.py:188} INFO - [2025-12-17T00:04:51.138+0000] {dagbag.py:545} INFO - Filling up the DagBag from /opt/airflow/dags/openaq_elt_dag.py
[2025-12-17T00:04:51.149+0000] {processor.py:840} INFO - DAG(s) 'openaq_elt_pipeline' retrieved from /opt/airflow/dags/openaq_elt_dag.py
[2025-12-17T00:04:51.169+0000] {logging_mixin.py:188} INFO - [2025-12-17T00:04:51.169+0000] {dag.py:3089} INFO - Sync 1 DAGs
[2025-12-17T00:04:51.177+0000] {logging_mixin.py:188} INFO - [2025-12-17T00:04:51.177+0000] {dag.py:3947} INFO - Setting next_dagrun for openaq_elt_pipeline to None, run_after=None
[2025-12-17T00:04:51.185+0000] {processor.py:183} INFO - Processing /opt/airflow/dags/openaq_elt_dag.py took 0.056 seconds
[2025-12-17T00:05:21.507+0000] {processor.py:161} INFO - Started process (PID=835) to work on /opt/airflow/dags/openaq_elt_dag.py
[2025-12-17T00:05:21.508+0000] {processor.py:830} INFO - Processing file /opt/airflow/dags/openaq_elt_dag.py for tasks to queue
[2025-12-17T00:05:21.511+0000] {logging_mixin.py:188} INFO - [2025-12-17T00:05:21.510+0000] {dagbag.py:545} INFO - Filling up the DagBag from /opt/airflow/dags/openaq_elt_dag.py
[2025-12-17T00:05:21.521+0000] {processor.py:840} INFO - DAG(s) 'openaq_elt_pipeline' retrieved from /opt/airflow/dags/openaq_elt_dag.py
[2025-12-17T00:05:21.542+0000] {logging_mixin.py:188} INFO - [2025-12-17T00:05:21.542+0000] {dag.py:3089} INFO - Sync 1 DAGs
[2025-12-17T00:05:21.549+0000] {logging_mixin.py:188} INFO - [2025-12-17T00:05:21.549+0000] {dag.py:3947} INFO - Setting next_dagrun for openaq_elt_pipeline to None, run_after=None
[2025-12-17T00:05:21.557+0000] {processor.py:183} INFO - Processing /opt/airflow/dags/openaq_elt_dag.py took 0.057 seconds
[2025-12-17T00:05:51.818+0000] {processor.py:161} INFO - Started process (PID=840) to work on /opt/airflow/dags/openaq_elt_dag.py
[2025-12-17T00:05:51.819+0000] {processor.py:830} INFO - Processing file /opt/airflow/dags/openaq_elt_dag.py for tasks to queue
[2025-12-17T00:05:51.821+0000] {logging_mixin.py:188} INFO - [2025-12-17T00:05:51.821+0000] {dagbag.py:545} INFO - Filling up the DagBag from /opt/airflow/dags/openaq_elt_dag.py
[2025-12-17T00:05:51.830+0000] {processor.py:840} INFO - DAG(s) 'openaq_elt_pipeline' retrieved from /opt/airflow/dags/openaq_elt_dag.py
[2025-12-17T00:05:51.852+0000] {logging_mixin.py:188} INFO - [2025-12-17T00:05:51.852+0000] {dag.py:3089} INFO - Sync 1 DAGs
[2025-12-17T00:05:51.859+0000] {logging_mixin.py:188} INFO - [2025-12-17T00:05:51.859+0000] {dag.py:3947} INFO - Setting next_dagrun for openaq_elt_pipeline to None, run_after=None
[2025-12-17T00:05:51.867+0000] {processor.py:183} INFO - Processing /opt/airflow/dags/openaq_elt_dag.py took 0.055 seconds
[2025-12-17T00:06:22.201+0000] {processor.py:161} INFO - Started process (PID=845) to work on /opt/airflow/dags/openaq_elt_dag.py
[2025-12-17T00:06:22.202+0000] {processor.py:830} INFO - Processing file /opt/airflow/dags/openaq_elt_dag.py for tasks to queue
[2025-12-17T00:06:22.206+0000] {logging_mixin.py:188} INFO - [2025-12-17T00:06:22.205+0000] {dagbag.py:545} INFO - Filling up the DagBag from /opt/airflow/dags/openaq_elt_dag.py
[2025-12-17T00:06:22.233+0000] {processor.py:840} INFO - DAG(s) 'openaq_elt_pipeline' retrieved from /opt/airflow/dags/openaq_elt_dag.py
[2025-12-17T00:06:22.270+0000] {logging_mixin.py:188} INFO - [2025-12-17T00:06:22.270+0000] {dag.py:3089} INFO - Sync 1 DAGs
[2025-12-17T00:06:22.281+0000] {logging_mixin.py:188} INFO - [2025-12-17T00:06:22.281+0000] {dag.py:3947} INFO - Setting next_dagrun for openaq_elt_pipeline to None, run_after=None
[2025-12-17T00:06:22.366+0000] {processor.py:183} INFO - Processing /opt/airflow/dags/openaq_elt_dag.py took 0.176 seconds
[2025-12-17T00:06:52.561+0000] {processor.py:161} INFO - Started process (PID=850) to work on /opt/airflow/dags/openaq_elt_dag.py
[2025-12-17T00:06:52.562+0000] {processor.py:830} INFO - Processing file /opt/airflow/dags/openaq_elt_dag.py for tasks to queue
[2025-12-17T00:06:52.564+0000] {logging_mixin.py:188} INFO - [2025-12-17T00:06:52.564+0000] {dagbag.py:545} INFO - Filling up the DagBag from /opt/airflow/dags/openaq_elt_dag.py
[2025-12-17T00:06:52.573+0000] {processor.py:840} INFO - DAG(s) 'openaq_elt_pipeline' retrieved from /opt/airflow/dags/openaq_elt_dag.py
[2025-12-17T00:06:52.600+0000] {logging_mixin.py:188} INFO - [2025-12-17T00:06:52.600+0000] {dag.py:3089} INFO - Sync 1 DAGs
[2025-12-17T00:06:52.607+0000] {logging_mixin.py:188} INFO - [2025-12-17T00:06:52.607+0000] {dag.py:3947} INFO - Setting next_dagrun for openaq_elt_pipeline to None, run_after=None
[2025-12-17T00:06:52.615+0000] {processor.py:183} INFO - Processing /opt/airflow/dags/openaq_elt_dag.py took 0.061 seconds
[2025-12-17T00:07:22.914+0000] {processor.py:161} INFO - Started process (PID=855) to work on /opt/airflow/dags/openaq_elt_dag.py
[2025-12-17T00:07:22.914+0000] {processor.py:830} INFO - Processing file /opt/airflow/dags/openaq_elt_dag.py for tasks to queue
[2025-12-17T00:07:22.917+0000] {logging_mixin.py:188} INFO - [2025-12-17T00:07:22.917+0000] {dagbag.py:545} INFO - Filling up the DagBag from /opt/airflow/dags/openaq_elt_dag.py
[2025-12-17T00:07:22.929+0000] {processor.py:840} INFO - DAG(s) 'openaq_elt_pipeline' retrieved from /opt/airflow/dags/openaq_elt_dag.py
[2025-12-17T00:07:22.956+0000] {logging_mixin.py:188} INFO - [2025-12-17T00:07:22.956+0000] {dag.py:3089} INFO - Sync 1 DAGs
[2025-12-17T00:07:22.965+0000] {logging_mixin.py:188} INFO - [2025-12-17T00:07:22.965+0000] {dag.py:3947} INFO - Setting next_dagrun for openaq_elt_pipeline to None, run_after=None
[2025-12-17T00:07:22.976+0000] {processor.py:183} INFO - Processing /opt/airflow/dags/openaq_elt_dag.py took 0.071 seconds
[2025-12-17T00:07:53.307+0000] {processor.py:161} INFO - Started process (PID=860) to work on /opt/airflow/dags/openaq_elt_dag.py
[2025-12-17T00:07:53.307+0000] {processor.py:830} INFO - Processing file /opt/airflow/dags/openaq_elt_dag.py for tasks to queue
[2025-12-17T00:07:53.309+0000] {logging_mixin.py:188} INFO - [2025-12-17T00:07:53.309+0000] {dagbag.py:545} INFO - Filling up the DagBag from /opt/airflow/dags/openaq_elt_dag.py
[2025-12-17T00:07:53.319+0000] {processor.py:840} INFO - DAG(s) 'openaq_elt_pipeline' retrieved from /opt/airflow/dags/openaq_elt_dag.py
[2025-12-17T00:07:53.342+0000] {logging_mixin.py:188} INFO - [2025-12-17T00:07:53.342+0000] {dag.py:3089} INFO - Sync 1 DAGs
[2025-12-17T00:07:53.350+0000] {logging_mixin.py:188} INFO - [2025-12-17T00:07:53.349+0000] {dag.py:3947} INFO - Setting next_dagrun for openaq_elt_pipeline to None, run_after=None
[2025-12-17T00:07:53.358+0000] {processor.py:183} INFO - Processing /opt/airflow/dags/openaq_elt_dag.py took 0.058 seconds
[2025-12-17T00:08:23.707+0000] {processor.py:161} INFO - Started process (PID=865) to work on /opt/airflow/dags/openaq_elt_dag.py
[2025-12-17T00:08:23.708+0000] {processor.py:830} INFO - Processing file /opt/airflow/dags/openaq_elt_dag.py for tasks to queue
[2025-12-17T00:08:23.711+0000] {logging_mixin.py:188} INFO - [2025-12-17T00:08:23.710+0000] {dagbag.py:545} INFO - Filling up the DagBag from /opt/airflow/dags/openaq_elt_dag.py
[2025-12-17T00:08:23.727+0000] {processor.py:840} INFO - DAG(s) 'openaq_elt_pipeline' retrieved from /opt/airflow/dags/openaq_elt_dag.py
[2025-12-17T00:08:23.761+0000] {logging_mixin.py:188} INFO - [2025-12-17T00:08:23.760+0000] {dag.py:3089} INFO - Sync 1 DAGs
[2025-12-17T00:08:23.769+0000] {logging_mixin.py:188} INFO - [2025-12-17T00:08:23.769+0000] {dag.py:3947} INFO - Setting next_dagrun for openaq_elt_pipeline to None, run_after=None
[2025-12-17T00:08:23.778+0000] {processor.py:183} INFO - Processing /opt/airflow/dags/openaq_elt_dag.py took 0.081 seconds
[2025-12-17T00:08:54.049+0000] {processor.py:161} INFO - Started process (PID=870) to work on /opt/airflow/dags/openaq_elt_dag.py
[2025-12-17T00:08:54.051+0000] {processor.py:830} INFO - Processing file /opt/airflow/dags/openaq_elt_dag.py for tasks to queue
[2025-12-17T00:08:54.054+0000] {logging_mixin.py:188} INFO - [2025-12-17T00:08:54.054+0000] {dagbag.py:545} INFO - Filling up the DagBag from /opt/airflow/dags/openaq_elt_dag.py
[2025-12-17T00:08:54.066+0000] {processor.py:840} INFO - DAG(s) 'openaq_elt_pipeline' retrieved from /opt/airflow/dags/openaq_elt_dag.py
[2025-12-17T00:08:54.087+0000] {logging_mixin.py:188} INFO - [2025-12-17T00:08:54.087+0000] {dag.py:3089} INFO - Sync 1 DAGs
[2025-12-17T00:08:54.094+0000] {logging_mixin.py:188} INFO - [2025-12-17T00:08:54.094+0000] {dag.py:3947} INFO - Setting next_dagrun for openaq_elt_pipeline to None, run_after=None
[2025-12-17T00:08:54.104+0000] {processor.py:183} INFO - Processing /opt/airflow/dags/openaq_elt_dag.py took 0.063 seconds
[2025-12-17T00:09:24.405+0000] {processor.py:161} INFO - Started process (PID=875) to work on /opt/airflow/dags/openaq_elt_dag.py
[2025-12-17T00:09:24.406+0000] {processor.py:830} INFO - Processing file /opt/airflow/dags/openaq_elt_dag.py for tasks to queue
[2025-12-17T00:09:24.409+0000] {logging_mixin.py:188} INFO - [2025-12-17T00:09:24.408+0000] {dagbag.py:545} INFO - Filling up the DagBag from /opt/airflow/dags/openaq_elt_dag.py
[2025-12-17T00:09:24.422+0000] {processor.py:840} INFO - DAG(s) 'openaq_elt_pipeline' retrieved from /opt/airflow/dags/openaq_elt_dag.py
[2025-12-17T00:09:24.447+0000] {logging_mixin.py:188} INFO - [2025-12-17T00:09:24.447+0000] {dag.py:3089} INFO - Sync 1 DAGs
[2025-12-17T00:09:24.456+0000] {logging_mixin.py:188} INFO - [2025-12-17T00:09:24.455+0000] {dag.py:3947} INFO - Setting next_dagrun for openaq_elt_pipeline to None, run_after=None
[2025-12-17T00:09:24.464+0000] {processor.py:183} INFO - Processing /opt/airflow/dags/openaq_elt_dag.py took 0.068 seconds
[2025-12-17T00:09:54.765+0000] {processor.py:161} INFO - Started process (PID=880) to work on /opt/airflow/dags/openaq_elt_dag.py
[2025-12-17T00:09:54.766+0000] {processor.py:830} INFO - Processing file /opt/airflow/dags/openaq_elt_dag.py for tasks to queue
[2025-12-17T00:09:54.768+0000] {logging_mixin.py:188} INFO - [2025-12-17T00:09:54.768+0000] {dagbag.py:545} INFO - Filling up the DagBag from /opt/airflow/dags/openaq_elt_dag.py
[2025-12-17T00:09:54.783+0000] {processor.py:840} INFO - DAG(s) 'openaq_elt_pipeline' retrieved from /opt/airflow/dags/openaq_elt_dag.py
[2025-12-17T00:09:54.811+0000] {logging_mixin.py:188} INFO - [2025-12-17T00:09:54.811+0000] {dag.py:3089} INFO - Sync 1 DAGs
[2025-12-17T00:09:54.830+0000] {logging_mixin.py:188} INFO - [2025-12-17T00:09:54.829+0000] {dag.py:3947} INFO - Setting next_dagrun for openaq_elt_pipeline to None, run_after=None
[2025-12-17T00:09:54.840+0000] {processor.py:183} INFO - Processing /opt/airflow/dags/openaq_elt_dag.py took 0.084 seconds
[2025-12-17T00:10:25.156+0000] {processor.py:161} INFO - Started process (PID=885) to work on /opt/airflow/dags/openaq_elt_dag.py
[2025-12-17T00:10:25.157+0000] {processor.py:830} INFO - Processing file /opt/airflow/dags/openaq_elt_dag.py for tasks to queue
[2025-12-17T00:10:25.159+0000] {logging_mixin.py:188} INFO - [2025-12-17T00:10:25.158+0000] {dagbag.py:545} INFO - Filling up the DagBag from /opt/airflow/dags/openaq_elt_dag.py
[2025-12-17T00:10:25.181+0000] {processor.py:840} INFO - DAG(s) 'openaq_elt_pipeline' retrieved from /opt/airflow/dags/openaq_elt_dag.py
[2025-12-17T00:10:25.218+0000] {logging_mixin.py:188} INFO - [2025-12-17T00:10:25.218+0000] {dag.py:3089} INFO - Sync 1 DAGs
[2025-12-17T00:10:25.225+0000] {logging_mixin.py:188} INFO - [2025-12-17T00:10:25.225+0000] {dag.py:3947} INFO - Setting next_dagrun for openaq_elt_pipeline to None, run_after=None
[2025-12-17T00:10:25.236+0000] {processor.py:183} INFO - Processing /opt/airflow/dags/openaq_elt_dag.py took 0.093 seconds
[2025-12-17T00:10:55.391+0000] {processor.py:161} INFO - Started process (PID=890) to work on /opt/airflow/dags/openaq_elt_dag.py
[2025-12-17T00:10:55.391+0000] {processor.py:830} INFO - Processing file /opt/airflow/dags/openaq_elt_dag.py for tasks to queue
[2025-12-17T00:10:55.393+0000] {logging_mixin.py:188} INFO - [2025-12-17T00:10:55.393+0000] {dagbag.py:545} INFO - Filling up the DagBag from /opt/airflow/dags/openaq_elt_dag.py
[2025-12-17T00:10:55.404+0000] {processor.py:840} INFO - DAG(s) 'openaq_elt_pipeline' retrieved from /opt/airflow/dags/openaq_elt_dag.py
[2025-12-17T00:10:55.429+0000] {logging_mixin.py:188} INFO - [2025-12-17T00:10:55.429+0000] {dag.py:3089} INFO - Sync 1 DAGs
[2025-12-17T00:10:55.439+0000] {logging_mixin.py:188} INFO - [2025-12-17T00:10:55.439+0000] {dag.py:3947} INFO - Setting next_dagrun for openaq_elt_pipeline to None, run_after=None
[2025-12-17T00:10:55.450+0000] {processor.py:183} INFO - Processing /opt/airflow/dags/openaq_elt_dag.py took 0.067 seconds
[2025-12-17T00:11:25.750+0000] {processor.py:161} INFO - Started process (PID=895) to work on /opt/airflow/dags/openaq_elt_dag.py
[2025-12-17T00:11:25.750+0000] {processor.py:830} INFO - Processing file /opt/airflow/dags/openaq_elt_dag.py for tasks to queue
[2025-12-17T00:11:25.752+0000] {logging_mixin.py:188} INFO - [2025-12-17T00:11:25.752+0000] {dagbag.py:545} INFO - Filling up the DagBag from /opt/airflow/dags/openaq_elt_dag.py
[2025-12-17T00:11:25.760+0000] {processor.py:840} INFO - DAG(s) 'openaq_elt_pipeline' retrieved from /opt/airflow/dags/openaq_elt_dag.py
[2025-12-17T00:11:25.781+0000] {logging_mixin.py:188} INFO - [2025-12-17T00:11:25.781+0000] {dag.py:3089} INFO - Sync 1 DAGs
[2025-12-17T00:11:25.788+0000] {logging_mixin.py:188} INFO - [2025-12-17T00:11:25.788+0000] {dag.py:3947} INFO - Setting next_dagrun for openaq_elt_pipeline to None, run_after=None
[2025-12-17T00:11:25.797+0000] {processor.py:183} INFO - Processing /opt/airflow/dags/openaq_elt_dag.py took 0.053 seconds
[2025-12-17T00:11:56.072+0000] {processor.py:161} INFO - Started process (PID=900) to work on /opt/airflow/dags/openaq_elt_dag.py
[2025-12-17T00:11:56.073+0000] {processor.py:830} INFO - Processing file /opt/airflow/dags/openaq_elt_dag.py for tasks to queue
[2025-12-17T00:11:56.076+0000] {logging_mixin.py:188} INFO - [2025-12-17T00:11:56.075+0000] {dagbag.py:545} INFO - Filling up the DagBag from /opt/airflow/dags/openaq_elt_dag.py
[2025-12-17T00:11:56.092+0000] {processor.py:840} INFO - DAG(s) 'openaq_elt_pipeline' retrieved from /opt/airflow/dags/openaq_elt_dag.py
[2025-12-17T00:11:56.113+0000] {logging_mixin.py:188} INFO - [2025-12-17T00:11:56.113+0000] {dag.py:3089} INFO - Sync 1 DAGs
[2025-12-17T00:11:56.119+0000] {logging_mixin.py:188} INFO - [2025-12-17T00:11:56.119+0000] {dag.py:3947} INFO - Setting next_dagrun for openaq_elt_pipeline to None, run_after=None
[2025-12-17T00:11:56.127+0000] {processor.py:183} INFO - Processing /opt/airflow/dags/openaq_elt_dag.py took 0.063 seconds
[2025-12-17T00:12:26.425+0000] {processor.py:161} INFO - Started process (PID=905) to work on /opt/airflow/dags/openaq_elt_dag.py
[2025-12-17T00:12:26.426+0000] {processor.py:830} INFO - Processing file /opt/airflow/dags/openaq_elt_dag.py for tasks to queue
[2025-12-17T00:12:26.428+0000] {logging_mixin.py:188} INFO - [2025-12-17T00:12:26.427+0000] {dagbag.py:545} INFO - Filling up the DagBag from /opt/airflow/dags/openaq_elt_dag.py
[2025-12-17T00:12:26.437+0000] {processor.py:840} INFO - DAG(s) 'openaq_elt_pipeline' retrieved from /opt/airflow/dags/openaq_elt_dag.py
[2025-12-17T00:12:26.463+0000] {logging_mixin.py:188} INFO - [2025-12-17T00:12:26.463+0000] {dag.py:3089} INFO - Sync 1 DAGs
[2025-12-17T00:12:26.470+0000] {logging_mixin.py:188} INFO - [2025-12-17T00:12:26.470+0000] {dag.py:3947} INFO - Setting next_dagrun for openaq_elt_pipeline to None, run_after=None
[2025-12-17T00:12:26.479+0000] {processor.py:183} INFO - Processing /opt/airflow/dags/openaq_elt_dag.py took 0.060 seconds
[2025-12-17T00:12:56.727+0000] {processor.py:161} INFO - Started process (PID=910) to work on /opt/airflow/dags/openaq_elt_dag.py
[2025-12-17T00:12:56.728+0000] {processor.py:830} INFO - Processing file /opt/airflow/dags/openaq_elt_dag.py for tasks to queue
[2025-12-17T00:12:56.730+0000] {logging_mixin.py:188} INFO - [2025-12-17T00:12:56.730+0000] {dagbag.py:545} INFO - Filling up the DagBag from /opt/airflow/dags/openaq_elt_dag.py
[2025-12-17T00:12:56.740+0000] {processor.py:840} INFO - DAG(s) 'openaq_elt_pipeline' retrieved from /opt/airflow/dags/openaq_elt_dag.py
[2025-12-17T00:12:56.762+0000] {logging_mixin.py:188} INFO - [2025-12-17T00:12:56.761+0000] {dag.py:3089} INFO - Sync 1 DAGs
[2025-12-17T00:12:56.770+0000] {logging_mixin.py:188} INFO - [2025-12-17T00:12:56.769+0000] {dag.py:3947} INFO - Setting next_dagrun for openaq_elt_pipeline to None, run_after=None
[2025-12-17T00:12:56.779+0000] {processor.py:183} INFO - Processing /opt/airflow/dags/openaq_elt_dag.py took 0.057 seconds
[2025-12-17T00:13:26.999+0000] {processor.py:161} INFO - Started process (PID=915) to work on /opt/airflow/dags/openaq_elt_dag.py
[2025-12-17T00:13:27.000+0000] {processor.py:830} INFO - Processing file /opt/airflow/dags/openaq_elt_dag.py for tasks to queue
[2025-12-17T00:13:27.001+0000] {logging_mixin.py:188} INFO - [2025-12-17T00:13:27.001+0000] {dagbag.py:545} INFO - Filling up the DagBag from /opt/airflow/dags/openaq_elt_dag.py
[2025-12-17T00:13:27.011+0000] {processor.py:840} INFO - DAG(s) 'openaq_elt_pipeline' retrieved from /opt/airflow/dags/openaq_elt_dag.py
[2025-12-17T00:13:27.037+0000] {logging_mixin.py:188} INFO - [2025-12-17T00:13:27.037+0000] {dag.py:3089} INFO - Sync 1 DAGs
[2025-12-17T00:13:27.045+0000] {logging_mixin.py:188} INFO - [2025-12-17T00:13:27.045+0000] {dag.py:3947} INFO - Setting next_dagrun for openaq_elt_pipeline to None, run_after=None
[2025-12-17T00:13:27.054+0000] {processor.py:183} INFO - Processing /opt/airflow/dags/openaq_elt_dag.py took 0.062 seconds
[2025-12-17T00:13:57.382+0000] {processor.py:161} INFO - Started process (PID=920) to work on /opt/airflow/dags/openaq_elt_dag.py
[2025-12-17T00:13:57.383+0000] {processor.py:830} INFO - Processing file /opt/airflow/dags/openaq_elt_dag.py for tasks to queue
[2025-12-17T00:13:57.386+0000] {logging_mixin.py:188} INFO - [2025-12-17T00:13:57.386+0000] {dagbag.py:545} INFO - Filling up the DagBag from /opt/airflow/dags/openaq_elt_dag.py
[2025-12-17T00:13:57.398+0000] {processor.py:840} INFO - DAG(s) 'openaq_elt_pipeline' retrieved from /opt/airflow/dags/openaq_elt_dag.py
[2025-12-17T00:13:57.425+0000] {logging_mixin.py:188} INFO - [2025-12-17T00:13:57.425+0000] {dag.py:3089} INFO - Sync 1 DAGs
[2025-12-17T00:13:57.434+0000] {logging_mixin.py:188} INFO - [2025-12-17T00:13:57.434+0000] {dag.py:3947} INFO - Setting next_dagrun for openaq_elt_pipeline to None, run_after=None
[2025-12-17T00:13:57.445+0000] {processor.py:183} INFO - Processing /opt/airflow/dags/openaq_elt_dag.py took 0.072 seconds
[2025-12-17T00:14:27.702+0000] {processor.py:161} INFO - Started process (PID=925) to work on /opt/airflow/dags/openaq_elt_dag.py
[2025-12-17T00:14:27.702+0000] {processor.py:830} INFO - Processing file /opt/airflow/dags/openaq_elt_dag.py for tasks to queue
[2025-12-17T00:14:27.704+0000] {logging_mixin.py:188} INFO - [2025-12-17T00:14:27.704+0000] {dagbag.py:545} INFO - Filling up the DagBag from /opt/airflow/dags/openaq_elt_dag.py
[2025-12-17T00:14:27.714+0000] {processor.py:840} INFO - DAG(s) 'openaq_elt_pipeline' retrieved from /opt/airflow/dags/openaq_elt_dag.py
[2025-12-17T00:14:27.735+0000] {logging_mixin.py:188} INFO - [2025-12-17T00:14:27.735+0000] {dag.py:3089} INFO - Sync 1 DAGs
[2025-12-17T00:14:27.742+0000] {logging_mixin.py:188} INFO - [2025-12-17T00:14:27.742+0000] {dag.py:3947} INFO - Setting next_dagrun for openaq_elt_pipeline to None, run_after=None
[2025-12-17T00:14:27.751+0000] {processor.py:183} INFO - Processing /opt/airflow/dags/openaq_elt_dag.py took 0.059 seconds
[2025-12-17T00:14:57.970+0000] {processor.py:161} INFO - Started process (PID=930) to work on /opt/airflow/dags/openaq_elt_dag.py
[2025-12-17T00:14:57.971+0000] {processor.py:830} INFO - Processing file /opt/airflow/dags/openaq_elt_dag.py for tasks to queue
[2025-12-17T00:14:57.972+0000] {logging_mixin.py:188} INFO - [2025-12-17T00:14:57.971+0000] {dagbag.py:545} INFO - Filling up the DagBag from /opt/airflow/dags/openaq_elt_dag.py
[2025-12-17T00:14:57.979+0000] {processor.py:840} INFO - DAG(s) 'openaq_elt_pipeline' retrieved from /opt/airflow/dags/openaq_elt_dag.py
[2025-12-17T00:14:57.996+0000] {logging_mixin.py:188} INFO - [2025-12-17T00:14:57.996+0000] {dag.py:3089} INFO - Sync 1 DAGs
[2025-12-17T00:14:58.003+0000] {logging_mixin.py:188} INFO - [2025-12-17T00:14:58.002+0000] {dag.py:3947} INFO - Setting next_dagrun for openaq_elt_pipeline to None, run_after=None
[2025-12-17T00:14:58.010+0000] {processor.py:183} INFO - Processing /opt/airflow/dags/openaq_elt_dag.py took 0.045 seconds
[2025-12-17T00:15:28.354+0000] {processor.py:161} INFO - Started process (PID=935) to work on /opt/airflow/dags/openaq_elt_dag.py
[2025-12-17T00:15:28.356+0000] {processor.py:830} INFO - Processing file /opt/airflow/dags/openaq_elt_dag.py for tasks to queue
[2025-12-17T00:15:28.361+0000] {logging_mixin.py:188} INFO - [2025-12-17T00:15:28.359+0000] {dagbag.py:545} INFO - Filling up the DagBag from /opt/airflow/dags/openaq_elt_dag.py
[2025-12-17T00:15:28.388+0000] {processor.py:840} INFO - DAG(s) 'openaq_elt_pipeline' retrieved from /opt/airflow/dags/openaq_elt_dag.py
[2025-12-17T00:15:28.415+0000] {logging_mixin.py:188} INFO - [2025-12-17T00:15:28.415+0000] {dag.py:3089} INFO - Sync 1 DAGs
[2025-12-17T00:15:28.425+0000] {logging_mixin.py:188} INFO - [2025-12-17T00:15:28.425+0000] {dag.py:3947} INFO - Setting next_dagrun for openaq_elt_pipeline to None, run_after=None
[2025-12-17T00:15:28.434+0000] {processor.py:183} INFO - Processing /opt/airflow/dags/openaq_elt_dag.py took 0.089 seconds
[2025-12-17T00:15:58.748+0000] {processor.py:161} INFO - Started process (PID=940) to work on /opt/airflow/dags/openaq_elt_dag.py
[2025-12-17T00:15:58.749+0000] {processor.py:830} INFO - Processing file /opt/airflow/dags/openaq_elt_dag.py for tasks to queue
[2025-12-17T00:15:58.753+0000] {logging_mixin.py:188} INFO - [2025-12-17T00:15:58.751+0000] {dagbag.py:545} INFO - Filling up the DagBag from /opt/airflow/dags/openaq_elt_dag.py
[2025-12-17T00:15:58.761+0000] {processor.py:840} INFO - DAG(s) 'openaq_elt_pipeline' retrieved from /opt/airflow/dags/openaq_elt_dag.py
[2025-12-17T00:15:58.786+0000] {logging_mixin.py:188} INFO - [2025-12-17T00:15:58.786+0000] {dag.py:3089} INFO - Sync 1 DAGs
[2025-12-17T00:15:58.794+0000] {logging_mixin.py:188} INFO - [2025-12-17T00:15:58.794+0000] {dag.py:3947} INFO - Setting next_dagrun for openaq_elt_pipeline to None, run_after=None
[2025-12-17T00:15:58.802+0000] {processor.py:183} INFO - Processing /opt/airflow/dags/openaq_elt_dag.py took 0.063 seconds
[2025-12-17T00:16:29.103+0000] {processor.py:161} INFO - Started process (PID=945) to work on /opt/airflow/dags/openaq_elt_dag.py
[2025-12-17T00:16:29.103+0000] {processor.py:830} INFO - Processing file /opt/airflow/dags/openaq_elt_dag.py for tasks to queue
[2025-12-17T00:16:29.106+0000] {logging_mixin.py:188} INFO - [2025-12-17T00:16:29.106+0000] {dagbag.py:545} INFO - Filling up the DagBag from /opt/airflow/dags/openaq_elt_dag.py
[2025-12-17T00:16:29.119+0000] {processor.py:840} INFO - DAG(s) 'openaq_elt_pipeline' retrieved from /opt/airflow/dags/openaq_elt_dag.py
[2025-12-17T00:16:29.143+0000] {logging_mixin.py:188} INFO - [2025-12-17T00:16:29.143+0000] {dag.py:3089} INFO - Sync 1 DAGs
[2025-12-17T00:16:29.151+0000] {logging_mixin.py:188} INFO - [2025-12-17T00:16:29.151+0000] {dag.py:3947} INFO - Setting next_dagrun for openaq_elt_pipeline to None, run_after=None
[2025-12-17T00:16:29.160+0000] {processor.py:183} INFO - Processing /opt/airflow/dags/openaq_elt_dag.py took 0.065 seconds
[2025-12-17T00:16:59.372+0000] {processor.py:161} INFO - Started process (PID=950) to work on /opt/airflow/dags/openaq_elt_dag.py
[2025-12-17T00:16:59.374+0000] {processor.py:830} INFO - Processing file /opt/airflow/dags/openaq_elt_dag.py for tasks to queue
[2025-12-17T00:16:59.376+0000] {logging_mixin.py:188} INFO - [2025-12-17T00:16:59.375+0000] {dagbag.py:545} INFO - Filling up the DagBag from /opt/airflow/dags/openaq_elt_dag.py
[2025-12-17T00:16:59.387+0000] {processor.py:840} INFO - DAG(s) 'openaq_elt_pipeline' retrieved from /opt/airflow/dags/openaq_elt_dag.py
[2025-12-17T00:16:59.414+0000] {logging_mixin.py:188} INFO - [2025-12-17T00:16:59.414+0000] {dag.py:3089} INFO - Sync 1 DAGs
[2025-12-17T00:16:59.422+0000] {logging_mixin.py:188} INFO - [2025-12-17T00:16:59.422+0000] {dag.py:3947} INFO - Setting next_dagrun for openaq_elt_pipeline to None, run_after=None
[2025-12-17T00:16:59.433+0000] {processor.py:183} INFO - Processing /opt/airflow/dags/openaq_elt_dag.py took 0.071 seconds
[2025-12-17T00:17:29.725+0000] {processor.py:161} INFO - Started process (PID=955) to work on /opt/airflow/dags/openaq_elt_dag.py
[2025-12-17T00:17:29.726+0000] {processor.py:830} INFO - Processing file /opt/airflow/dags/openaq_elt_dag.py for tasks to queue
[2025-12-17T00:17:29.728+0000] {logging_mixin.py:188} INFO - [2025-12-17T00:17:29.728+0000] {dagbag.py:545} INFO - Filling up the DagBag from /opt/airflow/dags/openaq_elt_dag.py
[2025-12-17T00:17:29.738+0000] {processor.py:840} INFO - DAG(s) 'openaq_elt_pipeline' retrieved from /opt/airflow/dags/openaq_elt_dag.py
[2025-12-17T00:17:29.757+0000] {logging_mixin.py:188} INFO - [2025-12-17T00:17:29.757+0000] {dag.py:3089} INFO - Sync 1 DAGs
[2025-12-17T00:17:29.763+0000] {logging_mixin.py:188} INFO - [2025-12-17T00:17:29.763+0000] {dag.py:3947} INFO - Setting next_dagrun for openaq_elt_pipeline to None, run_after=None
[2025-12-17T00:17:29.771+0000] {processor.py:183} INFO - Processing /opt/airflow/dags/openaq_elt_dag.py took 0.053 seconds
[2025-12-17T00:18:00.063+0000] {processor.py:161} INFO - Started process (PID=960) to work on /opt/airflow/dags/openaq_elt_dag.py
[2025-12-17T00:18:00.063+0000] {processor.py:830} INFO - Processing file /opt/airflow/dags/openaq_elt_dag.py for tasks to queue
[2025-12-17T00:18:00.066+0000] {logging_mixin.py:188} INFO - [2025-12-17T00:18:00.066+0000] {dagbag.py:545} INFO - Filling up the DagBag from /opt/airflow/dags/openaq_elt_dag.py
[2025-12-17T00:18:00.087+0000] {processor.py:840} INFO - DAG(s) 'openaq_elt_pipeline' retrieved from /opt/airflow/dags/openaq_elt_dag.py
[2025-12-17T00:18:00.114+0000] {logging_mixin.py:188} INFO - [2025-12-17T00:18:00.114+0000] {dag.py:3089} INFO - Sync 1 DAGs
[2025-12-17T00:18:00.121+0000] {logging_mixin.py:188} INFO - [2025-12-17T00:18:00.121+0000] {dag.py:3947} INFO - Setting next_dagrun for openaq_elt_pipeline to None, run_after=None
[2025-12-17T00:18:00.129+0000] {processor.py:183} INFO - Processing /opt/airflow/dags/openaq_elt_dag.py took 0.074 seconds
[2025-12-17T00:18:30.426+0000] {processor.py:161} INFO - Started process (PID=965) to work on /opt/airflow/dags/openaq_elt_dag.py
[2025-12-17T00:18:30.426+0000] {processor.py:830} INFO - Processing file /opt/airflow/dags/openaq_elt_dag.py for tasks to queue
[2025-12-17T00:18:30.428+0000] {logging_mixin.py:188} INFO - [2025-12-17T00:18:30.428+0000] {dagbag.py:545} INFO - Filling up the DagBag from /opt/airflow/dags/openaq_elt_dag.py
[2025-12-17T00:18:30.439+0000] {processor.py:840} INFO - DAG(s) 'openaq_elt_pipeline' retrieved from /opt/airflow/dags/openaq_elt_dag.py
[2025-12-17T00:18:30.458+0000] {logging_mixin.py:188} INFO - [2025-12-17T00:18:30.458+0000] {dag.py:3089} INFO - Sync 1 DAGs
[2025-12-17T00:18:30.465+0000] {logging_mixin.py:188} INFO - [2025-12-17T00:18:30.465+0000] {dag.py:3947} INFO - Setting next_dagrun for openaq_elt_pipeline to None, run_after=None
[2025-12-17T00:18:30.473+0000] {processor.py:183} INFO - Processing /opt/airflow/dags/openaq_elt_dag.py took 0.053 seconds
[2025-12-17T00:19:00.799+0000] {processor.py:161} INFO - Started process (PID=970) to work on /opt/airflow/dags/openaq_elt_dag.py
[2025-12-17T00:19:00.799+0000] {processor.py:830} INFO - Processing file /opt/airflow/dags/openaq_elt_dag.py for tasks to queue
[2025-12-17T00:19:00.801+0000] {logging_mixin.py:188} INFO - [2025-12-17T00:19:00.801+0000] {dagbag.py:545} INFO - Filling up the DagBag from /opt/airflow/dags/openaq_elt_dag.py
[2025-12-17T00:19:00.811+0000] {processor.py:840} INFO - DAG(s) 'openaq_elt_pipeline' retrieved from /opt/airflow/dags/openaq_elt_dag.py
[2025-12-17T00:19:00.831+0000] {logging_mixin.py:188} INFO - [2025-12-17T00:19:00.831+0000] {dag.py:3089} INFO - Sync 1 DAGs
[2025-12-17T00:19:00.838+0000] {logging_mixin.py:188} INFO - [2025-12-17T00:19:00.838+0000] {dag.py:3947} INFO - Setting next_dagrun for openaq_elt_pipeline to None, run_after=None
[2025-12-17T00:19:00.846+0000] {processor.py:183} INFO - Processing /opt/airflow/dags/openaq_elt_dag.py took 0.053 seconds
[2025-12-17T00:19:31.147+0000] {processor.py:161} INFO - Started process (PID=975) to work on /opt/airflow/dags/openaq_elt_dag.py
[2025-12-17T00:19:31.148+0000] {processor.py:830} INFO - Processing file /opt/airflow/dags/openaq_elt_dag.py for tasks to queue
[2025-12-17T00:19:31.156+0000] {logging_mixin.py:188} INFO - [2025-12-17T00:19:31.155+0000] {dagbag.py:545} INFO - Filling up the DagBag from /opt/airflow/dags/openaq_elt_dag.py
[2025-12-17T00:19:31.172+0000] {processor.py:840} INFO - DAG(s) 'openaq_elt_pipeline' retrieved from /opt/airflow/dags/openaq_elt_dag.py
[2025-12-17T00:19:31.200+0000] {logging_mixin.py:188} INFO - [2025-12-17T00:19:31.200+0000] {dag.py:3089} INFO - Sync 1 DAGs
[2025-12-17T00:19:31.212+0000] {logging_mixin.py:188} INFO - [2025-12-17T00:19:31.211+0000] {dag.py:3947} INFO - Setting next_dagrun for openaq_elt_pipeline to None, run_after=None
[2025-12-17T00:19:31.228+0000] {processor.py:183} INFO - Processing /opt/airflow/dags/openaq_elt_dag.py took 0.091 seconds
[2025-12-17T00:20:01.540+0000] {processor.py:161} INFO - Started process (PID=980) to work on /opt/airflow/dags/openaq_elt_dag.py
[2025-12-17T00:20:01.541+0000] {processor.py:830} INFO - Processing file /opt/airflow/dags/openaq_elt_dag.py for tasks to queue
[2025-12-17T00:20:01.543+0000] {logging_mixin.py:188} INFO - [2025-12-17T00:20:01.543+0000] {dagbag.py:545} INFO - Filling up the DagBag from /opt/airflow/dags/openaq_elt_dag.py
[2025-12-17T00:20:01.551+0000] {processor.py:840} INFO - DAG(s) 'openaq_elt_pipeline' retrieved from /opt/airflow/dags/openaq_elt_dag.py
[2025-12-17T00:20:01.576+0000] {logging_mixin.py:188} INFO - [2025-12-17T00:20:01.575+0000] {dag.py:3089} INFO - Sync 1 DAGs
[2025-12-17T00:20:01.584+0000] {logging_mixin.py:188} INFO - [2025-12-17T00:20:01.584+0000] {dag.py:3947} INFO - Setting next_dagrun for openaq_elt_pipeline to None, run_after=None
[2025-12-17T00:20:01.592+0000] {processor.py:183} INFO - Processing /opt/airflow/dags/openaq_elt_dag.py took 0.059 seconds
[2025-12-17T00:20:31.922+0000] {processor.py:161} INFO - Started process (PID=985) to work on /opt/airflow/dags/openaq_elt_dag.py
[2025-12-17T00:20:31.923+0000] {processor.py:830} INFO - Processing file /opt/airflow/dags/openaq_elt_dag.py for tasks to queue
[2025-12-17T00:20:31.928+0000] {logging_mixin.py:188} INFO - [2025-12-17T00:20:31.928+0000] {dagbag.py:545} INFO - Filling up the DagBag from /opt/airflow/dags/openaq_elt_dag.py
[2025-12-17T00:20:31.948+0000] {processor.py:840} INFO - DAG(s) 'openaq_elt_pipeline' retrieved from /opt/airflow/dags/openaq_elt_dag.py
[2025-12-17T00:20:31.982+0000] {logging_mixin.py:188} INFO - [2025-12-17T00:20:31.982+0000] {dag.py:3089} INFO - Sync 1 DAGs
[2025-12-17T00:20:31.992+0000] {logging_mixin.py:188} INFO - [2025-12-17T00:20:31.992+0000] {dag.py:3947} INFO - Setting next_dagrun for openaq_elt_pipeline to None, run_after=None
[2025-12-17T00:20:32.001+0000] {processor.py:183} INFO - Processing /opt/airflow/dags/openaq_elt_dag.py took 0.089 seconds
[2025-12-17T00:21:02.276+0000] {processor.py:161} INFO - Started process (PID=990) to work on /opt/airflow/dags/openaq_elt_dag.py
[2025-12-17T00:21:02.277+0000] {processor.py:830} INFO - Processing file /opt/airflow/dags/openaq_elt_dag.py for tasks to queue
[2025-12-17T00:21:02.280+0000] {logging_mixin.py:188} INFO - [2025-12-17T00:21:02.279+0000] {dagbag.py:545} INFO - Filling up the DagBag from /opt/airflow/dags/openaq_elt_dag.py
[2025-12-17T00:21:02.289+0000] {processor.py:840} INFO - DAG(s) 'openaq_elt_pipeline' retrieved from /opt/airflow/dags/openaq_elt_dag.py
[2025-12-17T00:21:02.309+0000] {logging_mixin.py:188} INFO - [2025-12-17T00:21:02.309+0000] {dag.py:3089} INFO - Sync 1 DAGs
[2025-12-17T00:21:02.317+0000] {logging_mixin.py:188} INFO - [2025-12-17T00:21:02.317+0000] {dag.py:3947} INFO - Setting next_dagrun for openaq_elt_pipeline to None, run_after=None
[2025-12-17T00:21:02.325+0000] {processor.py:183} INFO - Processing /opt/airflow/dags/openaq_elt_dag.py took 0.057 seconds
[2025-12-17T00:21:32.690+0000] {processor.py:161} INFO - Started process (PID=995) to work on /opt/airflow/dags/openaq_elt_dag.py
[2025-12-17T00:21:32.691+0000] {processor.py:830} INFO - Processing file /opt/airflow/dags/openaq_elt_dag.py for tasks to queue
[2025-12-17T00:21:32.693+0000] {logging_mixin.py:188} INFO - [2025-12-17T00:21:32.693+0000] {dagbag.py:545} INFO - Filling up the DagBag from /opt/airflow/dags/openaq_elt_dag.py
[2025-12-17T00:21:32.706+0000] {processor.py:840} INFO - DAG(s) 'openaq_elt_pipeline' retrieved from /opt/airflow/dags/openaq_elt_dag.py
[2025-12-17T00:21:32.730+0000] {logging_mixin.py:188} INFO - [2025-12-17T00:21:32.730+0000] {dag.py:3089} INFO - Sync 1 DAGs
[2025-12-17T00:21:32.739+0000] {logging_mixin.py:188} INFO - [2025-12-17T00:21:32.739+0000] {dag.py:3947} INFO - Setting next_dagrun for openaq_elt_pipeline to None, run_after=None
[2025-12-17T00:21:32.749+0000] {processor.py:183} INFO - Processing /opt/airflow/dags/openaq_elt_dag.py took 0.071 seconds
[2025-12-17T00:22:02.989+0000] {processor.py:161} INFO - Started process (PID=1000) to work on /opt/airflow/dags/openaq_elt_dag.py
[2025-12-17T00:22:02.990+0000] {processor.py:830} INFO - Processing file /opt/airflow/dags/openaq_elt_dag.py for tasks to queue
[2025-12-17T00:22:02.991+0000] {logging_mixin.py:188} INFO - [2025-12-17T00:22:02.991+0000] {dagbag.py:545} INFO - Filling up the DagBag from /opt/airflow/dags/openaq_elt_dag.py
[2025-12-17T00:22:02.997+0000] {processor.py:840} INFO - DAG(s) 'openaq_elt_pipeline' retrieved from /opt/airflow/dags/openaq_elt_dag.py
[2025-12-17T00:22:03.018+0000] {logging_mixin.py:188} INFO - [2025-12-17T00:22:03.018+0000] {dag.py:3089} INFO - Sync 1 DAGs
[2025-12-17T00:22:03.025+0000] {logging_mixin.py:188} INFO - [2025-12-17T00:22:03.025+0000] {dag.py:3947} INFO - Setting next_dagrun for openaq_elt_pipeline to None, run_after=None
[2025-12-17T00:22:03.034+0000] {processor.py:183} INFO - Processing /opt/airflow/dags/openaq_elt_dag.py took 0.049 seconds
[2025-12-17T00:22:33.337+0000] {processor.py:161} INFO - Started process (PID=1005) to work on /opt/airflow/dags/openaq_elt_dag.py
[2025-12-17T00:22:33.338+0000] {processor.py:830} INFO - Processing file /opt/airflow/dags/openaq_elt_dag.py for tasks to queue
[2025-12-17T00:22:33.340+0000] {logging_mixin.py:188} INFO - [2025-12-17T00:22:33.340+0000] {dagbag.py:545} INFO - Filling up the DagBag from /opt/airflow/dags/openaq_elt_dag.py
[2025-12-17T00:22:33.350+0000] {processor.py:840} INFO - DAG(s) 'openaq_elt_pipeline' retrieved from /opt/airflow/dags/openaq_elt_dag.py
[2025-12-17T00:22:33.371+0000] {logging_mixin.py:188} INFO - [2025-12-17T00:22:33.371+0000] {dag.py:3089} INFO - Sync 1 DAGs
[2025-12-17T00:22:33.378+0000] {logging_mixin.py:188} INFO - [2025-12-17T00:22:33.378+0000] {dag.py:3947} INFO - Setting next_dagrun for openaq_elt_pipeline to None, run_after=None
[2025-12-17T00:22:33.386+0000] {processor.py:183} INFO - Processing /opt/airflow/dags/openaq_elt_dag.py took 0.054 seconds
[2025-12-17T00:23:03.723+0000] {processor.py:161} INFO - Started process (PID=1010) to work on /opt/airflow/dags/openaq_elt_dag.py
[2025-12-17T00:23:03.724+0000] {processor.py:830} INFO - Processing file /opt/airflow/dags/openaq_elt_dag.py for tasks to queue
[2025-12-17T00:23:03.727+0000] {logging_mixin.py:188} INFO - [2025-12-17T00:23:03.726+0000] {dagbag.py:545} INFO - Filling up the DagBag from /opt/airflow/dags/openaq_elt_dag.py
[2025-12-17T00:23:03.745+0000] {processor.py:840} INFO - DAG(s) 'openaq_elt_pipeline' retrieved from /opt/airflow/dags/openaq_elt_dag.py
[2025-12-17T00:23:03.775+0000] {logging_mixin.py:188} INFO - [2025-12-17T00:23:03.774+0000] {dag.py:3089} INFO - Sync 1 DAGs
[2025-12-17T00:23:03.786+0000] {logging_mixin.py:188} INFO - [2025-12-17T00:23:03.786+0000] {dag.py:3947} INFO - Setting next_dagrun for openaq_elt_pipeline to None, run_after=None
[2025-12-17T00:23:03.795+0000] {processor.py:183} INFO - Processing /opt/airflow/dags/openaq_elt_dag.py took 0.081 seconds
[2025-12-17T00:23:34.110+0000] {processor.py:161} INFO - Started process (PID=1015) to work on /opt/airflow/dags/openaq_elt_dag.py
[2025-12-17T00:23:34.111+0000] {processor.py:830} INFO - Processing file /opt/airflow/dags/openaq_elt_dag.py for tasks to queue
[2025-12-17T00:23:34.112+0000] {logging_mixin.py:188} INFO - [2025-12-17T00:23:34.112+0000] {dagbag.py:545} INFO - Filling up the DagBag from /opt/airflow/dags/openaq_elt_dag.py
[2025-12-17T00:23:34.121+0000] {processor.py:840} INFO - DAG(s) 'openaq_elt_pipeline' retrieved from /opt/airflow/dags/openaq_elt_dag.py
[2025-12-17T00:23:34.144+0000] {logging_mixin.py:188} INFO - [2025-12-17T00:23:34.144+0000] {dag.py:3089} INFO - Sync 1 DAGs
[2025-12-17T00:23:34.150+0000] {logging_mixin.py:188} INFO - [2025-12-17T00:23:34.150+0000] {dag.py:3947} INFO - Setting next_dagrun for openaq_elt_pipeline to None, run_after=None
[2025-12-17T00:23:34.158+0000] {processor.py:183} INFO - Processing /opt/airflow/dags/openaq_elt_dag.py took 0.055 seconds
[2025-12-17T00:24:04.468+0000] {processor.py:161} INFO - Started process (PID=1020) to work on /opt/airflow/dags/openaq_elt_dag.py
[2025-12-17T00:24:04.468+0000] {processor.py:830} INFO - Processing file /opt/airflow/dags/openaq_elt_dag.py for tasks to queue
[2025-12-17T00:24:04.470+0000] {logging_mixin.py:188} INFO - [2025-12-17T00:24:04.469+0000] {dagbag.py:545} INFO - Filling up the DagBag from /opt/airflow/dags/openaq_elt_dag.py
[2025-12-17T00:24:04.477+0000] {processor.py:840} INFO - DAG(s) 'openaq_elt_pipeline' retrieved from /opt/airflow/dags/openaq_elt_dag.py
[2025-12-17T00:24:04.497+0000] {logging_mixin.py:188} INFO - [2025-12-17T00:24:04.497+0000] {dag.py:3089} INFO - Sync 1 DAGs
[2025-12-17T00:24:04.505+0000] {logging_mixin.py:188} INFO - [2025-12-17T00:24:04.504+0000] {dag.py:3947} INFO - Setting next_dagrun for openaq_elt_pipeline to None, run_after=None
[2025-12-17T00:24:04.514+0000] {processor.py:183} INFO - Processing /opt/airflow/dags/openaq_elt_dag.py took 0.050 seconds
[2025-12-17T00:24:34.799+0000] {processor.py:161} INFO - Started process (PID=1025) to work on /opt/airflow/dags/openaq_elt_dag.py
[2025-12-17T00:24:34.800+0000] {processor.py:830} INFO - Processing file /opt/airflow/dags/openaq_elt_dag.py for tasks to queue
[2025-12-17T00:24:34.806+0000] {logging_mixin.py:188} INFO - [2025-12-17T00:24:34.805+0000] {dagbag.py:545} INFO - Filling up the DagBag from /opt/airflow/dags/openaq_elt_dag.py
[2025-12-17T00:24:34.821+0000] {processor.py:840} INFO - DAG(s) 'openaq_elt_pipeline' retrieved from /opt/airflow/dags/openaq_elt_dag.py
[2025-12-17T00:24:34.856+0000] {logging_mixin.py:188} INFO - [2025-12-17T00:24:34.856+0000] {dag.py:3089} INFO - Sync 1 DAGs
[2025-12-17T00:24:34.866+0000] {logging_mixin.py:188} INFO - [2025-12-17T00:24:34.866+0000] {dag.py:3947} INFO - Setting next_dagrun for openaq_elt_pipeline to None, run_after=None
[2025-12-17T00:24:34.876+0000] {processor.py:183} INFO - Processing /opt/airflow/dags/openaq_elt_dag.py took 0.087 seconds
[2025-12-17T00:25:05.131+0000] {processor.py:161} INFO - Started process (PID=1030) to work on /opt/airflow/dags/openaq_elt_dag.py
[2025-12-17T00:25:05.133+0000] {processor.py:830} INFO - Processing file /opt/airflow/dags/openaq_elt_dag.py for tasks to queue
[2025-12-17T00:25:05.139+0000] {logging_mixin.py:188} INFO - [2025-12-17T00:25:05.138+0000] {dagbag.py:545} INFO - Filling up the DagBag from /opt/airflow/dags/openaq_elt_dag.py
[2025-12-17T00:25:05.162+0000] {processor.py:840} INFO - DAG(s) 'openaq_elt_pipeline' retrieved from /opt/airflow/dags/openaq_elt_dag.py
[2025-12-17T00:25:05.193+0000] {logging_mixin.py:188} INFO - [2025-12-17T00:25:05.193+0000] {dag.py:3089} INFO - Sync 1 DAGs
[2025-12-17T00:25:05.207+0000] {logging_mixin.py:188} INFO - [2025-12-17T00:25:05.206+0000] {dag.py:3947} INFO - Setting next_dagrun for openaq_elt_pipeline to None, run_after=None
[2025-12-17T00:25:05.218+0000] {processor.py:183} INFO - Processing /opt/airflow/dags/openaq_elt_dag.py took 0.098 seconds
[2025-12-17T00:25:35.591+0000] {processor.py:161} INFO - Started process (PID=1035) to work on /opt/airflow/dags/openaq_elt_dag.py
[2025-12-17T00:25:35.592+0000] {processor.py:830} INFO - Processing file /opt/airflow/dags/openaq_elt_dag.py for tasks to queue
[2025-12-17T00:25:35.595+0000] {logging_mixin.py:188} INFO - [2025-12-17T00:25:35.594+0000] {dagbag.py:545} INFO - Filling up the DagBag from /opt/airflow/dags/openaq_elt_dag.py
[2025-12-17T00:25:35.616+0000] {processor.py:840} INFO - DAG(s) 'openaq_elt_pipeline' retrieved from /opt/airflow/dags/openaq_elt_dag.py
[2025-12-17T00:25:35.667+0000] {logging_mixin.py:188} INFO - [2025-12-17T00:25:35.667+0000] {dag.py:3089} INFO - Sync 1 DAGs
[2025-12-17T00:25:35.687+0000] {logging_mixin.py:188} INFO - [2025-12-17T00:25:35.686+0000] {dag.py:3947} INFO - Setting next_dagrun for openaq_elt_pipeline to None, run_after=None
[2025-12-17T00:25:35.704+0000] {processor.py:183} INFO - Processing /opt/airflow/dags/openaq_elt_dag.py took 0.142 seconds
[2025-12-17T00:26:05.933+0000] {processor.py:161} INFO - Started process (PID=1040) to work on /opt/airflow/dags/openaq_elt_dag.py
[2025-12-17T00:26:05.935+0000] {processor.py:830} INFO - Processing file /opt/airflow/dags/openaq_elt_dag.py for tasks to queue
[2025-12-17T00:26:05.938+0000] {logging_mixin.py:188} INFO - [2025-12-17T00:26:05.937+0000] {dagbag.py:545} INFO - Filling up the DagBag from /opt/airflow/dags/openaq_elt_dag.py
[2025-12-17T00:26:05.954+0000] {processor.py:840} INFO - DAG(s) 'openaq_elt_pipeline' retrieved from /opt/airflow/dags/openaq_elt_dag.py
[2025-12-17T00:26:05.985+0000] {logging_mixin.py:188} INFO - [2025-12-17T00:26:05.985+0000] {dag.py:3089} INFO - Sync 1 DAGs
[2025-12-17T00:26:05.997+0000] {logging_mixin.py:188} INFO - [2025-12-17T00:26:05.997+0000] {dag.py:3947} INFO - Setting next_dagrun for openaq_elt_pipeline to None, run_after=None
[2025-12-17T00:26:06.007+0000] {processor.py:183} INFO - Processing /opt/airflow/dags/openaq_elt_dag.py took 0.089 seconds
[2025-12-17T00:26:36.281+0000] {processor.py:161} INFO - Started process (PID=1045) to work on /opt/airflow/dags/openaq_elt_dag.py
[2025-12-17T00:26:36.282+0000] {processor.py:830} INFO - Processing file /opt/airflow/dags/openaq_elt_dag.py for tasks to queue
[2025-12-17T00:26:36.289+0000] {logging_mixin.py:188} INFO - [2025-12-17T00:26:36.289+0000] {dagbag.py:545} INFO - Filling up the DagBag from /opt/airflow/dags/openaq_elt_dag.py
[2025-12-17T00:26:36.306+0000] {processor.py:840} INFO - DAG(s) 'openaq_elt_pipeline' retrieved from /opt/airflow/dags/openaq_elt_dag.py
[2025-12-17T00:26:36.347+0000] {logging_mixin.py:188} INFO - [2025-12-17T00:26:36.347+0000] {dag.py:3089} INFO - Sync 1 DAGs
[2025-12-17T00:26:36.359+0000] {logging_mixin.py:188} INFO - [2025-12-17T00:26:36.359+0000] {dag.py:3947} INFO - Setting next_dagrun for openaq_elt_pipeline to None, run_after=None
[2025-12-17T00:26:36.369+0000] {processor.py:183} INFO - Processing /opt/airflow/dags/openaq_elt_dag.py took 0.097 seconds
[2025-12-17T00:27:06.548+0000] {processor.py:161} INFO - Started process (PID=1050) to work on /opt/airflow/dags/openaq_elt_dag.py
[2025-12-17T00:27:06.549+0000] {processor.py:830} INFO - Processing file /opt/airflow/dags/openaq_elt_dag.py for tasks to queue
[2025-12-17T00:27:06.555+0000] {logging_mixin.py:188} INFO - [2025-12-17T00:27:06.554+0000] {dagbag.py:545} INFO - Filling up the DagBag from /opt/airflow/dags/openaq_elt_dag.py
[2025-12-17T00:27:06.571+0000] {processor.py:840} INFO - DAG(s) 'openaq_elt_pipeline' retrieved from /opt/airflow/dags/openaq_elt_dag.py
[2025-12-17T00:27:06.614+0000] {logging_mixin.py:188} INFO - [2025-12-17T00:27:06.613+0000] {dag.py:3089} INFO - Sync 1 DAGs
[2025-12-17T00:27:06.625+0000] {logging_mixin.py:188} INFO - [2025-12-17T00:27:06.625+0000] {dag.py:3947} INFO - Setting next_dagrun for openaq_elt_pipeline to None, run_after=None
[2025-12-17T00:27:06.640+0000] {processor.py:183} INFO - Processing /opt/airflow/dags/openaq_elt_dag.py took 0.104 seconds
[2025-12-17T00:27:36.803+0000] {processor.py:161} INFO - Started process (PID=1055) to work on /opt/airflow/dags/openaq_elt_dag.py
[2025-12-17T00:27:36.805+0000] {processor.py:830} INFO - Processing file /opt/airflow/dags/openaq_elt_dag.py for tasks to queue
[2025-12-17T00:27:36.810+0000] {logging_mixin.py:188} INFO - [2025-12-17T00:27:36.809+0000] {dagbag.py:545} INFO - Filling up the DagBag from /opt/airflow/dags/openaq_elt_dag.py
[2025-12-17T00:27:36.834+0000] {processor.py:840} INFO - DAG(s) 'openaq_elt_pipeline' retrieved from /opt/airflow/dags/openaq_elt_dag.py
[2025-12-17T00:27:36.869+0000] {logging_mixin.py:188} INFO - [2025-12-17T00:27:36.869+0000] {dag.py:3089} INFO - Sync 1 DAGs
[2025-12-17T00:27:36.882+0000] {logging_mixin.py:188} INFO - [2025-12-17T00:27:36.882+0000] {dag.py:3947} INFO - Setting next_dagrun for openaq_elt_pipeline to None, run_after=None
[2025-12-17T00:27:36.894+0000] {processor.py:183} INFO - Processing /opt/airflow/dags/openaq_elt_dag.py took 0.101 seconds
[2025-12-17T00:28:07.382+0000] {processor.py:161} INFO - Started process (PID=1060) to work on /opt/airflow/dags/openaq_elt_dag.py
[2025-12-17T00:28:07.384+0000] {processor.py:830} INFO - Processing file /opt/airflow/dags/openaq_elt_dag.py for tasks to queue
[2025-12-17T00:28:07.386+0000] {logging_mixin.py:188} INFO - [2025-12-17T00:28:07.386+0000] {dagbag.py:545} INFO - Filling up the DagBag from /opt/airflow/dags/openaq_elt_dag.py
[2025-12-17T00:28:07.405+0000] {processor.py:840} INFO - DAG(s) 'openaq_elt_pipeline' retrieved from /opt/airflow/dags/openaq_elt_dag.py
[2025-12-17T00:28:07.445+0000] {logging_mixin.py:188} INFO - [2025-12-17T00:28:07.445+0000] {dag.py:3089} INFO - Sync 1 DAGs
[2025-12-17T00:28:07.461+0000] {logging_mixin.py:188} INFO - [2025-12-17T00:28:07.461+0000] {dag.py:3947} INFO - Setting next_dagrun for openaq_elt_pipeline to None, run_after=None
[2025-12-17T00:28:07.472+0000] {processor.py:183} INFO - Processing /opt/airflow/dags/openaq_elt_dag.py took 0.104 seconds
