[2025-12-16T21:44:50.166+0000] {local_task_job_runner.py:120} INFO - ::group::Pre task execution logs
[2025-12-16T21:44:50.186+0000] {taskinstance.py:2076} INFO - Dependencies all met for dep_context=non-requeueable deps ti=<TaskInstance: openaq_elt_pipeline.ingest_measurements manual__2025-12-16T21:33:19.639304+00:00 [queued]>
[2025-12-16T21:44:50.190+0000] {taskinstance.py:2076} INFO - Dependencies all met for dep_context=requeueable deps ti=<TaskInstance: openaq_elt_pipeline.ingest_measurements manual__2025-12-16T21:33:19.639304+00:00 [queued]>
[2025-12-16T21:44:50.190+0000] {taskinstance.py:2306} INFO - Starting attempt 1 of 1
[2025-12-16T21:44:50.199+0000] {taskinstance.py:2330} INFO - Executing <Task(BashOperator): ingest_measurements> on 2025-12-16 21:33:19.639304+00:00
[2025-12-16T21:44:50.207+0000] {logging_mixin.py:188} WARNING - /home/***/.local/lib/python3.12/site-packages/***/task/task_runner/standard_task_runner.py:62 DeprecationWarning: This process (pid=245) is multi-threaded, use of fork() may lead to deadlocks in the child.
[2025-12-16T21:44:50.208+0000] {standard_task_runner.py:90} INFO - Running: ['***', 'tasks', 'run', 'openaq_elt_pipeline', 'ingest_measurements', 'manual__2025-12-16T21:33:19.639304+00:00', '--job-id', '9', '--raw', '--subdir', 'DAGS_FOLDER/openaq_elt_dag.py', '--cfg-path', '/tmp/tmpiesstxg5']
[2025-12-16T21:44:50.211+0000] {standard_task_runner.py:64} INFO - Started process 247 to run task
[2025-12-16T21:44:50.212+0000] {standard_task_runner.py:91} INFO - Job 9: Subtask ingest_measurements
[2025-12-16T21:44:50.250+0000] {task_command.py:426} INFO - Running <TaskInstance: openaq_elt_pipeline.ingest_measurements manual__2025-12-16T21:33:19.639304+00:00 [running]> on host c709263bca00
[2025-12-16T21:44:50.304+0000] {taskinstance.py:2648} INFO - Exporting env vars: AIRFLOW_CTX_DAG_OWNER='***' AIRFLOW_CTX_DAG_ID='openaq_elt_pipeline' AIRFLOW_CTX_TASK_ID='ingest_measurements' AIRFLOW_CTX_EXECUTION_DATE='2025-12-16T21:33:19.639304+00:00' AIRFLOW_CTX_TRY_NUMBER='1' AIRFLOW_CTX_DAG_RUN_ID='manual__2025-12-16T21:33:19.639304+00:00'
[2025-12-16T21:44:50.305+0000] {taskinstance.py:430} INFO - ::endgroup::
[2025-12-16T21:44:50.313+0000] {subprocess.py:63} INFO - Tmp dir root location: /tmp
[2025-12-16T21:44:50.314+0000] {subprocess.py:75} INFO - Running command: ['/usr/bin/bash', '-c', '\n        cd /opt/project/ingest &&\n        python ingest_measurements.py\n        ']
[2025-12-16T21:44:50.319+0000] {subprocess.py:86} INFO - Output:
[2025-12-16T21:44:51.366+0000] {subprocess.py:93} INFO - Fetching hourly measurements from 2025-12-09T21:44:51Z to 2025-12-16T21:44:51Z ...
[2025-12-16T21:44:51.369+0000] {subprocess.py:93} INFO - Error fetching locations page 1: 429 - {"detail":"Too many requests"}
[2025-12-16T21:44:51.369+0000] {subprocess.py:93} INFO - Total sensors discovered (capped): 0
[2025-12-16T21:44:51.369+0000] {subprocess.py:93} INFO - No sensors discovered, exiting.
[2025-12-16T21:44:51.437+0000] {subprocess.py:97} INFO - Command exited with return code 0
[2025-12-16T21:44:51.438+0000] {taskinstance.py:441} INFO - ::group::Post task execution logs
[2025-12-16T21:44:51.454+0000] {taskinstance.py:1206} INFO - Marking task as SUCCESS. dag_id=openaq_elt_pipeline, task_id=ingest_measurements, run_id=manual__2025-12-16T21:33:19.639304+00:00, execution_date=20251216T213319, start_date=20251216T214450, end_date=20251216T214451
[2025-12-16T21:44:51.493+0000] {local_task_job_runner.py:243} INFO - Task exited with return code 0
[2025-12-16T21:44:51.506+0000] {taskinstance.py:3503} INFO - 1 downstream tasks scheduled from follow-on schedule check
[2025-12-16T21:44:51.507+0000] {local_task_job_runner.py:222} INFO - ::endgroup::
