[2025-12-16T21:44:50.175+0000] {local_task_job_runner.py:120} INFO - ::group::Pre task execution logs
[2025-12-16T21:44:50.193+0000] {taskinstance.py:2076} INFO - Dependencies all met for dep_context=non-requeueable deps ti=<TaskInstance: openaq_elt_pipeline.dbt_run manual__2025-12-16T21:41:07.273805+00:00 [queued]>
[2025-12-16T21:44:50.202+0000] {taskinstance.py:2076} INFO - Dependencies all met for dep_context=requeueable deps ti=<TaskInstance: openaq_elt_pipeline.dbt_run manual__2025-12-16T21:41:07.273805+00:00 [queued]>
[2025-12-16T21:44:50.202+0000] {taskinstance.py:2306} INFO - Starting attempt 1 of 1
[2025-12-16T21:44:50.218+0000] {taskinstance.py:2330} INFO - Executing <Task(BashOperator): dbt_run> on 2025-12-16 21:41:07.273805+00:00
[2025-12-16T21:44:50.227+0000] {logging_mixin.py:188} WARNING - /home/***/.local/lib/python3.12/site-packages/***/task/task_runner/standard_task_runner.py:62 DeprecationWarning: This process (pid=246) is multi-threaded, use of fork() may lead to deadlocks in the child.
[2025-12-16T21:44:50.228+0000] {standard_task_runner.py:64} INFO - Started process 248 to run task
[2025-12-16T21:44:50.227+0000] {standard_task_runner.py:90} INFO - Running: ['***', 'tasks', 'run', 'openaq_elt_pipeline', 'dbt_run', 'manual__2025-12-16T21:41:07.273805+00:00', '--job-id', '10', '--raw', '--subdir', 'DAGS_FOLDER/openaq_elt_dag.py', '--cfg-path', '/tmp/tmpzlkfbpea']
[2025-12-16T21:44:50.229+0000] {standard_task_runner.py:91} INFO - Job 10: Subtask dbt_run
[2025-12-16T21:44:50.264+0000] {task_command.py:426} INFO - Running <TaskInstance: openaq_elt_pipeline.dbt_run manual__2025-12-16T21:41:07.273805+00:00 [running]> on host c709263bca00
[2025-12-16T21:44:50.315+0000] {taskinstance.py:2648} INFO - Exporting env vars: AIRFLOW_CTX_DAG_OWNER='***' AIRFLOW_CTX_DAG_ID='openaq_elt_pipeline' AIRFLOW_CTX_TASK_ID='dbt_run' AIRFLOW_CTX_EXECUTION_DATE='2025-12-16T21:41:07.273805+00:00' AIRFLOW_CTX_TRY_NUMBER='1' AIRFLOW_CTX_DAG_RUN_ID='manual__2025-12-16T21:41:07.273805+00:00'
[2025-12-16T21:44:50.316+0000] {taskinstance.py:430} INFO - ::endgroup::
[2025-12-16T21:44:50.324+0000] {subprocess.py:63} INFO - Tmp dir root location: /tmp
[2025-12-16T21:44:50.325+0000] {subprocess.py:75} INFO - Running command: ['/usr/bin/bash', '-c', '\n        cd /opt/project/openaq_dbt &&\n        dbt run\n        ']
[2025-12-16T21:44:50.329+0000] {subprocess.py:86} INFO - Output:
[2025-12-16T21:44:50.331+0000] {subprocess.py:93} INFO - /usr/bin/bash: line 3: dbt: command not found
[2025-12-16T21:44:50.331+0000] {subprocess.py:97} INFO - Command exited with return code 127
[2025-12-16T21:44:50.331+0000] {taskinstance.py:441} INFO - ::group::Post task execution logs
[2025-12-16T21:44:50.337+0000] {taskinstance.py:2905} ERROR - Task failed with exception
Traceback (most recent call last):
  File "/home/airflow/.local/lib/python3.12/site-packages/airflow/models/taskinstance.py", line 465, in _execute_task
    result = _execute_callable(context=context, **execute_callable_kwargs)
             ^^^^^^^^^^^^^^^^^^^^^^^^^^^^^^^^^^^^^^^^^^^^^^^^^^^^^^^^^^^^^
  File "/home/airflow/.local/lib/python3.12/site-packages/airflow/models/taskinstance.py", line 432, in _execute_callable
    return execute_callable(context=context, **execute_callable_kwargs)
           ^^^^^^^^^^^^^^^^^^^^^^^^^^^^^^^^^^^^^^^^^^^^^^^^^^^^^^^^^^^^
  File "/home/airflow/.local/lib/python3.12/site-packages/airflow/models/baseoperator.py", line 401, in wrapper
    return func(self, *args, **kwargs)
           ^^^^^^^^^^^^^^^^^^^^^^^^^^^
  File "/home/airflow/.local/lib/python3.12/site-packages/airflow/operators/bash.py", line 243, in execute
    raise AirflowException(
airflow.exceptions.AirflowException: Bash command failed. The command returned a non-zero exit code 127.
[2025-12-16T21:44:50.339+0000] {taskinstance.py:1206} INFO - Marking task as FAILED. dag_id=openaq_elt_pipeline, task_id=dbt_run, run_id=manual__2025-12-16T21:41:07.273805+00:00, execution_date=20251216T214107, start_date=20251216T214450, end_date=20251216T214450
[2025-12-16T21:44:50.345+0000] {standard_task_runner.py:110} ERROR - Failed to execute job 10 for task dbt_run (Bash command failed. The command returned a non-zero exit code 127.; 248)
[2025-12-16T21:44:50.367+0000] {local_task_job_runner.py:243} INFO - Task exited with return code 1
[2025-12-16T21:44:50.378+0000] {taskinstance.py:3503} INFO - 0 downstream tasks scheduled from follow-on schedule check
[2025-12-16T21:44:50.380+0000] {local_task_job_runner.py:222} INFO - ::endgroup::
