[2025-12-17T01:05:07.228+0000] {local_task_job_runner.py:120} INFO - ::group::Pre task execution logs
[2025-12-17T01:05:07.250+0000] {taskinstance.py:2076} INFO - Dependencies all met for dep_context=non-requeueable deps ti=<TaskInstance: openaq_elt_pipeline.dbt_run manual__2025-12-17T00:57:27.717309+00:00 [queued]>
[2025-12-17T01:05:07.254+0000] {taskinstance.py:2076} INFO - Dependencies all met for dep_context=requeueable deps ti=<TaskInstance: openaq_elt_pipeline.dbt_run manual__2025-12-17T00:57:27.717309+00:00 [queued]>
[2025-12-17T01:05:07.254+0000] {taskinstance.py:2306} INFO - Starting attempt 1 of 1
[2025-12-17T01:05:07.259+0000] {taskinstance.py:2330} INFO - Executing <Task(BashOperator): dbt_run> on 2025-12-17 00:57:27.717309+00:00
[2025-12-17T01:05:07.263+0000] {logging_mixin.py:188} WARNING - /home/***/.local/lib/python3.12/site-packages/***/task/task_runner/standard_task_runner.py:62 DeprecationWarning: This process (pid=1523) is multi-threaded, use of fork() may lead to deadlocks in the child.
[2025-12-17T01:05:07.264+0000] {standard_task_runner.py:64} INFO - Started process 1524 to run task
[2025-12-17T01:05:07.263+0000] {standard_task_runner.py:90} INFO - Running: ['***', 'tasks', 'run', 'openaq_elt_pipeline', 'dbt_run', 'manual__2025-12-17T00:57:27.717309+00:00', '--job-id', '38', '--raw', '--subdir', 'DAGS_FOLDER/openaq_elt_dag.py', '--cfg-path', '/tmp/tmpha0krzlo']
[2025-12-17T01:05:07.265+0000] {standard_task_runner.py:91} INFO - Job 38: Subtask dbt_run
[2025-12-17T01:05:07.294+0000] {task_command.py:426} INFO - Running <TaskInstance: openaq_elt_pipeline.dbt_run manual__2025-12-17T00:57:27.717309+00:00 [running]> on host de9a9770433a
[2025-12-17T01:05:07.337+0000] {taskinstance.py:2648} INFO - Exporting env vars: AIRFLOW_CTX_DAG_OWNER='***' AIRFLOW_CTX_DAG_ID='openaq_elt_pipeline' AIRFLOW_CTX_TASK_ID='dbt_run' AIRFLOW_CTX_EXECUTION_DATE='2025-12-17T00:57:27.717309+00:00' AIRFLOW_CTX_TRY_NUMBER='1' AIRFLOW_CTX_DAG_RUN_ID='manual__2025-12-17T00:57:27.717309+00:00'
[2025-12-17T01:05:07.337+0000] {taskinstance.py:430} INFO - ::endgroup::
[2025-12-17T01:05:07.344+0000] {subprocess.py:63} INFO - Tmp dir root location: /tmp
[2025-12-17T01:05:07.345+0000] {subprocess.py:75} INFO - Running command: ['/usr/bin/bash', '-c', '\n        cd /opt/project/openaq_dbt &&\n        dbt run\n        ']
[2025-12-17T01:05:07.349+0000] {subprocess.py:86} INFO - Output:
[2025-12-17T01:05:08.468+0000] {subprocess.py:93} INFO - [0m01:05:08  Running with dbt=1.10.16
[2025-12-17T01:05:09.160+0000] {subprocess.py:93} INFO - [0m01:05:09  Registered adapter: bigquery=1.8.3
[2025-12-17T01:05:09.326+0000] {subprocess.py:93} INFO - [0m01:05:09  [[33mWARNING[0m]: Configuration paths exist in your dbt_project.yml file which do not apply to any resources.
[2025-12-17T01:05:09.327+0000] {subprocess.py:93} INFO - There are 1 unused configuration paths:
[2025-12-17T01:05:09.327+0000] {subprocess.py:93} INFO - - models.openaq_dbt.example
[2025-12-17T01:05:09.406+0000] {subprocess.py:93} INFO - [0m01:05:09  Found 4 models, 15 data tests, 2 sources, 514 macros
[2025-12-17T01:05:09.407+0000] {subprocess.py:93} INFO - [0m01:05:09
[2025-12-17T01:05:09.408+0000] {subprocess.py:93} INFO - [0m01:05:09  Concurrency: 4 threads (target='dev')
[2025-12-17T01:05:09.408+0000] {subprocess.py:93} INFO - [0m01:05:09
[2025-12-17T01:05:10.299+0000] {subprocess.py:93} INFO - [0m01:05:10  1 of 4 START sql view model openaq_models.stg_locations ........................ [RUN]
[2025-12-17T01:05:10.300+0000] {subprocess.py:93} INFO - [0m01:05:10  2 of 4 START sql view model openaq_models.stg_measurements_hours ............... [RUN]
[2025-12-17T01:05:11.118+0000] {subprocess.py:93} INFO - [0m01:05:11  2 of 4 OK created sql view model openaq_models.stg_measurements_hours .......... [[32mCREATE VIEW (0 processed)[0m in 0.81s]
[2025-12-17T01:05:11.119+0000] {subprocess.py:93} INFO - [0m01:05:11  1 of 4 OK created sql view model openaq_models.stg_locations ................... [[32mCREATE VIEW (0 processed)[0m in 0.82s]
[2025-12-17T01:05:11.123+0000] {subprocess.py:93} INFO - [0m01:05:11  3 of 4 START sql table model openaq_models.dim_locations ....................... [RUN]
[2025-12-17T01:05:14.037+0000] {subprocess.py:93} INFO - [0m01:05:14  3 of 4 OK created sql table model openaq_models.dim_locations .................. [[32mCREATE TABLE (22.6k rows, 2.5 MiB processed)[0m in 2.91s]
[2025-12-17T01:05:14.041+0000] {subprocess.py:93} INFO - [0m01:05:14  4 of 4 START sql table model openaq_models.fact_measurements_hourly ............ [RUN]
[2025-12-17T01:05:16.884+0000] {subprocess.py:93} INFO - [0m01:05:16  4 of 4 OK created sql table model openaq_models.fact_measurements_hourly ....... [[32mCREATE TABLE (40.0k rows, 3.1 MiB processed)[0m in 2.84s]
[2025-12-17T01:05:16.887+0000] {subprocess.py:93} INFO - [0m01:05:16
[2025-12-17T01:05:16.888+0000] {subprocess.py:93} INFO - [0m01:05:16  Finished running 2 table models, 2 view models in 0 hours 0 minutes and 7.48 seconds (7.48s).
[2025-12-17T01:05:16.927+0000] {subprocess.py:93} INFO - [0m01:05:16
[2025-12-17T01:05:16.927+0000] {subprocess.py:93} INFO - [0m01:05:16  [32mCompleted successfully[0m
[2025-12-17T01:05:16.928+0000] {subprocess.py:93} INFO - [0m01:05:16
[2025-12-17T01:05:16.928+0000] {subprocess.py:93} INFO - [0m01:05:16  Done. PASS=4 WARN=0 ERROR=0 SKIP=0 NO-OP=0 TOTAL=4
[2025-12-17T01:05:17.204+0000] {subprocess.py:97} INFO - Command exited with return code 0
[2025-12-17T01:05:17.205+0000] {taskinstance.py:441} INFO - ::group::Post task execution logs
[2025-12-17T01:05:17.220+0000] {taskinstance.py:1206} INFO - Marking task as SUCCESS. dag_id=openaq_elt_pipeline, task_id=dbt_run, run_id=manual__2025-12-17T00:57:27.717309+00:00, execution_date=20251217T005727, start_date=20251217T010507, end_date=20251217T010517
[2025-12-17T01:05:17.262+0000] {local_task_job_runner.py:243} INFO - Task exited with return code 0
[2025-12-17T01:05:17.273+0000] {taskinstance.py:3503} INFO - 1 downstream tasks scheduled from follow-on schedule check
[2025-12-17T01:05:17.273+0000] {local_task_job_runner.py:222} INFO - ::endgroup::
