[2025-12-17T00:48:01.432+0000] {local_task_job_runner.py:120} INFO - ::group::Pre task execution logs
[2025-12-17T00:48:01.452+0000] {taskinstance.py:2076} INFO - Dependencies all met for dep_context=non-requeueable deps ti=<TaskInstance: openaq_elt_pipeline.dbt_run manual__2025-12-17T00:40:54.675763+00:00 [queued]>
[2025-12-17T00:48:01.456+0000] {taskinstance.py:2076} INFO - Dependencies all met for dep_context=requeueable deps ti=<TaskInstance: openaq_elt_pipeline.dbt_run manual__2025-12-17T00:40:54.675763+00:00 [queued]>
[2025-12-17T00:48:01.456+0000] {taskinstance.py:2306} INFO - Starting attempt 1 of 1
[2025-12-17T00:48:01.461+0000] {taskinstance.py:2330} INFO - Executing <Task(BashOperator): dbt_run> on 2025-12-17 00:40:54.675763+00:00
[2025-12-17T00:48:01.464+0000] {logging_mixin.py:188} WARNING - /home/***/.local/lib/python3.12/site-packages/***/task/task_runner/standard_task_runner.py:62 DeprecationWarning: This process (pid=1284) is multi-threaded, use of fork() may lead to deadlocks in the child.
[2025-12-17T00:48:01.464+0000] {standard_task_runner.py:90} INFO - Running: ['***', 'tasks', 'run', 'openaq_elt_pipeline', 'dbt_run', 'manual__2025-12-17T00:40:54.675763+00:00', '--job-id', '34', '--raw', '--subdir', 'DAGS_FOLDER/openaq_elt_dag.py', '--cfg-path', '/tmp/tmpls7beg9p']
[2025-12-17T00:48:01.469+0000] {standard_task_runner.py:91} INFO - Job 34: Subtask dbt_run
[2025-12-17T00:48:01.468+0000] {standard_task_runner.py:64} INFO - Started process 1285 to run task
[2025-12-17T00:48:01.497+0000] {task_command.py:426} INFO - Running <TaskInstance: openaq_elt_pipeline.dbt_run manual__2025-12-17T00:40:54.675763+00:00 [running]> on host de9a9770433a
[2025-12-17T00:48:01.536+0000] {taskinstance.py:2648} INFO - Exporting env vars: AIRFLOW_CTX_DAG_OWNER='***' AIRFLOW_CTX_DAG_ID='openaq_elt_pipeline' AIRFLOW_CTX_TASK_ID='dbt_run' AIRFLOW_CTX_EXECUTION_DATE='2025-12-17T00:40:54.675763+00:00' AIRFLOW_CTX_TRY_NUMBER='1' AIRFLOW_CTX_DAG_RUN_ID='manual__2025-12-17T00:40:54.675763+00:00'
[2025-12-17T00:48:01.536+0000] {taskinstance.py:430} INFO - ::endgroup::
[2025-12-17T00:48:01.544+0000] {subprocess.py:63} INFO - Tmp dir root location: /tmp
[2025-12-17T00:48:01.545+0000] {subprocess.py:75} INFO - Running command: ['/usr/bin/bash', '-c', '\n        cd /opt/project/openaq_dbt &&\n        dbt run\n        ']
[2025-12-17T00:48:01.550+0000] {subprocess.py:86} INFO - Output:
[2025-12-17T00:48:02.670+0000] {subprocess.py:93} INFO - [0m00:48:02  Running with dbt=1.10.16
[2025-12-17T00:48:03.459+0000] {subprocess.py:93} INFO - [0m00:48:03  Registered adapter: bigquery=1.8.3
[2025-12-17T00:48:03.821+0000] {subprocess.py:93} INFO - [0m00:48:03  [[33mWARNING[0m]: Configuration paths exist in your dbt_project.yml file which do not apply to any resources.
[2025-12-17T00:48:03.822+0000] {subprocess.py:93} INFO - There are 1 unused configuration paths:
[2025-12-17T00:48:03.822+0000] {subprocess.py:93} INFO - - models.openaq_dbt.example
[2025-12-17T00:48:03.910+0000] {subprocess.py:93} INFO - [0m00:48:03  Found 4 models, 15 data tests, 2 sources, 514 macros
[2025-12-17T00:48:03.911+0000] {subprocess.py:93} INFO - [0m00:48:03
[2025-12-17T00:48:03.912+0000] {subprocess.py:93} INFO - [0m00:48:03  Concurrency: 4 threads (target='dev')
[2025-12-17T00:48:03.912+0000] {subprocess.py:93} INFO - [0m00:48:03
[2025-12-17T00:48:04.899+0000] {subprocess.py:93} INFO - [0m00:48:04  1 of 4 START sql view model openaq_models.stg_locations ........................ [RUN]
[2025-12-17T00:48:04.901+0000] {subprocess.py:93} INFO - [0m00:48:04  2 of 4 START sql view model openaq_models.stg_measurements_hours ............... [RUN]
[2025-12-17T00:48:05.728+0000] {subprocess.py:93} INFO - [0m00:48:05  2 of 4 OK created sql view model openaq_models.stg_measurements_hours .......... [[32mCREATE VIEW (0 processed)[0m in 0.82s]
[2025-12-17T00:48:05.750+0000] {subprocess.py:93} INFO - [0m00:48:05  1 of 4 OK created sql view model openaq_models.stg_locations ................... [[32mCREATE VIEW (0 processed)[0m in 0.85s]
[2025-12-17T00:48:05.753+0000] {subprocess.py:93} INFO - [0m00:48:05  3 of 4 START sql table model openaq_models.dim_locations ....................... [RUN]
[2025-12-17T00:48:09.237+0000] {subprocess.py:93} INFO - [0m00:48:09  3 of 4 OK created sql table model openaq_models.dim_locations .................. [[32mCREATE TABLE (22.6k rows, 2.5 MiB processed)[0m in 3.48s]
[2025-12-17T00:48:09.242+0000] {subprocess.py:93} INFO - [0m00:48:09  4 of 4 START sql table model openaq_models.fact_measurements_hourly ............ [RUN]
[2025-12-17T00:48:12.022+0000] {subprocess.py:93} INFO - [0m00:48:12  4 of 4 OK created sql table model openaq_models.fact_measurements_hourly ....... [[32mCREATE TABLE (40.0k rows, 3.1 MiB processed)[0m in 2.78s]
[2025-12-17T00:48:12.031+0000] {subprocess.py:93} INFO - [0m00:48:12
[2025-12-17T00:48:12.032+0000] {subprocess.py:93} INFO - [0m00:48:12  Finished running 2 table models, 2 view models in 0 hours 0 minutes and 8.12 seconds (8.12s).
[2025-12-17T00:48:12.077+0000] {subprocess.py:93} INFO - [0m00:48:12
[2025-12-17T00:48:12.078+0000] {subprocess.py:93} INFO - [0m00:48:12  [32mCompleted successfully[0m
[2025-12-17T00:48:12.078+0000] {subprocess.py:93} INFO - [0m00:48:12
[2025-12-17T00:48:12.079+0000] {subprocess.py:93} INFO - [0m00:48:12  Done. PASS=4 WARN=0 ERROR=0 SKIP=0 NO-OP=0 TOTAL=4
[2025-12-17T00:48:12.336+0000] {subprocess.py:97} INFO - Command exited with return code 0
[2025-12-17T00:48:12.337+0000] {taskinstance.py:441} INFO - ::group::Post task execution logs
[2025-12-17T00:48:12.350+0000] {taskinstance.py:1206} INFO - Marking task as SUCCESS. dag_id=openaq_elt_pipeline, task_id=dbt_run, run_id=manual__2025-12-17T00:40:54.675763+00:00, execution_date=20251217T004054, start_date=20251217T004801, end_date=20251217T004812
[2025-12-17T00:48:12.383+0000] {local_task_job_runner.py:243} INFO - Task exited with return code 0
[2025-12-17T00:48:12.393+0000] {taskinstance.py:3503} INFO - 1 downstream tasks scheduled from follow-on schedule check
[2025-12-17T00:48:12.394+0000] {local_task_job_runner.py:222} INFO - ::endgroup::
