[2025-12-17T00:46:48.379+0000] {local_task_job_runner.py:120} INFO - ::group::Pre task execution logs
[2025-12-17T00:46:48.405+0000] {taskinstance.py:2076} INFO - Dependencies all met for dep_context=non-requeueable deps ti=<TaskInstance: openaq_elt_pipeline.ingest_measurements manual__2025-12-17T00:40:54.675763+00:00 [queued]>
[2025-12-17T00:46:48.409+0000] {taskinstance.py:2076} INFO - Dependencies all met for dep_context=requeueable deps ti=<TaskInstance: openaq_elt_pipeline.ingest_measurements manual__2025-12-17T00:40:54.675763+00:00 [queued]>
[2025-12-17T00:46:48.409+0000] {taskinstance.py:2306} INFO - Starting attempt 1 of 1
[2025-12-17T00:46:48.414+0000] {taskinstance.py:2330} INFO - Executing <Task(BashOperator): ingest_measurements> on 2025-12-17 00:40:54.675763+00:00
[2025-12-17T00:46:48.418+0000] {logging_mixin.py:188} WARNING - /home/***/.local/lib/python3.12/site-packages/***/task/task_runner/standard_task_runner.py:62 DeprecationWarning: This process (pid=1257) is multi-threaded, use of fork() may lead to deadlocks in the child.
[2025-12-17T00:46:48.419+0000] {standard_task_runner.py:64} INFO - Started process 1258 to run task
[2025-12-17T00:46:48.418+0000] {standard_task_runner.py:90} INFO - Running: ['***', 'tasks', 'run', 'openaq_elt_pipeline', 'ingest_measurements', 'manual__2025-12-17T00:40:54.675763+00:00', '--job-id', '33', '--raw', '--subdir', 'DAGS_FOLDER/openaq_elt_dag.py', '--cfg-path', '/tmp/tmppykn2wrz']
[2025-12-17T00:46:48.419+0000] {standard_task_runner.py:91} INFO - Job 33: Subtask ingest_measurements
[2025-12-17T00:46:48.451+0000] {task_command.py:426} INFO - Running <TaskInstance: openaq_elt_pipeline.ingest_measurements manual__2025-12-17T00:40:54.675763+00:00 [running]> on host de9a9770433a
[2025-12-17T00:46:48.490+0000] {taskinstance.py:2648} INFO - Exporting env vars: AIRFLOW_CTX_DAG_OWNER='***' AIRFLOW_CTX_DAG_ID='openaq_elt_pipeline' AIRFLOW_CTX_TASK_ID='ingest_measurements' AIRFLOW_CTX_EXECUTION_DATE='2025-12-17T00:40:54.675763+00:00' AIRFLOW_CTX_TRY_NUMBER='1' AIRFLOW_CTX_DAG_RUN_ID='manual__2025-12-17T00:40:54.675763+00:00'
[2025-12-17T00:46:48.490+0000] {taskinstance.py:430} INFO - ::endgroup::
[2025-12-17T00:46:48.497+0000] {subprocess.py:63} INFO - Tmp dir root location: /tmp
[2025-12-17T00:46:48.498+0000] {subprocess.py:75} INFO - Running command: ['/usr/bin/bash', '-c', '\n        cd /opt/project/ingest &&\n        python ingest_measurements.py\n        ']
[2025-12-17T00:46:48.502+0000] {subprocess.py:86} INFO - Output:
[2025-12-17T00:48:00.768+0000] {subprocess.py:93} INFO - Fetching hourly measurements from 2025-12-10T00:46:49Z to 2025-12-17T00:46:49Z ...
[2025-12-17T00:48:00.778+0000] {subprocess.py:93} INFO - Fetched locations page 1 with 100 locations.
[2025-12-17T00:48:00.780+0000] {subprocess.py:93} INFO - Fetched locations page 2 with 100 locations.
[2025-12-17T00:48:00.780+0000] {subprocess.py:93} INFO - Reached MAX_SENSORS=500, stopping sensor discovery.
[2025-12-17T00:48:00.781+0000] {subprocess.py:93} INFO - Total sensors discovered (capped): 632
[2025-12-17T00:48:00.781+0000] {subprocess.py:93} INFO - Processing sensor 1/632 (sensor_id=6)
[2025-12-17T00:48:00.781+0000] {subprocess.py:93} INFO - Processing sensor 2/632 (sensor_id=5)
[2025-12-17T00:48:00.782+0000] {subprocess.py:93} INFO - Processing sensor 3/632 (sensor_id=7)
[2025-12-17T00:48:00.782+0000] {subprocess.py:93} INFO - Processing sensor 4/632 (sensor_id=8)
[2025-12-17T00:48:00.783+0000] {subprocess.py:93} INFO - Processing sensor 5/632 (sensor_id=10)
[2025-12-17T00:48:00.783+0000] {subprocess.py:93} INFO - Processing sensor 6/632 (sensor_id=9)
[2025-12-17T00:48:00.784+0000] {subprocess.py:93} INFO - Processing sensor 7/632 (sensor_id=11)
[2025-12-17T00:48:00.784+0000] {subprocess.py:93} INFO - Processing sensor 8/632 (sensor_id=12)
[2025-12-17T00:48:00.784+0000] {subprocess.py:93} INFO - Processing sensor 9/632 (sensor_id=14)
[2025-12-17T00:48:00.785+0000] {subprocess.py:93} INFO - Processing sensor 10/632 (sensor_id=13)
[2025-12-17T00:48:00.785+0000] {subprocess.py:93} INFO - Processing sensor 11/632 (sensor_id=16)
[2025-12-17T00:48:00.785+0000] {subprocess.py:93} INFO - Processing sensor 12/632 (sensor_id=15)
[2025-12-17T00:48:00.786+0000] {subprocess.py:93} INFO - Processing sensor 13/632 (sensor_id=17)
[2025-12-17T00:48:00.786+0000] {subprocess.py:93} INFO - Processing sensor 14/632 (sensor_id=18)
[2025-12-17T00:48:00.786+0000] {subprocess.py:93} INFO - Processing sensor 15/632 (sensor_id=20)
[2025-12-17T00:48:00.787+0000] {subprocess.py:93} INFO - Rate limited for sensor 20, attempt 1/3. Sleeping 5s...
[2025-12-17T00:48:00.789+0000] {subprocess.py:93} INFO - Processing sensor 16/632 (sensor_id=19)
[2025-12-17T00:48:00.789+0000] {subprocess.py:93} INFO - Processing sensor 17/632 (sensor_id=22)
[2025-12-17T00:48:00.790+0000] {subprocess.py:93} INFO - Processing sensor 18/632 (sensor_id=21)
[2025-12-17T00:48:00.791+0000] {subprocess.py:93} INFO - Processing sensor 19/632 (sensor_id=23)
[2025-12-17T00:48:00.792+0000] {subprocess.py:93} INFO - Processing sensor 20/632 (sensor_id=13866)
[2025-12-17T00:48:00.793+0000] {subprocess.py:93} INFO - Processing sensor 21/632 (sensor_id=24)
[2025-12-17T00:48:00.793+0000] {subprocess.py:93} INFO - Processing sensor 22/632 (sensor_id=13864)
[2025-12-17T00:48:00.793+0000] {subprocess.py:93} INFO - Processing sensor 23/632 (sensor_id=25)
[2025-12-17T00:48:00.793+0000] {subprocess.py:93} INFO - Processing sensor 24/632 (sensor_id=27)
[2025-12-17T00:48:00.794+0000] {subprocess.py:93} INFO - Processing sensor 25/632 (sensor_id=28)
[2025-12-17T00:48:00.794+0000] {subprocess.py:93} INFO - Processing sensor 26/632 (sensor_id=29)
[2025-12-17T00:48:00.794+0000] {subprocess.py:93} INFO - Processing sensor 27/632 (sensor_id=26)
[2025-12-17T00:48:00.795+0000] {subprocess.py:93} INFO - Processing sensor 28/632 (sensor_id=30)
[2025-12-17T00:48:00.795+0000] {subprocess.py:93} INFO - Processing sensor 29/632 (sensor_id=33)
[2025-12-17T00:48:00.796+0000] {subprocess.py:93} INFO - Processing sensor 30/632 (sensor_id=32)
[2025-12-17T00:48:00.797+0000] {subprocess.py:93} INFO - Processing sensor 31/632 (sensor_id=31)
[2025-12-17T00:48:00.804+0000] {subprocess.py:93} INFO - Processing sensor 32/632 (sensor_id=34)
[2025-12-17T00:48:00.807+0000] {subprocess.py:93} INFO - Processing sensor 33/632 (sensor_id=392)
[2025-12-17T00:48:00.809+0000] {subprocess.py:93} INFO - Processing sensor 34/632 (sensor_id=12234782)
[2025-12-17T00:48:00.810+0000] {subprocess.py:93} INFO -   Sensor 12234782: fetched page 1 with 100 hourly records.
[2025-12-17T00:48:00.811+0000] {subprocess.py:93} INFO -   Sensor 12234782: fetched page 2 with 64 hourly records.
[2025-12-17T00:48:00.811+0000] {subprocess.py:93} INFO - Processing sensor 35/632 (sensor_id=12234783)
[2025-12-17T00:48:00.812+0000] {subprocess.py:93} INFO -   Sensor 12234783: fetched page 1 with 100 hourly records.
[2025-12-17T00:48:00.812+0000] {subprocess.py:93} INFO -   Sensor 12234783: fetched page 2 with 64 hourly records.
[2025-12-17T00:48:00.812+0000] {subprocess.py:93} INFO - Processing sensor 36/632 (sensor_id=12234784)
[2025-12-17T00:48:00.815+0000] {subprocess.py:93} INFO -   Sensor 12234784: fetched page 1 with 100 hourly records.
[2025-12-17T00:48:00.815+0000] {subprocess.py:93} INFO -   Sensor 12234784: fetched page 2 with 64 hourly records.
[2025-12-17T00:48:00.815+0000] {subprocess.py:93} INFO - Processing sensor 37/632 (sensor_id=36)
[2025-12-17T00:48:00.816+0000] {subprocess.py:93} INFO - Processing sensor 38/632 (sensor_id=14340713)
[2025-12-17T00:48:00.816+0000] {subprocess.py:93} INFO -   Sensor 14340713: fetched page 1 with 100 hourly records.
[2025-12-17T00:48:00.816+0000] {subprocess.py:93} INFO - Rate limited for sensor 14340713, attempt 1/3. Sleeping 5s...
[2025-12-17T00:48:00.816+0000] {subprocess.py:93} INFO - Rate limited for sensor 14340713, attempt 2/3. Sleeping 10s...
[2025-12-17T00:48:00.817+0000] {subprocess.py:93} INFO - Rate limited for sensor 14340713, attempt 3/3. Sleeping 15s...
[2025-12-17T00:48:00.817+0000] {subprocess.py:93} INFO - Failed to fetch data for sensor 14340713; marking run incomplete.
[2025-12-17T00:48:00.817+0000] {subprocess.py:93} INFO - Total hourly measurement rows collected: 492
[2025-12-17T00:48:00.817+0000] {subprocess.py:93} INFO - No measurement rows to load into BigQuery.
[2025-12-17T00:48:00.942+0000] {subprocess.py:97} INFO - Command exited with return code 0
[2025-12-17T00:48:00.945+0000] {taskinstance.py:441} INFO - ::group::Post task execution logs
[2025-12-17T00:48:00.976+0000] {taskinstance.py:1206} INFO - Marking task as SUCCESS. dag_id=openaq_elt_pipeline, task_id=ingest_measurements, run_id=manual__2025-12-17T00:40:54.675763+00:00, execution_date=20251217T004054, start_date=20251217T004648, end_date=20251217T004800
[2025-12-17T00:48:01.003+0000] {local_task_job_runner.py:243} INFO - Task exited with return code 0
[2025-12-17T00:48:01.032+0000] {taskinstance.py:3503} INFO - 1 downstream tasks scheduled from follow-on schedule check
[2025-12-17T00:48:01.032+0000] {local_task_job_runner.py:222} INFO - ::endgroup::
