[2025-12-16T23:49:30.202+0000] {local_task_job_runner.py:120} INFO - ::group::Pre task execution logs
[2025-12-16T23:49:30.234+0000] {taskinstance.py:2076} INFO - Dependencies all met for dep_context=non-requeueable deps ti=<TaskInstance: openaq_elt_pipeline.dbt_run manual__2025-12-16T23:06:31.363784+00:00 [queued]>
[2025-12-16T23:49:30.238+0000] {taskinstance.py:2076} INFO - Dependencies all met for dep_context=requeueable deps ti=<TaskInstance: openaq_elt_pipeline.dbt_run manual__2025-12-16T23:06:31.363784+00:00 [queued]>
[2025-12-16T23:49:30.238+0000] {taskinstance.py:2306} INFO - Starting attempt 1 of 1
[2025-12-16T23:49:30.244+0000] {taskinstance.py:2330} INFO - Executing <Task(BashOperator): dbt_run> on 2025-12-16 23:06:31.363784+00:00
[2025-12-16T23:49:30.249+0000] {logging_mixin.py:188} WARNING - /home/***/.local/lib/python3.12/site-packages/***/task/task_runner/standard_task_runner.py:62 DeprecationWarning: This process (pid=627) is multi-threaded, use of fork() may lead to deadlocks in the child.
[2025-12-16T23:49:30.248+0000] {standard_task_runner.py:90} INFO - Running: ['***', 'tasks', 'run', 'openaq_elt_pipeline', 'dbt_run', 'manual__2025-12-16T23:06:31.363784+00:00', '--job-id', '30', '--raw', '--subdir', 'DAGS_FOLDER/openaq_elt_dag.py', '--cfg-path', '/tmp/tmpmplk0bho']
[2025-12-16T23:49:30.250+0000] {standard_task_runner.py:91} INFO - Job 30: Subtask dbt_run
[2025-12-16T23:49:30.249+0000] {standard_task_runner.py:64} INFO - Started process 628 to run task
[2025-12-16T23:49:30.276+0000] {task_command.py:426} INFO - Running <TaskInstance: openaq_elt_pipeline.dbt_run manual__2025-12-16T23:06:31.363784+00:00 [running]> on host de9a9770433a
[2025-12-16T23:49:30.321+0000] {taskinstance.py:2648} INFO - Exporting env vars: AIRFLOW_CTX_DAG_OWNER='***' AIRFLOW_CTX_DAG_ID='openaq_elt_pipeline' AIRFLOW_CTX_TASK_ID='dbt_run' AIRFLOW_CTX_EXECUTION_DATE='2025-12-16T23:06:31.363784+00:00' AIRFLOW_CTX_TRY_NUMBER='1' AIRFLOW_CTX_DAG_RUN_ID='manual__2025-12-16T23:06:31.363784+00:00'
[2025-12-16T23:49:30.321+0000] {taskinstance.py:430} INFO - ::endgroup::
[2025-12-16T23:49:30.329+0000] {subprocess.py:63} INFO - Tmp dir root location: /tmp
[2025-12-16T23:49:30.330+0000] {subprocess.py:75} INFO - Running command: ['/usr/bin/bash', '-c', '\n        cd /opt/project/openaq_dbt &&\n        dbt run\n        ']
[2025-12-16T23:49:30.334+0000] {subprocess.py:86} INFO - Output:
[2025-12-16T23:49:31.531+0000] {subprocess.py:93} INFO - [0m23:49:31  Running with dbt=1.10.16
[2025-12-16T23:49:32.319+0000] {subprocess.py:93} INFO - [0m23:49:32  Registered adapter: bigquery=1.8.3
[2025-12-16T23:49:32.471+0000] {subprocess.py:93} INFO - [0m23:49:32  Unable to do partial parsing because of a version mismatch
[2025-12-16T23:49:33.033+0000] {subprocess.py:93} INFO - [0m23:49:33  [[33mWARNING[0m]: Configuration paths exist in your dbt_project.yml file which do not apply to any resources.
[2025-12-16T23:49:33.033+0000] {subprocess.py:93} INFO - There are 1 unused configuration paths:
[2025-12-16T23:49:33.033+0000] {subprocess.py:93} INFO - - models.openaq_dbt.example
[2025-12-16T23:49:33.110+0000] {subprocess.py:93} INFO - [0m23:49:33  Found 4 models, 15 data tests, 2 sources, 514 macros
[2025-12-16T23:49:33.111+0000] {subprocess.py:93} INFO - [0m23:49:33
[2025-12-16T23:49:33.111+0000] {subprocess.py:93} INFO - [0m23:49:33  Concurrency: 4 threads (target='dev')
[2025-12-16T23:49:33.111+0000] {subprocess.py:93} INFO - [0m23:49:33
[2025-12-16T23:49:34.026+0000] {subprocess.py:93} INFO - [0m23:49:34  1 of 4 START sql view model openaq_models.stg_locations ........................ [RUN]
[2025-12-16T23:49:34.027+0000] {subprocess.py:93} INFO - [0m23:49:34  2 of 4 START sql view model openaq_models.stg_measurements_hours ............... [RUN]
[2025-12-16T23:49:34.838+0000] {subprocess.py:93} INFO - [0m23:49:34  2 of 4 OK created sql view model openaq_models.stg_measurements_hours .......... [[32mCREATE VIEW (0 processed)[0m in 0.81s]
[2025-12-16T23:49:34.846+0000] {subprocess.py:93} INFO - [0m23:49:34  1 of 4 OK created sql view model openaq_models.stg_locations ................... [[32mCREATE VIEW (0 processed)[0m in 0.82s]
[2025-12-16T23:49:34.848+0000] {subprocess.py:93} INFO - [0m23:49:34  3 of 4 START sql table model openaq_models.dim_locations ....................... [RUN]
[2025-12-16T23:49:37.525+0000] {subprocess.py:93} INFO - [0m23:49:37  3 of 4 OK created sql table model openaq_models.dim_locations .................. [[32mCREATE TABLE (22.6k rows, 2.5 MiB processed)[0m in 2.68s]
[2025-12-16T23:49:37.529+0000] {subprocess.py:93} INFO - [0m23:49:37  4 of 4 START sql table model openaq_models.fact_measurements_hourly ............ [RUN]
[2025-12-16T23:49:40.416+0000] {subprocess.py:93} INFO - [0m23:49:40  4 of 4 OK created sql table model openaq_models.fact_measurements_hourly ....... [[32mCREATE TABLE (40.0k rows, 3.1 MiB processed)[0m in 2.89s]
[2025-12-16T23:49:40.423+0000] {subprocess.py:93} INFO - [0m23:49:40
[2025-12-16T23:49:40.424+0000] {subprocess.py:93} INFO - [0m23:49:40  Finished running 2 table models, 2 view models in 0 hours 0 minutes and 7.31 seconds (7.31s).
[2025-12-16T23:49:40.463+0000] {subprocess.py:93} INFO - [0m23:49:40
[2025-12-16T23:49:40.464+0000] {subprocess.py:93} INFO - [0m23:49:40  [32mCompleted successfully[0m
[2025-12-16T23:49:40.464+0000] {subprocess.py:93} INFO - [0m23:49:40
[2025-12-16T23:49:40.465+0000] {subprocess.py:93} INFO - [0m23:49:40  Done. PASS=4 WARN=0 ERROR=0 SKIP=0 NO-OP=0 TOTAL=4
[2025-12-16T23:49:40.761+0000] {subprocess.py:97} INFO - Command exited with return code 0
[2025-12-16T23:49:40.762+0000] {taskinstance.py:441} INFO - ::group::Post task execution logs
[2025-12-16T23:49:40.776+0000] {taskinstance.py:1206} INFO - Marking task as SUCCESS. dag_id=openaq_elt_pipeline, task_id=dbt_run, run_id=manual__2025-12-16T23:06:31.363784+00:00, execution_date=20251216T230631, start_date=20251216T234930, end_date=20251216T234940
[2025-12-16T23:49:40.792+0000] {local_task_job_runner.py:243} INFO - Task exited with return code 0
[2025-12-16T23:49:40.802+0000] {taskinstance.py:3503} INFO - 1 downstream tasks scheduled from follow-on schedule check
[2025-12-16T23:49:40.803+0000] {local_task_job_runner.py:222} INFO - ::endgroup::
