[2025-12-16T22:52:52.740+0000] {local_task_job_runner.py:120} INFO - ::group::Pre task execution logs
[2025-12-16T22:52:52.759+0000] {taskinstance.py:2076} INFO - Dependencies all met for dep_context=non-requeueable deps ti=<TaskInstance: openaq_elt_pipeline.dbt_run manual__2025-12-16T22:48:09.580958+00:00 [queued]>
[2025-12-16T22:52:52.762+0000] {taskinstance.py:2076} INFO - Dependencies all met for dep_context=requeueable deps ti=<TaskInstance: openaq_elt_pipeline.dbt_run manual__2025-12-16T22:48:09.580958+00:00 [queued]>
[2025-12-16T22:52:52.763+0000] {taskinstance.py:2306} INFO - Starting attempt 1 of 1
[2025-12-16T22:52:52.770+0000] {taskinstance.py:2330} INFO - Executing <Task(BashOperator): dbt_run> on 2025-12-16 22:48:09.580958+00:00
[2025-12-16T22:52:52.774+0000] {logging_mixin.py:188} WARNING - /home/***/.local/lib/python3.12/site-packages/***/task/task_runner/standard_task_runner.py:62 DeprecationWarning: This process (pid=280) is multi-threaded, use of fork() may lead to deadlocks in the child.
[2025-12-16T22:52:52.774+0000] {standard_task_runner.py:64} INFO - Started process 281 to run task
[2025-12-16T22:52:52.774+0000] {standard_task_runner.py:90} INFO - Running: ['***', 'tasks', 'run', 'openaq_elt_pipeline', 'dbt_run', 'manual__2025-12-16T22:48:09.580958+00:00', '--job-id', '22', '--raw', '--subdir', 'DAGS_FOLDER/openaq_elt_dag.py', '--cfg-path', '/tmp/tmpgjktgp1n']
[2025-12-16T22:52:52.775+0000] {standard_task_runner.py:91} INFO - Job 22: Subtask dbt_run
[2025-12-16T22:52:52.801+0000] {task_command.py:426} INFO - Running <TaskInstance: openaq_elt_pipeline.dbt_run manual__2025-12-16T22:48:09.580958+00:00 [running]> on host 2412a916846f
[2025-12-16T22:52:52.840+0000] {taskinstance.py:2648} INFO - Exporting env vars: AIRFLOW_CTX_DAG_OWNER='***' AIRFLOW_CTX_DAG_ID='openaq_elt_pipeline' AIRFLOW_CTX_TASK_ID='dbt_run' AIRFLOW_CTX_EXECUTION_DATE='2025-12-16T22:48:09.580958+00:00' AIRFLOW_CTX_TRY_NUMBER='1' AIRFLOW_CTX_DAG_RUN_ID='manual__2025-12-16T22:48:09.580958+00:00'
[2025-12-16T22:52:52.841+0000] {taskinstance.py:430} INFO - ::endgroup::
[2025-12-16T22:52:52.848+0000] {subprocess.py:63} INFO - Tmp dir root location: /tmp
[2025-12-16T22:52:52.848+0000] {subprocess.py:75} INFO - Running command: ['/usr/bin/bash', '-c', '\n        cd /opt/project/openaq_dbt &&\n        dbt run\n        ']
[2025-12-16T22:52:52.853+0000] {subprocess.py:86} INFO - Output:
[2025-12-16T22:52:54.131+0000] {subprocess.py:93} INFO - [0m22:52:54  Running with dbt=1.10.16
[2025-12-16T22:52:54.890+0000] {subprocess.py:93} INFO - [0m22:52:54  Registered adapter: bigquery=1.8.3
[2025-12-16T22:52:55.201+0000] {subprocess.py:93} INFO - [0m22:52:55  Found 6 models, 19 data tests, 2 sources, 514 macros
[2025-12-16T22:52:55.203+0000] {subprocess.py:93} INFO - [0m22:52:55
[2025-12-16T22:52:55.203+0000] {subprocess.py:93} INFO - [0m22:52:55  Concurrency: 4 threads (target='dev')
[2025-12-16T22:52:55.203+0000] {subprocess.py:93} INFO - [0m22:52:55
[2025-12-16T22:52:56.124+0000] {subprocess.py:93} INFO - [0m22:52:56  1 of 6 START sql table model openaq_models.my_first_dbt_model .................. [RUN]
[2025-12-16T22:52:56.125+0000] {subprocess.py:93} INFO - [0m22:52:56  2 of 6 START sql view model openaq_models.stg_locations ........................ [RUN]
[2025-12-16T22:52:56.126+0000] {subprocess.py:93} INFO - [0m22:52:56  3 of 6 START sql view model openaq_models.stg_measurements_hours ............... [RUN]
[2025-12-16T22:52:56.907+0000] {subprocess.py:93} INFO - [0m22:52:56  3 of 6 OK created sql view model openaq_models.stg_measurements_hours .......... [[32mCREATE VIEW (0 processed)[0m in 0.78s]
[2025-12-16T22:52:56.928+0000] {subprocess.py:93} INFO - [0m22:52:56  2 of 6 OK created sql view model openaq_models.stg_locations ................... [[32mCREATE VIEW (0 processed)[0m in 0.80s]
[2025-12-16T22:52:56.930+0000] {subprocess.py:93} INFO - [0m22:52:56  4 of 6 START sql table model openaq_models.dim_locations ....................... [RUN]
[2025-12-16T22:52:58.320+0000] {subprocess.py:93} INFO - [0m22:52:58  1 of 6 OK created sql table model openaq_models.my_first_dbt_model ............. [[32mCREATE TABLE (2.0 rows, 0 processed)[0m in 2.19s]
[2025-12-16T22:52:58.322+0000] {subprocess.py:93} INFO - [0m22:52:58  5 of 6 START sql view model openaq_models.my_second_dbt_model .................. [RUN]
[2025-12-16T22:52:59.106+0000] {subprocess.py:93} INFO - [0m22:52:59  5 of 6 OK created sql view model openaq_models.my_second_dbt_model ............. [[32mCREATE VIEW (0 processed)[0m in 0.78s]
[2025-12-16T22:52:59.372+0000] {subprocess.py:93} INFO - [0m22:52:59  4 of 6 OK created sql table model openaq_models.dim_locations .................. [[32mCREATE TABLE (17.9k rows, 1.9 MiB processed)[0m in 2.44s]
[2025-12-16T22:52:59.375+0000] {subprocess.py:93} INFO - [0m22:52:59  6 of 6 START sql table model openaq_models.fact_measurements_hourly ............ [RUN]
[2025-12-16T22:53:02.163+0000] {subprocess.py:93} INFO - [0m22:53:02  6 of 6 OK created sql table model openaq_models.fact_measurements_hourly ....... [[32mCREATE TABLE (39.7k rows, 2.8 MiB processed)[0m in 2.79s]
[2025-12-16T22:53:02.167+0000] {subprocess.py:93} INFO - [0m22:53:02
[2025-12-16T22:53:02.168+0000] {subprocess.py:93} INFO - [0m22:53:02  Finished running 3 table models, 3 view models in 0 hours 0 minutes and 6.96 seconds (6.96s).
[2025-12-16T22:53:02.195+0000] {subprocess.py:93} INFO - [0m22:53:02
[2025-12-16T22:53:02.196+0000] {subprocess.py:93} INFO - [0m22:53:02  [32mCompleted successfully[0m
[2025-12-16T22:53:02.196+0000] {subprocess.py:93} INFO - [0m22:53:02
[2025-12-16T22:53:02.197+0000] {subprocess.py:93} INFO - [0m22:53:02  Done. PASS=6 WARN=0 ERROR=0 SKIP=0 NO-OP=0 TOTAL=6
[2025-12-16T22:53:02.523+0000] {subprocess.py:97} INFO - Command exited with return code 0
[2025-12-16T22:53:02.524+0000] {taskinstance.py:441} INFO - ::group::Post task execution logs
[2025-12-16T22:53:02.540+0000] {taskinstance.py:1206} INFO - Marking task as SUCCESS. dag_id=openaq_elt_pipeline, task_id=dbt_run, run_id=manual__2025-12-16T22:48:09.580958+00:00, execution_date=20251216T224809, start_date=20251216T225252, end_date=20251216T225302
[2025-12-16T22:53:02.559+0000] {local_task_job_runner.py:243} INFO - Task exited with return code 0
[2025-12-16T22:53:02.571+0000] {taskinstance.py:3503} INFO - 1 downstream tasks scheduled from follow-on schedule check
[2025-12-16T22:53:02.572+0000] {local_task_job_runner.py:222} INFO - ::endgroup::
