[2025-12-16T22:52:48.546+0000] {local_task_job_runner.py:120} INFO - ::group::Pre task execution logs
[2025-12-16T22:52:48.571+0000] {taskinstance.py:2076} INFO - Dependencies all met for dep_context=non-requeueable deps ti=<TaskInstance: openaq_elt_pipeline.ingest_measurements manual__2025-12-16T22:51:43.817098+00:00 [queued]>
[2025-12-16T22:52:48.577+0000] {taskinstance.py:2076} INFO - Dependencies all met for dep_context=requeueable deps ti=<TaskInstance: openaq_elt_pipeline.ingest_measurements manual__2025-12-16T22:51:43.817098+00:00 [queued]>
[2025-12-16T22:52:48.577+0000] {taskinstance.py:2306} INFO - Starting attempt 1 of 1
[2025-12-16T22:52:48.584+0000] {taskinstance.py:2330} INFO - Executing <Task(BashOperator): ingest_measurements> on 2025-12-16 22:51:43.817098+00:00
[2025-12-16T22:52:48.588+0000] {logging_mixin.py:188} WARNING - /home/***/.local/lib/python3.12/site-packages/***/task/task_runner/standard_task_runner.py:62 DeprecationWarning: This process (pid=238) is multi-threaded, use of fork() may lead to deadlocks in the child.
[2025-12-16T22:52:48.589+0000] {standard_task_runner.py:64} INFO - Started process 239 to run task
[2025-12-16T22:52:48.588+0000] {standard_task_runner.py:90} INFO - Running: ['***', 'tasks', 'run', 'openaq_elt_pipeline', 'ingest_measurements', 'manual__2025-12-16T22:51:43.817098+00:00', '--job-id', '19', '--raw', '--subdir', 'DAGS_FOLDER/openaq_elt_dag.py', '--cfg-path', '/tmp/tmpycof_nvf']
[2025-12-16T22:52:48.589+0000] {standard_task_runner.py:91} INFO - Job 19: Subtask ingest_measurements
[2025-12-16T22:52:48.614+0000] {task_command.py:426} INFO - Running <TaskInstance: openaq_elt_pipeline.ingest_measurements manual__2025-12-16T22:51:43.817098+00:00 [running]> on host 2412a916846f
[2025-12-16T22:52:48.660+0000] {taskinstance.py:2648} INFO - Exporting env vars: AIRFLOW_CTX_DAG_OWNER='***' AIRFLOW_CTX_DAG_ID='openaq_elt_pipeline' AIRFLOW_CTX_TASK_ID='ingest_measurements' AIRFLOW_CTX_EXECUTION_DATE='2025-12-16T22:51:43.817098+00:00' AIRFLOW_CTX_TRY_NUMBER='1' AIRFLOW_CTX_DAG_RUN_ID='manual__2025-12-16T22:51:43.817098+00:00'
[2025-12-16T22:52:48.661+0000] {taskinstance.py:430} INFO - ::endgroup::
[2025-12-16T22:52:48.671+0000] {subprocess.py:63} INFO - Tmp dir root location: /tmp
[2025-12-16T22:52:48.671+0000] {subprocess.py:75} INFO - Running command: ['/usr/bin/bash', '-c', '\n        cd /opt/project/ingest &&\n        python ingest_measurements.py\n        ']
[2025-12-16T22:52:48.676+0000] {subprocess.py:86} INFO - Output:
[2025-12-16T22:52:50.113+0000] {subprocess.py:93} INFO - Fetching hourly measurements from 2025-12-09T22:52:49Z to 2025-12-16T22:52:49Z ...
[2025-12-16T22:52:50.121+0000] {subprocess.py:93} INFO - Error fetching locations page 1: 429 - {"detail":"Too many requests"}
[2025-12-16T22:52:50.123+0000] {subprocess.py:93} INFO - Total sensors discovered (capped): 0
[2025-12-16T22:52:50.127+0000] {subprocess.py:93} INFO - No sensors discovered, exiting.
[2025-12-16T22:52:50.190+0000] {subprocess.py:97} INFO - Command exited with return code 0
[2025-12-16T22:52:50.191+0000] {taskinstance.py:441} INFO - ::group::Post task execution logs
[2025-12-16T22:52:50.209+0000] {taskinstance.py:1206} INFO - Marking task as SUCCESS. dag_id=openaq_elt_pipeline, task_id=ingest_measurements, run_id=manual__2025-12-16T22:51:43.817098+00:00, execution_date=20251216T225143, start_date=20251216T225248, end_date=20251216T225250
[2025-12-16T22:52:50.246+0000] {local_task_job_runner.py:243} INFO - Task exited with return code 0
[2025-12-16T22:52:50.267+0000] {taskinstance.py:3503} INFO - 1 downstream tasks scheduled from follow-on schedule check
[2025-12-16T22:52:50.268+0000] {local_task_job_runner.py:222} INFO - ::endgroup::
